TpTrace Verbose: 0 : 14752, 1, 2023/08/10, 22:57:23.352, 68451140637, vstest.console.dll, Version: 17.6.0-release-20230405-08 Current process architecture: X64
TpTrace Verbose: 0 : 14752, 1, 2023/08/10, 22:57:23.354, 68451162426, vstest.console.dll, Runtime location: C:\Program Files\dotnet\shared\Microsoft.NETCore.App\7.0.5
TpTrace Verbose: 0 : 14752, 1, 2023/08/10, 22:57:23.358, 68451204004, vstest.console.dll, ArtifactProcessingPostProcessModeProcessorExecutor.Initialize: ArtifactProcessingMode.Collect
TpTrace Verbose: 0 : 14752, 1, 2023/08/10, 22:57:23.359, 68451205865, vstest.console.dll, TestSessionCorrelationIdProcessorModeProcessorExecutor.Initialize: TestSessionCorrelationId '3224_65f982af-f5e7-4138-a90b-f1056f41f39f'
TpTrace Information: 0 : 14752, 1, 2023/08/10, 22:57:23.375, 68451372029, vstest.console.dll, FilePatternParser: The given file C:\Users\Nik\Documents\PetFindMeShop\PetFindMeShop.Tests\bin\Debug\net6.0\fine-code-coverage\build-output\PetFindMeShop.Tests.dll is a full path.
TpTrace Verbose: 0 : 14752, 1, 2023/08/10, 22:57:23.383, 68451452629, vstest.console.dll, TestPluginCache.DiscoverTestExtensions: finding test extensions in assemblies ends with: RuntimeProvider.dll TPluginInfo: Microsoft.VisualStudio.TestPlatform.Common.ExtensionFramework.Utilities.TestRuntimePluginInformation TExtension: Microsoft.VisualStudio.TestPlatform.ObjectModel.Host.ITestRuntimeProvider
TpTrace Verbose: 0 : 14752, 1, 2023/08/10, 22:57:23.384, 68451456918, vstest.console.dll, TestPluginCache.GetExtensionPaths: Filtered extension paths: 
TpTrace Verbose: 0 : 14752, 1, 2023/08/10, 22:57:23.384, 68451457947, vstest.console.dll, TestPluginCache.GetExtensionPaths: Added default extension paths: C:\Program Files\dotnet\sdk\7.0.302\Extensions\Microsoft.Diagnostics.NETCore.Client.dll
C:\Program Files\dotnet\sdk\7.0.302\Extensions\Microsoft.TestPlatform.Extensions.BlameDataCollector.dll
C:\Program Files\dotnet\sdk\7.0.302\Extensions\Microsoft.TestPlatform.Extensions.EventLogCollector.dll
C:\Program Files\dotnet\sdk\7.0.302\Extensions\Microsoft.TestPlatform.TestHostRuntimeProvider.dll
C:\Program Files\dotnet\sdk\7.0.302\Extensions\Microsoft.VisualStudio.TestPlatform.Extensions.Html.TestLogger.dll
C:\Program Files\dotnet\sdk\7.0.302\Extensions\Microsoft.VisualStudio.TestPlatform.Extensions.Trx.TestLogger.dll
TpTrace Verbose: 0 : 14752, 1, 2023/08/10, 22:57:23.384, 68451458393, vstest.console.dll, TestPluginCache.GetExtensionPaths: Added unfilterableExtensionPaths: 
TpTrace Information: 0 : 14752, 1, 2023/08/10, 22:57:23.385, 68451467071, vstest.console.dll, AssemblyResolver.ctor: Creating AssemblyResolver with searchDirectories C:\Program Files\dotnet\sdk\7.0.302\Extensions,C:\Program Files\dotnet\sdk\7.0.302
TpTrace Verbose: 0 : 14752, 1, 2023/08/10, 22:57:23.387, 68451486337, vstest.console.dll, TestPluginCache.DiscoverTestExtensions: Discovering the extensions using extension path.
TpTrace Verbose: 0 : 14752, 1, 2023/08/10, 22:57:23.387, 68451488373, vstest.console.dll, TestPluginCache.GetExtensionPaths: Filtered extension paths: 
TpTrace Verbose: 0 : 14752, 1, 2023/08/10, 22:57:23.387, 68451488988, vstest.console.dll, TestPluginCache.GetExtensionPaths: Added default extension paths: C:\Program Files\dotnet\sdk\7.0.302\Extensions\Microsoft.Diagnostics.NETCore.Client.dll
C:\Program Files\dotnet\sdk\7.0.302\Extensions\Microsoft.TestPlatform.Extensions.BlameDataCollector.dll
C:\Program Files\dotnet\sdk\7.0.302\Extensions\Microsoft.TestPlatform.Extensions.EventLogCollector.dll
C:\Program Files\dotnet\sdk\7.0.302\Extensions\Microsoft.TestPlatform.TestHostRuntimeProvider.dll
C:\Program Files\dotnet\sdk\7.0.302\Extensions\Microsoft.VisualStudio.TestPlatform.Extensions.Html.TestLogger.dll
C:\Program Files\dotnet\sdk\7.0.302\Extensions\Microsoft.VisualStudio.TestPlatform.Extensions.Trx.TestLogger.dll
TpTrace Verbose: 0 : 14752, 1, 2023/08/10, 22:57:23.387, 68451489436, vstest.console.dll, TestPluginCache.GetExtensionPaths: Added unfilterableExtensionPaths: 
TpTrace Verbose: 0 : 14752, 1, 2023/08/10, 22:57:23.387, 68451491304, vstest.console.dll, TestPluginCache.DiscoverTestExtensions: Discovering the extensions using allExtensionPaths: C:\Program Files\dotnet\sdk\7.0.302\Extensions\Microsoft.Diagnostics.NETCore.Client.dll
C:\Program Files\dotnet\sdk\7.0.302\Extensions\Microsoft.TestPlatform.Extensions.BlameDataCollector.dll
C:\Program Files\dotnet\sdk\7.0.302\Extensions\Microsoft.TestPlatform.Extensions.EventLogCollector.dll
C:\Program Files\dotnet\sdk\7.0.302\Extensions\Microsoft.TestPlatform.TestHostRuntimeProvider.dll
C:\Program Files\dotnet\sdk\7.0.302\Extensions\Microsoft.VisualStudio.TestPlatform.Extensions.Html.TestLogger.dll
C:\Program Files\dotnet\sdk\7.0.302\Extensions\Microsoft.VisualStudio.TestPlatform.Extensions.Trx.TestLogger.dll
TpTrace Information: 0 : 14752, 1, 2023/08/10, 22:57:23.387, 68451493669, vstest.console.dll, AssemblyResolver.AddSearchDirectories: Adding more searchDirectories C:\Program Files\dotnet\sdk\7.0.302\Extensions,C:\Program Files\dotnet\sdk\7.0.302
TpTrace Information: 0 : 14752, 1, 2023/08/10, 22:57:23.387, 68451494807, vstest.console.dll, AssemblyResolver.AddSearchDirectories: Adding more searchDirectories C:\Program Files\dotnet\sdk\7.0.302\Extensions,C:\Program Files\dotnet\sdk\7.0.302
TpTrace Information: 0 : 14752, 1, 2023/08/10, 22:57:23.387, 68451495319, vstest.console.dll, AssemblyResolver.AddSearchDirectories: Adding more searchDirectories C:\Program Files\dotnet\sdk\7.0.302\Extensions,C:\Program Files\dotnet\sdk\7.0.302
TpTrace Information: 0 : 14752, 1, 2023/08/10, 22:57:23.388, 68451495709, vstest.console.dll, AssemblyResolver.AddSearchDirectories: Adding more searchDirectories C:\Program Files\dotnet\sdk\7.0.302\Extensions,C:\Program Files\dotnet\sdk\7.0.302
TpTrace Information: 0 : 14752, 1, 2023/08/10, 22:57:23.388, 68451496077, vstest.console.dll, AssemblyResolver.AddSearchDirectories: Adding more searchDirectories C:\Program Files\dotnet\sdk\7.0.302\Extensions,C:\Program Files\dotnet\sdk\7.0.302
TpTrace Information: 0 : 14752, 1, 2023/08/10, 22:57:23.388, 68451496505, vstest.console.dll, AssemblyResolver.AddSearchDirectories: Adding more searchDirectories C:\Program Files\dotnet\sdk\7.0.302\Extensions,C:\Program Files\dotnet\sdk\7.0.302
TpTrace Information: 0 : 14752, 1, 2023/08/10, 22:57:23.388, 68451501875, vstest.console.dll, AssemblyResolver.OnResolve: Microsoft.Diagnostics.NETCore.Client: Resolving assembly.
TpTrace Information: 0 : 14752, 1, 2023/08/10, 22:57:23.388, 68451503043, vstest.console.dll, AssemblyResolver.OnResolve: Microsoft.Diagnostics.NETCore.Client: Searching in: 'C:\Program Files\dotnet\sdk\7.0.302\Extensions'.
TpTrace Information: 0 : 14752, 1, 2023/08/10, 22:57:23.399, 68451613292, vstest.console.dll, AssemblyResolver.OnResolve: Microsoft.Diagnostics.NETCore.Client: Loading assembly 'C:\Program Files\dotnet\sdk\7.0.302\Extensions\Microsoft.Diagnostics.NETCore.Client.dll'.
TpTrace Information: 0 : 14752, 1, 2023/08/10, 22:57:23.400, 68451622966, vstest.console.dll, AssemblyResolver.OnResolve: Resolved assembly: Microsoft.Diagnostics.NETCore.Client, from path: C:\Program Files\dotnet\sdk\7.0.302\Extensions\Microsoft.Diagnostics.NETCore.Client.dll
TpTrace Verbose: 0 : 14752, 1, 2023/08/10, 22:57:23.402, 68451639287, vstest.console.dll, MetadataReaderExtensionsHelper: Discovering extensions inside assembly 'Microsoft.Diagnostics.NETCore.Client, Version=0.2.6.42401, Culture=neutral, PublicKeyToken=31bf3856ad364e35' file path 'C:\Program Files\dotnet\sdk\7.0.302\Extensions\Microsoft.Diagnostics.NETCore.Client.dll'
TpTrace Information: 0 : 14752, 1, 2023/08/10, 22:57:23.408, 68451700339, vstest.console.dll, AssemblyResolver.OnResolve: Microsoft.Bcl.AsyncInterfaces: Resolving assembly.
TpTrace Information: 0 : 14752, 1, 2023/08/10, 22:57:23.408, 68451701637, vstest.console.dll, AssemblyResolver.OnResolve: Microsoft.Bcl.AsyncInterfaces: Searching in: 'C:\Program Files\dotnet\sdk\7.0.302\Extensions'.
TpTrace Information: 0 : 14752, 1, 2023/08/10, 22:57:23.408, 68451702724, vstest.console.dll, AssemblyResolver.OnResolve: Microsoft.Bcl.AsyncInterfaces: Assembly path does not exist: 'C:\Program Files\dotnet\sdk\7.0.302\Extensions\Microsoft.Bcl.AsyncInterfaces.dll', returning.
TpTrace Information: 0 : 14752, 1, 2023/08/10, 22:57:23.409, 68451707563, vstest.console.dll, AssemblyResolver.OnResolve: Microsoft.Bcl.AsyncInterfaces: Assembly path does not exist: 'C:\Program Files\dotnet\sdk\7.0.302\Extensions\Microsoft.Bcl.AsyncInterfaces.exe', returning.
TpTrace Information: 0 : 14752, 1, 2023/08/10, 22:57:23.409, 68451708198, vstest.console.dll, AssemblyResolver.OnResolve: Microsoft.Bcl.AsyncInterfaces: Searching in: 'C:\Program Files\dotnet\sdk\7.0.302'.
TpTrace Information: 0 : 14752, 1, 2023/08/10, 22:57:23.409, 68451709012, vstest.console.dll, AssemblyResolver.OnResolve: Microsoft.Bcl.AsyncInterfaces: Assembly path does not exist: 'C:\Program Files\dotnet\sdk\7.0.302\Microsoft.Bcl.AsyncInterfaces.dll', returning.
TpTrace Information: 0 : 14752, 1, 2023/08/10, 22:57:23.409, 68451709801, vstest.console.dll, AssemblyResolver.OnResolve: Microsoft.Bcl.AsyncInterfaces: Assembly path does not exist: 'C:\Program Files\dotnet\sdk\7.0.302\Microsoft.Bcl.AsyncInterfaces.exe', returning.
TpTrace Information: 0 : 14752, 1, 2023/08/10, 22:57:23.409, 68451710226, vstest.console.dll, AssemblyResolver.OnResolve: Microsoft.Bcl.AsyncInterfaces: Failed to load assembly.
TpTrace Verbose: 0 : 14752, 1, 2023/08/10, 22:57:23.409, 68451710691, vstest.console.dll, CurrentDomainAssemblyResolve: Resolving assembly 'Microsoft.Bcl.AsyncInterfaces'.
TpTrace Information: 0 : 14752, 1, 2023/08/10, 22:57:23.409, 68451711452, vstest.console.dll, AssemblyResolver.OnResolve: Microsoft.Bcl.AsyncInterfaces: Resolving assembly.
TpTrace Information: 0 : 14752, 1, 2023/08/10, 22:57:23.409, 68451711999, vstest.console.dll, AssemblyResolver.OnResolve: Microsoft.Bcl.AsyncInterfaces: Resolved from cache.
TpTrace Verbose: 0 : 14752, 1, 2023/08/10, 22:57:23.409, 68451712356, vstest.console.dll, CurrentDomainAssemblyResolve: Resolving assembly 'Microsoft.Bcl.AsyncInterfaces'.
TpTrace Verbose: 0 : 14752, 1, 2023/08/10, 22:57:23.409, 68451712803, vstest.console.dll, CurrentDomainAssemblyResolve: Failed to resolve assembly 'Microsoft.Bcl.AsyncInterfaces'.
TpTrace Verbose: 0 : 14752, 1, 2023/08/10, 22:57:23.411, 68451726412, vstest.console.dll, CurrentDomainAssemblyResolve: Failed to resolve assembly 'Microsoft.Bcl.AsyncInterfaces'.
TpTrace Warning: 0 : 14752, 1, 2023/08/10, 22:57:23.420, 68451822110, vstest.console.dll, TestPluginDiscoverer: Failed to get types from assembly 'Microsoft.Diagnostics.NETCore.Client, Version=0.2.6.42401, Culture=neutral, PublicKeyToken=31bf3856ad364e35'. Error: System.Reflection.ReflectionTypeLoadException: Unable to load one or more of the requested types.
Could not load file or assembly 'Microsoft.Bcl.AsyncInterfaces, Version=1.0.0.0, Culture=neutral, PublicKeyToken=cc7b13ffcd2ddd51'. The system cannot find the file specified.
   at System.Reflection.RuntimeModule.GetTypes(RuntimeModule module)
   at System.Reflection.Assembly.GetTypes()
   at Microsoft.VisualStudio.TestPlatform.Common.ExtensionFramework.TestPluginDiscoverer.GetTestExtensionsFromAssembly[TPluginInfo,TExtension](Assembly assembly, Dictionary`2 pluginInfos, String filePath)
System.IO.FileNotFoundException: Could not load file or assembly 'Microsoft.Bcl.AsyncInterfaces, Version=1.0.0.0, Culture=neutral, PublicKeyToken=cc7b13ffcd2ddd51'. The system cannot find the file specified.
File name: 'Microsoft.Bcl.AsyncInterfaces, Version=1.0.0.0, Culture=neutral, PublicKeyToken=cc7b13ffcd2ddd51'
 ---> System.IO.FileNotFoundException: Could not load file or assembly 'Microsoft.Bcl.AsyncInterfaces, Culture=neutral, PublicKeyToken=null'. The system cannot find the file specified.
File name: 'Microsoft.Bcl.AsyncInterfaces, Culture=neutral, PublicKeyToken=null'
   at System.Reflection.RuntimeAssembly.InternalLoad(AssemblyName assemblyName, StackCrawlMark& stackMark, AssemblyLoadContext assemblyLoadContext, RuntimeAssembly requestingAssembly, Boolean throwOnFileNotFound)
   at System.Reflection.Assembly.Load(AssemblyName assemblyRef)
   at Microsoft.VisualStudio.TestPlatform.Common.ExtensionFramework.TestPluginCache.CurrentDomainAssemblyResolve(Object sender, AssemblyResolveEventArgs args)
   at System.Runtime.Loader.AssemblyLoadContext.GetFirstResolvedAssemblyFromResolvingEvent(AssemblyName assemblyName)
   at System.Runtime.Loader.AssemblyLoadContext.ResolveUsingEvent(AssemblyName assemblyName)
   at System.Runtime.Loader.AssemblyLoadContext.ResolveUsingResolvingEvent(IntPtr gchManagedAssemblyLoadContext, AssemblyName assemblyName)
TpTrace Warning: 0 : 14752, 1, 2023/08/10, 22:57:23.421, 68451826661, vstest.console.dll, LoaderExceptions: System.IO.FileNotFoundException: Could not load file or assembly 'Microsoft.Bcl.AsyncInterfaces, Version=1.0.0.0, Culture=neutral, PublicKeyToken=cc7b13ffcd2ddd51'. The system cannot find the file specified.
File name: 'Microsoft.Bcl.AsyncInterfaces, Version=1.0.0.0, Culture=neutral, PublicKeyToken=cc7b13ffcd2ddd51'
 ---> System.IO.FileNotFoundException: Could not load file or assembly 'Microsoft.Bcl.AsyncInterfaces, Culture=neutral, PublicKeyToken=null'. The system cannot find the file specified.
File name: 'Microsoft.Bcl.AsyncInterfaces, Culture=neutral, PublicKeyToken=null'
   at System.Reflection.RuntimeAssembly.InternalLoad(AssemblyName assemblyName, StackCrawlMark& stackMark, AssemblyLoadContext assemblyLoadContext, RuntimeAssembly requestingAssembly, Boolean throwOnFileNotFound)
   at System.Reflection.Assembly.Load(AssemblyName assemblyRef)
   at Microsoft.VisualStudio.TestPlatform.Common.ExtensionFramework.TestPluginCache.CurrentDomainAssemblyResolve(Object sender, AssemblyResolveEventArgs args)
   at System.Runtime.Loader.AssemblyLoadContext.GetFirstResolvedAssemblyFromResolvingEvent(AssemblyName assemblyName)
   at System.Runtime.Loader.AssemblyLoadContext.ResolveUsingEvent(AssemblyName assemblyName)
   at System.Runtime.Loader.AssemblyLoadContext.ResolveUsingResolvingEvent(IntPtr gchManagedAssemblyLoadContext, AssemblyName assemblyName)
TpTrace Information: 0 : 14752, 1, 2023/08/10, 22:57:23.421, 68451828834, vstest.console.dll, AssemblyResolver.OnResolve: Microsoft.TestPlatform.Extensions.BlameDataCollector: Resolving assembly.
TpTrace Information: 0 : 14752, 1, 2023/08/10, 22:57:23.421, 68451829661, vstest.console.dll, AssemblyResolver.OnResolve: Microsoft.TestPlatform.Extensions.BlameDataCollector: Searching in: 'C:\Program Files\dotnet\sdk\7.0.302\Extensions'.
TpTrace Information: 0 : 14752, 1, 2023/08/10, 22:57:23.422, 68451837177, vstest.console.dll, AssemblyResolver.OnResolve: Microsoft.TestPlatform.Extensions.BlameDataCollector: Loading assembly 'C:\Program Files\dotnet\sdk\7.0.302\Extensions\Microsoft.TestPlatform.Extensions.BlameDataCollector.dll'.
TpTrace Information: 0 : 14752, 1, 2023/08/10, 22:57:23.422, 68451844765, vstest.console.dll, AssemblyResolver.OnResolve: Resolved assembly: Microsoft.TestPlatform.Extensions.BlameDataCollector, from path: C:\Program Files\dotnet\sdk\7.0.302\Extensions\Microsoft.TestPlatform.Extensions.BlameDataCollector.dll
TpTrace Verbose: 0 : 14752, 1, 2023/08/10, 22:57:23.423, 68451846111, vstest.console.dll, MetadataReaderExtensionsHelper: Discovering extensions inside assembly 'Microsoft.TestPlatform.Extensions.BlameDataCollector, Version=15.0.0.0, Culture=neutral, PublicKeyToken=b03f5f7f11d50a3a' file path 'C:\Program Files\dotnet\sdk\7.0.302\Extensions\Microsoft.TestPlatform.Extensions.BlameDataCollector.dll'
TpTrace Information: 0 : 14752, 1, 2023/08/10, 22:57:23.425, 68451867474, vstest.console.dll, AssemblyResolver.OnResolve: Microsoft.TestPlatform.Extensions.EventLogCollector: Resolving assembly.
TpTrace Information: 0 : 14752, 1, 2023/08/10, 22:57:23.425, 68451868680, vstest.console.dll, AssemblyResolver.OnResolve: Microsoft.TestPlatform.Extensions.EventLogCollector: Searching in: 'C:\Program Files\dotnet\sdk\7.0.302\Extensions'.
TpTrace Information: 0 : 14752, 1, 2023/08/10, 22:57:23.425, 68451874475, vstest.console.dll, AssemblyResolver.OnResolve: Microsoft.TestPlatform.Extensions.EventLogCollector: Loading assembly 'C:\Program Files\dotnet\sdk\7.0.302\Extensions\Microsoft.TestPlatform.Extensions.EventLogCollector.dll'.
TpTrace Information: 0 : 14752, 1, 2023/08/10, 22:57:23.426, 68451880735, vstest.console.dll, AssemblyResolver.OnResolve: Resolved assembly: Microsoft.TestPlatform.Extensions.EventLogCollector, from path: C:\Program Files\dotnet\sdk\7.0.302\Extensions\Microsoft.TestPlatform.Extensions.EventLogCollector.dll
TpTrace Verbose: 0 : 14752, 1, 2023/08/10, 22:57:23.426, 68451881709, vstest.console.dll, MetadataReaderExtensionsHelper: Discovering extensions inside assembly 'Microsoft.TestPlatform.Extensions.EventLogCollector, Version=15.0.0.0, Culture=neutral, PublicKeyToken=b03f5f7f11d50a3a' file path 'C:\Program Files\dotnet\sdk\7.0.302\Extensions\Microsoft.TestPlatform.Extensions.EventLogCollector.dll'
TpTrace Information: 0 : 14752, 1, 2023/08/10, 22:57:23.430, 68451922445, vstest.console.dll, AssemblyResolver.OnResolve: Microsoft.TestPlatform.TestHostRuntimeProvider: Resolving assembly.
TpTrace Information: 0 : 14752, 1, 2023/08/10, 22:57:23.430, 68451923879, vstest.console.dll, AssemblyResolver.OnResolve: Microsoft.TestPlatform.TestHostRuntimeProvider: Searching in: 'C:\Program Files\dotnet\sdk\7.0.302\Extensions'.
TpTrace Information: 0 : 14752, 1, 2023/08/10, 22:57:23.431, 68451931280, vstest.console.dll, AssemblyResolver.OnResolve: Microsoft.TestPlatform.TestHostRuntimeProvider: Loading assembly 'C:\Program Files\dotnet\sdk\7.0.302\Extensions\Microsoft.TestPlatform.TestHostRuntimeProvider.dll'.
TpTrace Information: 0 : 14752, 1, 2023/08/10, 22:57:23.432, 68451937559, vstest.console.dll, AssemblyResolver.OnResolve: Resolved assembly: Microsoft.TestPlatform.TestHostRuntimeProvider, from path: C:\Program Files\dotnet\sdk\7.0.302\Extensions\Microsoft.TestPlatform.TestHostRuntimeProvider.dll
TpTrace Verbose: 0 : 14752, 1, 2023/08/10, 22:57:23.432, 68451938593, vstest.console.dll, MetadataReaderExtensionsHelper: Discovering extensions inside assembly 'Microsoft.TestPlatform.TestHostRuntimeProvider, Version=15.0.0.0, Culture=neutral, PublicKeyToken=b03f5f7f11d50a3a' file path 'C:\Program Files\dotnet\sdk\7.0.302\Extensions\Microsoft.TestPlatform.TestHostRuntimeProvider.dll'
TpTrace Information: 0 : 14752, 1, 2023/08/10, 22:57:23.434, 68451961859, vstest.console.dll, GetTestExtensionFromType: Register extension with identifier data 'HostProvider://DefaultTestHost' and type 'Microsoft.VisualStudio.TestPlatform.CrossPlatEngine.Hosting.DefaultTestHostManager, Microsoft.TestPlatform.TestHostRuntimeProvider, Version=15.0.0.0, Culture=neutral, PublicKeyToken=b03f5f7f11d50a3a' inside file 'C:\Program Files\dotnet\sdk\7.0.302\Extensions\Microsoft.TestPlatform.TestHostRuntimeProvider.dll'
TpTrace Information: 0 : 14752, 1, 2023/08/10, 22:57:23.434, 68451965097, vstest.console.dll, GetTestExtensionFromType: Register extension with identifier data 'HostProvider://DotnetTestHost' and type 'Microsoft.VisualStudio.TestPlatform.CrossPlatEngine.Hosting.DotnetTestHostManager, Microsoft.TestPlatform.TestHostRuntimeProvider, Version=15.0.0.0, Culture=neutral, PublicKeyToken=b03f5f7f11d50a3a' inside file 'C:\Program Files\dotnet\sdk\7.0.302\Extensions\Microsoft.TestPlatform.TestHostRuntimeProvider.dll'
TpTrace Information: 0 : 14752, 1, 2023/08/10, 22:57:23.435, 68451966098, vstest.console.dll, AssemblyResolver.OnResolve: Microsoft.VisualStudio.TestPlatform.Extensions.Html.TestLogger: Resolving assembly.
TpTrace Information: 0 : 14752, 1, 2023/08/10, 22:57:23.435, 68451966678, vstest.console.dll, AssemblyResolver.OnResolve: Microsoft.VisualStudio.TestPlatform.Extensions.Html.TestLogger: Searching in: 'C:\Program Files\dotnet\sdk\7.0.302\Extensions'.
TpTrace Information: 0 : 14752, 1, 2023/08/10, 22:57:23.435, 68451972865, vstest.console.dll, AssemblyResolver.OnResolve: Microsoft.VisualStudio.TestPlatform.Extensions.Html.TestLogger: Loading assembly 'C:\Program Files\dotnet\sdk\7.0.302\Extensions\Microsoft.VisualStudio.TestPlatform.Extensions.Html.TestLogger.dll'.
TpTrace Information: 0 : 14752, 1, 2023/08/10, 22:57:23.436, 68451978788, vstest.console.dll, AssemblyResolver.OnResolve: Resolved assembly: Microsoft.VisualStudio.TestPlatform.Extensions.Html.TestLogger, from path: C:\Program Files\dotnet\sdk\7.0.302\Extensions\Microsoft.VisualStudio.TestPlatform.Extensions.Html.TestLogger.dll
TpTrace Verbose: 0 : 14752, 1, 2023/08/10, 22:57:23.436, 68451979989, vstest.console.dll, MetadataReaderExtensionsHelper: Discovering extensions inside assembly 'Microsoft.VisualStudio.TestPlatform.Extensions.Html.TestLogger, Version=15.0.0.0, Culture=neutral, PublicKeyToken=b03f5f7f11d50a3a' file path 'C:\Program Files\dotnet\sdk\7.0.302\Extensions\Microsoft.VisualStudio.TestPlatform.Extensions.Html.TestLogger.dll'
TpTrace Information: 0 : 14752, 1, 2023/08/10, 22:57:23.437, 68451992360, vstest.console.dll, AssemblyResolver.OnResolve: Microsoft.VisualStudio.TestPlatform.Extensions.Trx.TestLogger: Resolving assembly.
TpTrace Information: 0 : 14752, 1, 2023/08/10, 22:57:23.437, 68451993507, vstest.console.dll, AssemblyResolver.OnResolve: Microsoft.VisualStudio.TestPlatform.Extensions.Trx.TestLogger: Searching in: 'C:\Program Files\dotnet\sdk\7.0.302\Extensions'.
TpTrace Information: 0 : 14752, 1, 2023/08/10, 22:57:23.438, 68451999176, vstest.console.dll, AssemblyResolver.OnResolve: Microsoft.VisualStudio.TestPlatform.Extensions.Trx.TestLogger: Loading assembly 'C:\Program Files\dotnet\sdk\7.0.302\Extensions\Microsoft.VisualStudio.TestPlatform.Extensions.Trx.TestLogger.dll'.
TpTrace Information: 0 : 14752, 1, 2023/08/10, 22:57:23.439, 68452005670, vstest.console.dll, AssemblyResolver.OnResolve: Resolved assembly: Microsoft.VisualStudio.TestPlatform.Extensions.Trx.TestLogger, from path: C:\Program Files\dotnet\sdk\7.0.302\Extensions\Microsoft.VisualStudio.TestPlatform.Extensions.Trx.TestLogger.dll
TpTrace Verbose: 0 : 14752, 1, 2023/08/10, 22:57:23.439, 68452006693, vstest.console.dll, MetadataReaderExtensionsHelper: Discovering extensions inside assembly 'Microsoft.VisualStudio.TestPlatform.Extensions.Trx.TestLogger, Version=15.0.0.0, Culture=neutral, PublicKeyToken=b03f5f7f11d50a3a' file path 'C:\Program Files\dotnet\sdk\7.0.302\Extensions\Microsoft.VisualStudio.TestPlatform.Extensions.Trx.TestLogger.dll'
TpTrace Verbose: 0 : 14752, 1, 2023/08/10, 22:57:23.440, 68452022509, vstest.console.dll, TestPluginCache: Discovered the extensions using extension path ''.
TpTrace Verbose: 0 : 14752, 1, 2023/08/10, 22:57:23.440, 68452023675, vstest.console.dll, TestPluginCache: Discoverers are ''.
TpTrace Verbose: 0 : 14752, 1, 2023/08/10, 22:57:23.440, 68452024035, vstest.console.dll, TestPluginCache: Executors are ''.
TpTrace Verbose: 0 : 14752, 1, 2023/08/10, 22:57:23.440, 68452024331, vstest.console.dll, TestPluginCache: Executors2 are ''.
TpTrace Verbose: 0 : 14752, 1, 2023/08/10, 22:57:23.440, 68452024611, vstest.console.dll, TestPluginCache: Setting providers are ''.
TpTrace Verbose: 0 : 14752, 1, 2023/08/10, 22:57:23.440, 68452024889, vstest.console.dll, TestPluginCache: Loggers are ''.
TpTrace Verbose: 0 : 14752, 1, 2023/08/10, 22:57:23.441, 68452026577, vstest.console.dll, TestPluginCache: TestHosts are 'HostProvider://DefaultTestHost,HostProvider://DotnetTestHost'.
TpTrace Verbose: 0 : 14752, 1, 2023/08/10, 22:57:23.441, 68452027035, vstest.console.dll, TestPluginCache: DataCollectors are ''.
TpTrace Information: 0 : 14752, 1, 2023/08/10, 22:57:23.454, 68452162168, vstest.console.dll, RunTestsArgumentProcessor:Execute: Test run is starting.
TpTrace Verbose: 0 : 14752, 1, 2023/08/10, 22:57:23.454, 68452163236, vstest.console.dll, RunTestsArgumentProcessor:Execute: Queuing Test run.
TpTrace Information: 0 : 14752, 1, 2023/08/10, 22:57:23.455, 68452166075, vstest.console.dll, TestRequestManager.RunTests: run tests started.
TpTrace Information: 0 : 14752, 1, 2023/08/10, 22:57:23.456, 68452182874, vstest.console.dll, AssemblyMetadataProvider.GetFrameworkName: Determined framework:'.NETCoreApp,Version=v6.0' for source: 'C:\Users\Nik\Documents\PetFindMeShop\PetFindMeShop.Tests\bin\Debug\net6.0\fine-code-coverage\build-output\PetFindMeShop.Tests.dll'
TpTrace Information: 0 : 14752, 1, 2023/08/10, 22:57:23.456, 68452185280, vstest.console.dll, Determined framework for all sources: .NETCoreApp,Version=v6.0
TpTrace Verbose: 0 : 14752, 1, 2023/08/10, 22:57:23.457, 68452190261, vstest.console.dll, TestRequestManager.UpdateRunSettingsIfRequired: Default architecture: X64 IsDefaultTargetArchitecture: True, Current process architecture: X64 OperatingSystem: Windows.
TpTrace Information: 0 : 14752, 1, 2023/08/10, 22:57:23.459, 68452211408, vstest.console.dll, AssemblyMetadataProvider.GetArchitecture: Determined architecture:AnyCPU info for assembly: C:\Users\Nik\Documents\PetFindMeShop\PetFindMeShop.Tests\bin\Debug\net6.0\fine-code-coverage\build-output\PetFindMeShop.Tests.dll
TpTrace Information: 0 : 14752, 1, 2023/08/10, 22:57:23.459, 68452212334, vstest.console.dll, Determined platform for source 'C:\Users\Nik\Documents\PetFindMeShop\PetFindMeShop.Tests\bin\Debug\net6.0\fine-code-coverage\build-output\PetFindMeShop.Tests.dll' was AnyCPU and it will use the default plaform X64.
TpTrace Information: 0 : 14752, 1, 2023/08/10, 22:57:23.459, 68452212719, vstest.console.dll, None of the sources provided any runnable platform, using the default platform: X64
TpTrace Information: 0 : 14752, 1, 2023/08/10, 22:57:23.459, 68452213841, vstest.console.dll, Platform was updated to 'X64'.
TpTrace Information: 0 : 14752, 1, 2023/08/10, 22:57:23.464, 68452265256, vstest.console.dll, InferRunSettingsHelper.IsTestSettingsEnabled: Unable to navigate to RunSettings/MSTest. Current node: RunSettings
TpTrace Information: 0 : 14752, 1, 2023/08/10, 22:57:23.465, 68452273474, vstest.console.dll, AssemblyResolver.OnResolve: Microsoft.VisualStudio.TestPlatform.Fakes: Resolving assembly.
TpTrace Information: 0 : 14752, 1, 2023/08/10, 22:57:23.465, 68452274441, vstest.console.dll, AssemblyResolver.OnResolve: Microsoft.VisualStudio.TestPlatform.Fakes: Searching in: 'C:\Program Files\dotnet\sdk\7.0.302\Extensions'.
TpTrace Information: 0 : 14752, 1, 2023/08/10, 22:57:23.466, 68452275673, vstest.console.dll, AssemblyResolver.OnResolve: Microsoft.VisualStudio.TestPlatform.Fakes: Assembly path does not exist: 'C:\Program Files\dotnet\sdk\7.0.302\Extensions\Microsoft.VisualStudio.TestPlatform.Fakes.dll', returning.
TpTrace Information: 0 : 14752, 1, 2023/08/10, 22:57:23.466, 68452276425, vstest.console.dll, AssemblyResolver.OnResolve: Microsoft.VisualStudio.TestPlatform.Fakes: Assembly path does not exist: 'C:\Program Files\dotnet\sdk\7.0.302\Extensions\Microsoft.VisualStudio.TestPlatform.Fakes.exe', returning.
TpTrace Information: 0 : 14752, 1, 2023/08/10, 22:57:23.466, 68452276862, vstest.console.dll, AssemblyResolver.OnResolve: Microsoft.VisualStudio.TestPlatform.Fakes: Searching in: 'C:\Program Files\dotnet\sdk\7.0.302'.
TpTrace Information: 0 : 14752, 1, 2023/08/10, 22:57:23.466, 68452277572, vstest.console.dll, AssemblyResolver.OnResolve: Microsoft.VisualStudio.TestPlatform.Fakes: Assembly path does not exist: 'C:\Program Files\dotnet\sdk\7.0.302\Microsoft.VisualStudio.TestPlatform.Fakes.dll', returning.
TpTrace Information: 0 : 14752, 1, 2023/08/10, 22:57:23.466, 68452278261, vstest.console.dll, AssemblyResolver.OnResolve: Microsoft.VisualStudio.TestPlatform.Fakes: Assembly path does not exist: 'C:\Program Files\dotnet\sdk\7.0.302\Microsoft.VisualStudio.TestPlatform.Fakes.exe', returning.
TpTrace Information: 0 : 14752, 1, 2023/08/10, 22:57:23.466, 68452278619, vstest.console.dll, AssemblyResolver.OnResolve: Microsoft.VisualStudio.TestPlatform.Fakes: Failed to load assembly.
TpTrace Information: 0 : 14752, 1, 2023/08/10, 22:57:23.466, 68452281625, vstest.console.dll, Failed to load assembly Microsoft.VisualStudio.TestPlatform.Fakes, Version=17.0.0.0, Culture=neutral. Reason:System.IO.FileNotFoundException: Could not load file or assembly 'Microsoft.VisualStudio.TestPlatform.Fakes, Version=17.0.0.0, Culture=neutral, PublicKeyToken=null'. The system cannot find the file specified.
File name: 'Microsoft.VisualStudio.TestPlatform.Fakes, Version=17.0.0.0, Culture=neutral, PublicKeyToken=null'
   at System.Reflection.RuntimeAssembly.InternalLoad(AssemblyName assemblyName, StackCrawlMark& stackMark, AssemblyLoadContext assemblyLoadContext, RuntimeAssembly requestingAssembly, Boolean throwOnFileNotFound)
   at System.Reflection.Assembly.Load(AssemblyName assemblyRef)
   at Microsoft.VisualStudio.TestPlatform.Common.Utilities.FakesUtilities.LoadTestPlatformAssembly()
TpTrace Verbose: 0 : 14752, 1, 2023/08/10, 22:57:23.472, 68452338498, vstest.console.dll, TestPluginCache.DiscoverTestExtensions: finding test extensions in assemblies ends with: TestLogger.dll TPluginInfo: Microsoft.VisualStudio.TestPlatform.Common.ExtensionFramework.Utilities.TestLoggerPluginInformation TExtension: Microsoft.VisualStudio.TestPlatform.ObjectModel.Client.ITestLogger
TpTrace Verbose: 0 : 14752, 1, 2023/08/10, 22:57:23.472, 68452340055, vstest.console.dll, TestPluginCache.GetExtensionPaths: Filtered extension paths: 
TpTrace Verbose: 0 : 14752, 1, 2023/08/10, 22:57:23.472, 68452340617, vstest.console.dll, TestPluginCache.GetExtensionPaths: Added default extension paths: C:\Program Files\dotnet\sdk\7.0.302\Extensions\Microsoft.Diagnostics.NETCore.Client.dll
C:\Program Files\dotnet\sdk\7.0.302\Extensions\Microsoft.TestPlatform.Extensions.BlameDataCollector.dll
C:\Program Files\dotnet\sdk\7.0.302\Extensions\Microsoft.TestPlatform.Extensions.EventLogCollector.dll
C:\Program Files\dotnet\sdk\7.0.302\Extensions\Microsoft.TestPlatform.TestHostRuntimeProvider.dll
C:\Program Files\dotnet\sdk\7.0.302\Extensions\Microsoft.VisualStudio.TestPlatform.Extensions.Html.TestLogger.dll
C:\Program Files\dotnet\sdk\7.0.302\Extensions\Microsoft.VisualStudio.TestPlatform.Extensions.Trx.TestLogger.dll
TpTrace Verbose: 0 : 14752, 1, 2023/08/10, 22:57:23.472, 68452341122, vstest.console.dll, TestPluginCache.GetExtensionPaths: Added unfilterableExtensionPaths: 
TpTrace Information: 0 : 14752, 1, 2023/08/10, 22:57:23.472, 68452342720, vstest.console.dll, AssemblyResolver.AddSearchDirectories: Adding more searchDirectories C:\Program Files\dotnet\sdk\7.0.302\Extensions,C:\Program Files\dotnet\sdk\7.0.302
TpTrace Verbose: 0 : 14752, 1, 2023/08/10, 22:57:23.472, 68452343258, vstest.console.dll, TestPluginCache.DiscoverTestExtensions: Discovering the extensions using extension path.
TpTrace Verbose: 0 : 14752, 1, 2023/08/10, 22:57:23.472, 68452343660, vstest.console.dll, TestPluginCache.GetExtensionPaths: Filtered extension paths: 
TpTrace Verbose: 0 : 14752, 1, 2023/08/10, 22:57:23.472, 68452343995, vstest.console.dll, TestPluginCache.GetExtensionPaths: Added default extension paths: C:\Program Files\dotnet\sdk\7.0.302\Extensions\Microsoft.Diagnostics.NETCore.Client.dll
C:\Program Files\dotnet\sdk\7.0.302\Extensions\Microsoft.TestPlatform.Extensions.BlameDataCollector.dll
C:\Program Files\dotnet\sdk\7.0.302\Extensions\Microsoft.TestPlatform.Extensions.EventLogCollector.dll
C:\Program Files\dotnet\sdk\7.0.302\Extensions\Microsoft.TestPlatform.TestHostRuntimeProvider.dll
C:\Program Files\dotnet\sdk\7.0.302\Extensions\Microsoft.VisualStudio.TestPlatform.Extensions.Html.TestLogger.dll
C:\Program Files\dotnet\sdk\7.0.302\Extensions\Microsoft.VisualStudio.TestPlatform.Extensions.Trx.TestLogger.dll
TpTrace Verbose: 0 : 14752, 1, 2023/08/10, 22:57:23.472, 68452344331, vstest.console.dll, TestPluginCache.GetExtensionPaths: Added unfilterableExtensionPaths: 
TpTrace Verbose: 0 : 14752, 1, 2023/08/10, 22:57:23.472, 68452344663, vstest.console.dll, TestPluginCache.DiscoverTestExtensions: Discovering the extensions using allExtensionPaths: C:\Program Files\dotnet\sdk\7.0.302\Extensions\Microsoft.Diagnostics.NETCore.Client.dll
C:\Program Files\dotnet\sdk\7.0.302\Extensions\Microsoft.TestPlatform.Extensions.BlameDataCollector.dll
C:\Program Files\dotnet\sdk\7.0.302\Extensions\Microsoft.TestPlatform.Extensions.EventLogCollector.dll
C:\Program Files\dotnet\sdk\7.0.302\Extensions\Microsoft.TestPlatform.TestHostRuntimeProvider.dll
C:\Program Files\dotnet\sdk\7.0.302\Extensions\Microsoft.VisualStudio.TestPlatform.Extensions.Html.TestLogger.dll
C:\Program Files\dotnet\sdk\7.0.302\Extensions\Microsoft.VisualStudio.TestPlatform.Extensions.Trx.TestLogger.dll
TpTrace Information: 0 : 14752, 1, 2023/08/10, 22:57:23.473, 68452345758, vstest.console.dll, AssemblyResolver.AddSearchDirectories: Adding more searchDirectories C:\Program Files\dotnet\sdk\7.0.302\Extensions,C:\Program Files\dotnet\sdk\7.0.302
TpTrace Information: 0 : 14752, 1, 2023/08/10, 22:57:23.473, 68452346258, vstest.console.dll, AssemblyResolver.AddSearchDirectories: Adding more searchDirectories C:\Program Files\dotnet\sdk\7.0.302\Extensions,C:\Program Files\dotnet\sdk\7.0.302
TpTrace Information: 0 : 14752, 1, 2023/08/10, 22:57:23.473, 68452346654, vstest.console.dll, AssemblyResolver.AddSearchDirectories: Adding more searchDirectories C:\Program Files\dotnet\sdk\7.0.302\Extensions,C:\Program Files\dotnet\sdk\7.0.302
TpTrace Information: 0 : 14752, 1, 2023/08/10, 22:57:23.473, 68452347021, vstest.console.dll, AssemblyResolver.AddSearchDirectories: Adding more searchDirectories C:\Program Files\dotnet\sdk\7.0.302\Extensions,C:\Program Files\dotnet\sdk\7.0.302
TpTrace Information: 0 : 14752, 1, 2023/08/10, 22:57:23.473, 68452347375, vstest.console.dll, AssemblyResolver.AddSearchDirectories: Adding more searchDirectories C:\Program Files\dotnet\sdk\7.0.302\Extensions,C:\Program Files\dotnet\sdk\7.0.302
TpTrace Information: 0 : 14752, 1, 2023/08/10, 22:57:23.473, 68452347729, vstest.console.dll, AssemblyResolver.AddSearchDirectories: Adding more searchDirectories C:\Program Files\dotnet\sdk\7.0.302\Extensions,C:\Program Files\dotnet\sdk\7.0.302
TpTrace Verbose: 0 : 14752, 1, 2023/08/10, 22:57:23.473, 68452349140, vstest.console.dll, MetadataReaderExtensionsHelper: Discovering extensions inside assembly 'Microsoft.Diagnostics.NETCore.Client, Version=0.2.6.42401, Culture=neutral, PublicKeyToken=31bf3856ad364e35' file path 'C:\Program Files\dotnet\sdk\7.0.302\Extensions\Microsoft.Diagnostics.NETCore.Client.dll'
TpTrace Information: 0 : 14752, 1, 2023/08/10, 22:57:23.474, 68452356846, vstest.console.dll, AssemblyResolver.OnResolve: Microsoft.Bcl.AsyncInterfaces: Resolving assembly.
TpTrace Information: 0 : 14752, 1, 2023/08/10, 22:57:23.474, 68452357570, vstest.console.dll, AssemblyResolver.OnResolve: Microsoft.Bcl.AsyncInterfaces: Resolved from cache.
TpTrace Verbose: 0 : 14752, 1, 2023/08/10, 22:57:23.474, 68452357913, vstest.console.dll, CurrentDomainAssemblyResolve: Resolving assembly 'Microsoft.Bcl.AsyncInterfaces'.
TpTrace Information: 0 : 14752, 1, 2023/08/10, 22:57:23.474, 68452358449, vstest.console.dll, AssemblyResolver.OnResolve: Microsoft.Bcl.AsyncInterfaces: Resolving assembly.
TpTrace Information: 0 : 14752, 1, 2023/08/10, 22:57:23.474, 68452358802, vstest.console.dll, AssemblyResolver.OnResolve: Microsoft.Bcl.AsyncInterfaces: Resolved from cache.
TpTrace Verbose: 0 : 14752, 1, 2023/08/10, 22:57:23.474, 68452359106, vstest.console.dll, CurrentDomainAssemblyResolve: Resolving assembly 'Microsoft.Bcl.AsyncInterfaces'.
TpTrace Verbose: 0 : 14752, 1, 2023/08/10, 22:57:23.474, 68452359468, vstest.console.dll, CurrentDomainAssemblyResolve: Failed to resolve assembly 'Microsoft.Bcl.AsyncInterfaces'.
TpTrace Verbose: 0 : 14752, 1, 2023/08/10, 22:57:23.474, 68452361179, vstest.console.dll, CurrentDomainAssemblyResolve: Failed to resolve assembly 'Microsoft.Bcl.AsyncInterfaces'.
TpTrace Warning: 0 : 14752, 1, 2023/08/10, 22:57:23.474, 68452365312, vstest.console.dll, TestPluginDiscoverer: Failed to get types from assembly 'Microsoft.Diagnostics.NETCore.Client, Version=0.2.6.42401, Culture=neutral, PublicKeyToken=31bf3856ad364e35'. Error: System.Reflection.ReflectionTypeLoadException: Unable to load one or more of the requested types.
Could not load file or assembly 'Microsoft.Bcl.AsyncInterfaces, Version=1.0.0.0, Culture=neutral, PublicKeyToken=cc7b13ffcd2ddd51'. The system cannot find the file specified.
   at System.Reflection.RuntimeModule.GetTypes(RuntimeModule module)
   at System.Reflection.Assembly.GetTypes()
   at Microsoft.VisualStudio.TestPlatform.Common.ExtensionFramework.TestPluginDiscoverer.GetTestExtensionsFromAssembly[TPluginInfo,TExtension](Assembly assembly, Dictionary`2 pluginInfos, String filePath)
System.IO.FileNotFoundException: Could not load file or assembly 'Microsoft.Bcl.AsyncInterfaces, Version=1.0.0.0, Culture=neutral, PublicKeyToken=cc7b13ffcd2ddd51'. The system cannot find the file specified.
File name: 'Microsoft.Bcl.AsyncInterfaces, Version=1.0.0.0, Culture=neutral, PublicKeyToken=cc7b13ffcd2ddd51'
 ---> System.IO.FileNotFoundException: Could not load file or assembly 'Microsoft.Bcl.AsyncInterfaces, Culture=neutral, PublicKeyToken=null'. The system cannot find the file specified.
File name: 'Microsoft.Bcl.AsyncInterfaces, Culture=neutral, PublicKeyToken=null'
   at System.Reflection.RuntimeAssembly.InternalLoad(AssemblyName assemblyName, StackCrawlMark& stackMark, AssemblyLoadContext assemblyLoadContext, RuntimeAssembly requestingAssembly, Boolean throwOnFileNotFound)
   at System.Reflection.Assembly.Load(AssemblyName assemblyRef)
   at Microsoft.VisualStudio.TestPlatform.Common.ExtensionFramework.TestPluginCache.CurrentDomainAssemblyResolve(Object sender, AssemblyResolveEventArgs args)
   at System.Runtime.Loader.AssemblyLoadContext.GetFirstResolvedAssemblyFromResolvingEvent(AssemblyName assemblyName)
   at System.Runtime.Loader.AssemblyLoadContext.ResolveUsingEvent(AssemblyName assemblyName)
   at System.Runtime.Loader.AssemblyLoadContext.ResolveUsingResolvingEvent(IntPtr gchManagedAssemblyLoadContext, AssemblyName assemblyName)
TpTrace Warning: 0 : 14752, 1, 2023/08/10, 22:57:23.475, 68452367474, vstest.console.dll, LoaderExceptions: System.IO.FileNotFoundException: Could not load file or assembly 'Microsoft.Bcl.AsyncInterfaces, Version=1.0.0.0, Culture=neutral, PublicKeyToken=cc7b13ffcd2ddd51'. The system cannot find the file specified.
File name: 'Microsoft.Bcl.AsyncInterfaces, Version=1.0.0.0, Culture=neutral, PublicKeyToken=cc7b13ffcd2ddd51'
 ---> System.IO.FileNotFoundException: Could not load file or assembly 'Microsoft.Bcl.AsyncInterfaces, Culture=neutral, PublicKeyToken=null'. The system cannot find the file specified.
File name: 'Microsoft.Bcl.AsyncInterfaces, Culture=neutral, PublicKeyToken=null'
   at System.Reflection.RuntimeAssembly.InternalLoad(AssemblyName assemblyName, StackCrawlMark& stackMark, AssemblyLoadContext assemblyLoadContext, RuntimeAssembly requestingAssembly, Boolean throwOnFileNotFound)
   at System.Reflection.Assembly.Load(AssemblyName assemblyRef)
   at Microsoft.VisualStudio.TestPlatform.Common.ExtensionFramework.TestPluginCache.CurrentDomainAssemblyResolve(Object sender, AssemblyResolveEventArgs args)
   at System.Runtime.Loader.AssemblyLoadContext.GetFirstResolvedAssemblyFromResolvingEvent(AssemblyName assemblyName)
   at System.Runtime.Loader.AssemblyLoadContext.ResolveUsingEvent(AssemblyName assemblyName)
   at System.Runtime.Loader.AssemblyLoadContext.ResolveUsingResolvingEvent(IntPtr gchManagedAssemblyLoadContext, AssemblyName assemblyName)
TpTrace Verbose: 0 : 14752, 1, 2023/08/10, 22:57:23.475, 68452368458, vstest.console.dll, MetadataReaderExtensionsHelper: Discovering extensions inside assembly 'Microsoft.TestPlatform.Extensions.BlameDataCollector, Version=15.0.0.0, Culture=neutral, PublicKeyToken=b03f5f7f11d50a3a' file path 'C:\Program Files\dotnet\sdk\7.0.302\Extensions\Microsoft.TestPlatform.Extensions.BlameDataCollector.dll'
TpTrace Information: 0 : 14752, 1, 2023/08/10, 22:57:23.476, 68452375968, vstest.console.dll, GetTestExtensionFromType: Register extension with identifier data 'logger://Microsoft/TestPlatform/Extensions/Blame/v1' and type 'Microsoft.TestPlatform.Extensions.BlameDataCollector.BlameLogger, Microsoft.TestPlatform.Extensions.BlameDataCollector, Version=15.0.0.0, Culture=neutral, PublicKeyToken=b03f5f7f11d50a3a' inside file 'C:\Program Files\dotnet\sdk\7.0.302\Extensions\Microsoft.TestPlatform.Extensions.BlameDataCollector.dll'
TpTrace Verbose: 0 : 14752, 1, 2023/08/10, 22:57:23.476, 68452376870, vstest.console.dll, MetadataReaderExtensionsHelper: Discovering extensions inside assembly 'Microsoft.TestPlatform.Extensions.EventLogCollector, Version=15.0.0.0, Culture=neutral, PublicKeyToken=b03f5f7f11d50a3a' file path 'C:\Program Files\dotnet\sdk\7.0.302\Extensions\Microsoft.TestPlatform.Extensions.EventLogCollector.dll'
TpTrace Verbose: 0 : 14752, 1, 2023/08/10, 22:57:23.476, 68452382967, vstest.console.dll, MetadataReaderExtensionsHelper: Discovering extensions inside assembly 'Microsoft.TestPlatform.TestHostRuntimeProvider, Version=15.0.0.0, Culture=neutral, PublicKeyToken=b03f5f7f11d50a3a' file path 'C:\Program Files\dotnet\sdk\7.0.302\Extensions\Microsoft.TestPlatform.TestHostRuntimeProvider.dll'
TpTrace Verbose: 0 : 14752, 1, 2023/08/10, 22:57:23.478, 68452395843, vstest.console.dll, MetadataReaderExtensionsHelper: Discovering extensions inside assembly 'Microsoft.VisualStudio.TestPlatform.Extensions.Html.TestLogger, Version=15.0.0.0, Culture=neutral, PublicKeyToken=b03f5f7f11d50a3a' file path 'C:\Program Files\dotnet\sdk\7.0.302\Extensions\Microsoft.VisualStudio.TestPlatform.Extensions.Html.TestLogger.dll'
TpTrace Information: 0 : 14752, 1, 2023/08/10, 22:57:23.479, 68452413060, vstest.console.dll, GetTestExtensionFromType: Register extension with identifier data 'logger://Microsoft/TestPlatform/HtmlLogger/v1' and type 'Microsoft.VisualStudio.TestPlatform.Extensions.HtmlLogger.HtmlLogger, Microsoft.VisualStudio.TestPlatform.Extensions.Html.TestLogger, Version=15.0.0.0, Culture=neutral, PublicKeyToken=b03f5f7f11d50a3a' inside file 'C:\Program Files\dotnet\sdk\7.0.302\Extensions\Microsoft.VisualStudio.TestPlatform.Extensions.Html.TestLogger.dll'
TpTrace Verbose: 0 : 14752, 1, 2023/08/10, 22:57:23.479, 68452414795, vstest.console.dll, MetadataReaderExtensionsHelper: Discovering extensions inside assembly 'Microsoft.VisualStudio.TestPlatform.Extensions.Trx.TestLogger, Version=15.0.0.0, Culture=neutral, PublicKeyToken=b03f5f7f11d50a3a' file path 'C:\Program Files\dotnet\sdk\7.0.302\Extensions\Microsoft.VisualStudio.TestPlatform.Extensions.Trx.TestLogger.dll'
TpTrace Information: 0 : 14752, 1, 2023/08/10, 22:57:23.481, 68452426832, vstest.console.dll, GetTestExtensionFromType: Register extension with identifier data 'logger://Microsoft/TestPlatform/TrxLogger/v1' and type 'Microsoft.VisualStudio.TestPlatform.Extensions.TrxLogger.TrxLogger, Microsoft.VisualStudio.TestPlatform.Extensions.Trx.TestLogger, Version=15.0.0.0, Culture=neutral, PublicKeyToken=b03f5f7f11d50a3a' inside file 'C:\Program Files\dotnet\sdk\7.0.302\Extensions\Microsoft.VisualStudio.TestPlatform.Extensions.Trx.TestLogger.dll'
TpTrace Verbose: 0 : 14752, 1, 2023/08/10, 22:57:23.481, 68452429014, vstest.console.dll, TestPluginCache: Discovered the extensions using extension path ''.
TpTrace Verbose: 0 : 14752, 1, 2023/08/10, 22:57:23.481, 68452430101, vstest.console.dll, TestPluginCache: Discoverers are ''.
TpTrace Verbose: 0 : 14752, 1, 2023/08/10, 22:57:23.481, 68452430688, vstest.console.dll, TestPluginCache: Executors are ''.
TpTrace Verbose: 0 : 14752, 1, 2023/08/10, 22:57:23.481, 68452431282, vstest.console.dll, TestPluginCache: Executors2 are ''.
TpTrace Verbose: 0 : 14752, 1, 2023/08/10, 22:57:23.481, 68452431779, vstest.console.dll, TestPluginCache: Setting providers are ''.
TpTrace Verbose: 0 : 14752, 1, 2023/08/10, 22:57:23.481, 68452433164, vstest.console.dll, TestPluginCache: Loggers are 'logger://Microsoft/TestPlatform/Extensions/Blame/v1,logger://Microsoft/TestPlatform/HtmlLogger/v1,logger://Microsoft/TestPlatform/TrxLogger/v1'.
TpTrace Verbose: 0 : 14752, 1, 2023/08/10, 22:57:23.481, 68452434048, vstest.console.dll, TestPluginCache: TestHosts are 'HostProvider://DefaultTestHost,HostProvider://DotnetTestHost'.
TpTrace Verbose: 0 : 14752, 1, 2023/08/10, 22:57:23.481, 68452434624, vstest.console.dll, TestPluginCache: DataCollectors are ''.
TpTrace Information: 0 : 14752, 1, 2023/08/10, 22:57:23.483, 68452452066, vstest.console.dll, TestPluginManager.CreateTestExtension: Attempting to load test extension: Microsoft.TestPlatform.Extensions.BlameDataCollector.BlameLogger
TpTrace Verbose: 0 : 14752, 1, 2023/08/10, 22:57:23.497, 68452585851, vstest.console.dll, TestEngine: Initializing Parallel Execution as MaxCpuCount is set to: 1
TpTrace Information: 0 : 14752, 1, 2023/08/10, 22:57:23.499, 68452608039, vstest.console.dll, TestPluginManager.CreateTestExtension: Attempting to load test extension: Microsoft.VisualStudio.TestPlatform.CrossPlatEngine.Hosting.DefaultTestHostManager
TpTrace Information: 0 : 14752, 1, 2023/08/10, 22:57:23.501, 68452625940, vstest.console.dll, TestPluginManager.CreateTestExtension: Attempting to load test extension: Microsoft.VisualStudio.TestPlatform.CrossPlatEngine.Hosting.DotnetTestHostManager
TpTrace Information: 0 : 14752, 1, 2023/08/10, 22:57:23.502, 68452636032, vstest.console.dll, InferRunSettingsHelper.IsTestSettingsEnabled: Unable to navigate to RunSettings/MSTest. Current node: RunSettings
TpTrace Verbose: 0 : 14752, 1, 2023/08/10, 22:57:23.507, 68452687894, vstest.console.dll, TestEngine.GetExecutionManager: Chosen execution manager 'Microsoft.VisualStudio.TestPlatform.CrossPlatEngine.Client.Parallel.ParallelProxyExecutionManager, Microsoft.TestPlatform.CrossPlatEngine, Version=15.0.0.0, Culture=neutral, PublicKeyToken=b03f5f7f11d50a3a' ParallelLevel '1'.
TpTrace Verbose: 0 : 14752, 1, 2023/08/10, 22:57:23.507, 68452690085, vstest.console.dll, TestRunRequest.ExecuteAsync: Creating test run request.
TpTrace Verbose: 0 : 14752, 1, 2023/08/10, 22:57:23.507, 68452693455, vstest.console.dll, TestRunRequest.ExecuteAsync: Starting.
TpTrace Information: 0 : 14752, 1, 2023/08/10, 22:57:23.508, 68452696936, vstest.console.dll, TestRunRequest.ExecuteAsync: Starting run with settings:TestRunCriteria:
   KeepAlive=False,FrequencyOfRunStatsChangeEvent=10,RunStatsChangeEventTimeout=00:00:01.5000000,TestCaseFilter=,TestExecutorLauncher=
   Settingsxml=<RunSettings>
  <RunConfiguration>
    <ResultsDirectory>C:\Users\Nik\Documents\PetFindMeShop\PetFindMeShop.Tests\bin\Debug\net6.0\fine-code-coverage\coverage-tool-output</ResultsDirectory>
    <TargetPlatform>X64</TargetPlatform>
    <TargetFrameworkVersion>.NETCoreApp,Version=v6.0</TargetFrameworkVersion>
    <DesignMode>False</DesignMode>
    <CollectSourceInformation>False</CollectSourceInformation>
  </RunConfiguration>
  <LoggerRunSettings>
    <Loggers>
      <Logger friendlyName="blame" enabled="True" />
      <Logger friendlyName="Console" uri="logger://microsoft/TestPlatform/ConsoleLogger/v1" assemblyQualifiedName="Microsoft.VisualStudio.TestPlatform.CommandLine.Internal.ConsoleLogger, vstest.console, Version=15.0.0.0, Culture=neutral, PublicKeyToken=b03f5f7f11d50a3a" codeBase="C:\Program Files\dotnet\sdk\7.0.302\vstest.console.dll" enabled="True" />
    </Loggers>
  </LoggerRunSettings>
  <DataCollectionRunSettings>
    <DataCollectors>
      <DataCollector friendlyName="blame" enabled="True">
        <Configuration>
          <ResultsDirectory>C:\Users\Nik\Documents\PetFindMeShop\PetFindMeShop.Tests\bin\Debug\net6.0\fine-code-coverage\coverage-tool-output</ResultsDirectory>
        </Configuration>
      </DataCollector>
    </DataCollectors>
  </DataCollectionRunSettings>
</RunSettings>

TpTrace Verbose: 0 : 14752, 1, 2023/08/10, 22:57:23.508, 68452697633, vstest.console.dll, TestRunRequest.ExecuteAsync: Wait for the first run request is over.
TpTrace Verbose: 0 : 14752, 1, 2023/08/10, 22:57:23.508, 68452700957, vstest.console.dll, MulticastDelegateUtilities.SafeInvoke: TestRun.TestRunStart: Invoking callbacks was skipped because there are no subscribers.
TpTrace Verbose: 0 : 14752, 4, 2023/08/10, 22:57:23.508, 68452703498, vstest.console.dll, MulticastDelegateUtilities.SafeInvoke: InternalTestLoggerEvents.SendTestRunStart: Invoking callback 1/1 for Microsoft.VisualStudio.TestPlatform.CommandLine.Internal.ConsoleLogger., took 0 ms.
TpTrace Verbose: 0 : 14752, 1, 2023/08/10, 22:57:23.510, 68452718507, vstest.console.dll, ParallelProxyExecutionManager: Start execution. Total sources: 1
TpTrace Verbose: 0 : 14752, 1, 2023/08/10, 22:57:23.513, 68452751758, vstest.console.dll, TestRequestSender is acting as server.
TpTrace Verbose: 0 : 14752, 1, 2023/08/10, 22:57:23.516, 68452780090, vstest.console.dll, ParallelOperationManager.RunWorkInParallel: Started work on a host.
TpTrace Verbose: 0 : 14752, 1, 2023/08/10, 22:57:23.517, 68452791437, vstest.console.dll, ProxyParallelExecutionManager: No sources available for execution.
TpTrace Information: 0 : 14752, 1, 2023/08/10, 22:57:23.517, 68452792863, vstest.console.dll, TestRunRequest.ExecuteAsync: Started.
TpTrace Verbose: 0 : 14752, 5, 2023/08/10, 22:57:23.517, 68452793450, vstest.console.dll, DataCollectionRequestSender.InitializeCommunication : Initialize communication. 
TpTrace Verbose: 0 : 14752, 1, 2023/08/10, 22:57:23.517, 68452794252, vstest.console.dll, TestRunRequest.WaitForCompletion: Waiting with timeout -1.
TpTrace Information: 0 : 14752, 5, 2023/08/10, 22:57:23.522, 68452844988, vstest.console.dll, Listening on Endpoint : 127.0.0.1:57433
TpTrace Verbose: 0 : 14752, 5, 2023/08/10, 22:57:23.531, 68452935065, vstest.console.dll, DotnetDataCollectionLauncher: Adding  --runtimeconfig "C:\Program Files\dotnet\sdk\7.0.302\datacollector.runtimeconfig.json" in args
TpTrace Verbose: 0 : 14752, 5, 2023/08/10, 22:57:23.532, 68452936482, vstest.console.dll, DotnetDataCollectionLauncher: Adding  --depsfile "C:\Program Files\dotnet\sdk\7.0.302\datacollector.deps.json" in args
TpTrace Verbose: 0 : 14752, 5, 2023/08/10, 22:57:23.532, 68452938954, vstest.console.dll, DotnetDataCollectionLauncher: Full path of dotnet.exe is C:\Program Files\dotnet\dotnet.exe
TpTrace Information: 0 : 14752, 5, 2023/08/10, 22:57:23.539, 68453007166, vstest.console.dll, ProxyDataCollectionManager.Initialize: Launched datacollector processId: 9208 port: 57433
TpTrace Information: 0 : 14752, 5, 2023/08/10, 22:57:23.539, 68453009264, vstest.console.dll, ProxyDataCollectionManager.Initialize: waiting for connection with timeout: 90 seconds
TpTrace Verbose: 0 : 14752, 5, 2023/08/10, 22:57:23.539, 68453011232, vstest.console.dll, DataCollectionRequestSender.WaitForRequestHandlerConnection : Waiting for connection with timeout: 90000
TpTrace Information: 0 : 14752, 7, 2023/08/10, 22:57:23.738, 68455001797, vstest.console.dll, Using the buffer size of 16384 bytes
TpTrace Verbose: 0 : 14752, 5, 2023/08/10, 22:57:23.738, 68455001980, vstest.console.dll, SocketCommunicationManager.WaitForClientConnection took: 198 ms, with 90000 ms timeout, and finished with True.
TpTrace Information: 0 : 14752, 7, 2023/08/10, 22:57:23.738, 68455003756, vstest.console.dll, Accepted Client request and set the flag
TpTrace Verbose: 0 : 14752, 5, 2023/08/10, 22:57:23.738, 68455005480, vstest.console.dll, ProxyDataCollectionManager.InvokeDataCollectionServiceAction: Starting.
TpTrace Information: 0 : 14752, 5, 2023/08/10, 22:57:23.739, 68455006921, vstest.console.dll, ProxyDataCollectionManager.BeforeTestRunStart: Get environment variable and port for datacollector processId: 9208 port: 57433
TpTrace Verbose: 0 : 14752, 5, 2023/08/10, 22:57:23.739, 68455008974, vstest.console.dll, DataCollectionRequestSender.SendBeforeTestRunStartAndGetResult: Send BeforeTestRunStart message with settingsXml <RunSettings><RunConfiguration><ResultsDirectory>C:\Users\Nik\Documents\PetFindMeShop\PetFindMeShop.Tests\bin\Debug\net6.0\fine-code-coverage\coverage-tool-output</ResultsDirectory><TargetPlatform>X64</TargetPlatform><TargetFrameworkVersion>.NETCoreApp,Version=v6.0</TargetFrameworkVersion><DesignMode>False</DesignMode><CollectSourceInformation>False</CollectSourceInformation><TestAdaptersPaths>C:\Program Files\dotnet\sdk\7.0.302\Extensions</TestAdaptersPaths></RunConfiguration><LoggerRunSettings><Loggers><Logger friendlyName="blame" enabled="True" /><Logger friendlyName="Console" uri="logger://microsoft/TestPlatform/ConsoleLogger/v1" assemblyQualifiedName="Microsoft.VisualStudio.TestPlatform.CommandLine.Internal.ConsoleLogger, vstest.console, Version=15.0.0.0, Culture=neutral, PublicKeyToken=b03f5f7f11d50a3a" codeBase="C:\Program Files\dotnet\sdk\7.0.302\vstest.console.dll" enabled="True" /></Loggers></LoggerRunSettings><DataCollectionRunSettings><DataCollectors><DataCollector friendlyName="blame" enabled="True"><Configuration><ResultsDirectory>C:\Users\Nik\Documents\PetFindMeShop\PetFindMeShop.Tests\bin\Debug\net6.0\fine-code-coverage\coverage-tool-output</ResultsDirectory></Configuration></DataCollector></DataCollectors></DataCollectionRunSettings></RunSettings> and sources System.Collections.Generic.List`1[System.String]: 
TpTrace Verbose: 0 : 14752, 5, 2023/08/10, 22:57:23.859, 68456213143, vstest.console.dll, DataCollectionRequestSender.SendBeforeTestRunStartAndGetResult: Received message: (DataCollection.SendMessage) -> {"MessageType":"DataCollection.SendMessage","Payload":{"FriendlyName":null,"Uri":null,"TestCaseId":"00000000-0000-0000-0000-000000000000","Message":"Logging DataCollector Diagnostics in file: C:\\Users\\Nik\\Documents\\PetFindMeShop\\PetFindMeShop.Tests\\bin\\Debug\\net6.0\\fine-code-coverage\\coverage-tool-output\\diagnostics.datacollector.23-08-10_22-57-23_53167_5.log","Level":0}}
TpTrace Verbose: 0 : 14752, 5, 2023/08/10, 22:57:23.974, 68457361013, vstest.console.dll, DataCollectionRequestSender.SendBeforeTestRunStartAndGetResult: Received message: (DataCollection.BeforeTestRunStartResult) -> {"MessageType":"DataCollection.BeforeTestRunStartResult","Payload":{"EnvironmentVariables":{},"DataCollectionEventsPort":57435}}
TpTrace Information: 0 : 14752, 5, 2023/08/10, 22:57:23.981, 68457428709, vstest.console.dll, ProxyDataCollectionManager.BeforeTestRunStart: SendBeforeTestRunStartAndGetResult successful, env variable from datacollector:   and testhost port: 57435
TpTrace Information: 0 : 14752, 5, 2023/08/10, 22:57:23.981, 68457430319, vstest.console.dll, ProxyDataCollectionManager.InvokeDataCollectionServiceAction: Completed.
TpTrace Verbose: 0 : 14752, 5, 2023/08/10, 22:57:23.981, 68457431718, vstest.console.dll, ProxyExecutionManager: Test host is always Lazy initialize.
TpTrace Verbose: 0 : 14752, 5, 2023/08/10, 22:57:23.981, 68457435039, vstest.console.dll, TestRequestSender.InitializeCommunication: initialize communication. 
TpTrace Information: 0 : 14752, 5, 2023/08/10, 22:57:23.982, 68457441739, vstest.console.dll, SocketServer.Start: Listening on endpoint : 127.0.0.1:57436
TpTrace Verbose: 0 : 14752, 5, 2023/08/10, 22:57:23.983, 68457453161, vstest.console.dll, DotnetTestHostmanager.GetTestHostProcessStartInfo: Platform environment 'X64' target architecture 'X64' framework '.NETCoreApp,Version=v6.0' OS 'Windows'
TpTrace Verbose: 0 : 14752, 5, 2023/08/10, 22:57:23.984, 68457456073, vstest.console.dll, DotnetTestHostmanager: Adding  --runtimeconfig "C:\Users\Nik\Documents\PetFindMeShop\PetFindMeShop.Tests\bin\Debug\net6.0\fine-code-coverage\build-output\PetFindMeShop.Tests.runtimeconfig.json" in args
TpTrace Verbose: 0 : 14752, 5, 2023/08/10, 22:57:23.984, 68457457246, vstest.console.dll, DotnetTestHostmanager: Adding  --depsfile "C:\Users\Nik\Documents\PetFindMeShop\PetFindMeShop.Tests\bin\Debug\net6.0\fine-code-coverage\build-output\PetFindMeShop.Tests.deps.json" in args
TpTrace Verbose: 0 : 14752, 5, 2023/08/10, 22:57:23.984, 68457459166, vstest.console.dll, DotnetTestHostmanager.IsWinOnArm: Current PROCESSOR_ARCHITECTURE from environment variable 'AMD64'
TpTrace Verbose: 0 : 14752, 5, 2023/08/10, 22:57:23.984, 68457460060, vstest.console.dll, DotnetTestHostmanager.IsWinOnArm: Is Windows on ARM 'False'
TpTrace Verbose: 0 : 14752, 5, 2023/08/10, 22:57:23.984, 68457461181, vstest.console.dll, DotnetTestHostManager: testhost.exe found at path: C:\Users\Nik\Documents\PetFindMeShop\PetFindMeShop.Tests\bin\Debug\net6.0\fine-code-coverage\build-output\testhost.exe
TpTrace Verbose: 0 : 14752, 5, 2023/08/10, 22:57:23.984, 68457461752, vstest.console.dll, DotnetTestHostmanager: Full path of host exe is C:\Users\Nik\Documents\PetFindMeShop\PetFindMeShop.Tests\bin\Debug\net6.0\fine-code-coverage\build-output\testhost.exe
TpTrace Verbose: 0 : 14752, 5, 2023/08/10, 22:57:23.984, 68457463462, vstest.console.dll, DotnetTestHostmanager.LaunchTestHostAsync: Found 'VSTEST_WINAPPHOST_DOTNET_ROOT' in env variables, value 'C:\Program Files\dotnet', forwarding to 'DOTNET_ROOT'
TpTrace Verbose: 0 : 14752, 5, 2023/08/10, 22:57:23.985, 68457465625, vstest.console.dll, DotnetTestHostManager: Starting process 'C:\Users\Nik\Documents\PetFindMeShop\PetFindMeShop.Tests\bin\Debug\net6.0\fine-code-coverage\build-output\testhost.exe' with command line ' --runtimeconfig "C:\Users\Nik\Documents\PetFindMeShop\PetFindMeShop.Tests\bin\Debug\net6.0\fine-code-coverage\build-output\PetFindMeShop.Tests.runtimeconfig.json" --depsfile "C:\Users\Nik\Documents\PetFindMeShop\PetFindMeShop.Tests\bin\Debug\net6.0\fine-code-coverage\build-output\PetFindMeShop.Tests.deps.json" --port 57436 --endpoint 127.0.0.1:057436 --role client --parentprocessid 14752 --diag "C:\Users\Nik\Documents\PetFindMeShop\PetFindMeShop.Tests\bin\Debug\net6.0\fine-code-coverage\coverage-tool-output\diagnostics.host.23-08-10_22-57-23_98315_5.log" --tracelevel 4 --datacollectionport 57435 --telemetryoptedin false'
TpTrace Verbose: 0 : 14752, 5, 2023/08/10, 22:57:23.993, 68457548989, vstest.console.dll, MulticastDelegateUtilities.SafeInvoke: HostProviderEvents.OnHostLaunched: Invoking callback 1/2 for Microsoft.VisualStudio.TestPlatform.CrossPlatEngine.Client.ProxyExecutionManagerWithDataCollection., took 2 ms.
TpTrace Verbose: 0 : 14752, 5, 2023/08/10, 22:57:23.994, 68457558351, vstest.console.dll, Test Runtime launched
TpTrace Verbose: 0 : 14752, 5, 2023/08/10, 22:57:23.994, 68457561230, vstest.console.dll, MulticastDelegateUtilities.SafeInvoke: HostProviderEvents.OnHostLaunched: Invoking callback 2/2 for Microsoft.VisualStudio.TestPlatform.CrossPlatEngine.Client.ProxyOperationManager., took 1 ms.
TpTrace Verbose: 0 : 14752, 5, 2023/08/10, 22:57:23.994, 68457564657, vstest.console.dll, TestRequestSender.WaitForRequestHandlerConnection: waiting for connection with timeout: 90000.
TpTrace Verbose: 0 : 14752, 11, 2023/08/10, 22:57:24.201, 68459627175, vstest.console.dll, MulticastDelegateUtilities.SafeInvoke: SocketServer: ClientConnected: Invoking callback 1/1 for Microsoft.VisualStudio.TestPlatform.CommunicationUtilities.TestRequestSender., took 0 ms.
TpTrace Verbose: 0 : 14752, 5, 2023/08/10, 22:57:24.201, 68459627174, vstest.console.dll, TestRequestSender.WaitForRequestHandlerConnection: waiting took 206 ms, with timeout 90000 ms, and result 0, which is success.
TpTrace Verbose: 0 : 14752, 11, 2023/08/10, 22:57:24.201, 68459629029, vstest.console.dll, SocketServer.OnClientConnected: Client connected for endPoint: 127.0.0.1:57436, starting MessageLoopAsync:
TpTrace Verbose: 0 : 14752, 11, 2023/08/10, 22:57:24.201, 68459633859, vstest.console.dll, TcpClientExtensions.MessageLoopAsync: Polling on remoteEndPoint: 127.0.0.1:57437 localEndPoint: 127.0.0.1:57436
TpTrace Verbose: 0 : 14752, 5, 2023/08/10, 22:57:24.203, 68459646517, vstest.console.dll, TestRequestSender.CheckVersionWithTestHost: Sending check version message: {"MessageType":"ProtocolVersion","Payload":7}
TpTrace Verbose: 0 : 14752, 11, 2023/08/10, 22:57:24.415, 68461768194, vstest.console.dll, TcpClientExtensions.MessageLoopAsync: NotifyDataAvailable remoteEndPoint: 127.0.0.1:57437 localEndPoint: 127.0.0.1:57436
TpTrace Verbose: 0 : 14752, 11, 2023/08/10, 22:57:24.415, 68461770916, vstest.console.dll, TestRequestSender.CheckVersionWithTestHost: onMessageReceived received message: (ProtocolVersion) -> {"MessageType":"ProtocolVersion","Payload":7}
TpTrace Verbose: 0 : 14752, 11, 2023/08/10, 22:57:24.416, 68461779614, vstest.console.dll, MulticastDelegateUtilities.SafeInvoke: LengthPrefixCommunicationChannel: MessageReceived: Invoking callback 1/1 for Microsoft.VisualStudio.TestPlatform.CommunicationUtilities.TestRequestSender+<>c__DisplayClass29_0., took 0 ms.
TpTrace Verbose: 0 : 14752, 5, 2023/08/10, 22:57:24.416, 68461780517, vstest.console.dll, TestPluginCache.GetExtensionPaths: Filtered extension paths: 
TpTrace Verbose: 0 : 14752, 5, 2023/08/10, 22:57:24.416, 68461781830, vstest.console.dll, TestPluginCache.GetExtensionPaths: Added default extension paths: C:\Program Files\dotnet\sdk\7.0.302\Extensions\Microsoft.Diagnostics.NETCore.Client.dll
C:\Program Files\dotnet\sdk\7.0.302\Extensions\Microsoft.TestPlatform.Extensions.BlameDataCollector.dll
C:\Program Files\dotnet\sdk\7.0.302\Extensions\Microsoft.TestPlatform.Extensions.EventLogCollector.dll
C:\Program Files\dotnet\sdk\7.0.302\Extensions\Microsoft.TestPlatform.TestHostRuntimeProvider.dll
C:\Program Files\dotnet\sdk\7.0.302\Extensions\Microsoft.VisualStudio.TestPlatform.Extensions.Html.TestLogger.dll
C:\Program Files\dotnet\sdk\7.0.302\Extensions\Microsoft.VisualStudio.TestPlatform.Extensions.Trx.TestLogger.dll
TpTrace Verbose: 0 : 14752, 11, 2023/08/10, 22:57:24.416, 68461782088, vstest.console.dll, TcpClientExtensions.MessageLoopAsync: Polling on remoteEndPoint: 127.0.0.1:57437 localEndPoint: 127.0.0.1:57436
TpTrace Verbose: 0 : 14752, 5, 2023/08/10, 22:57:24.416, 68461782833, vstest.console.dll, TestPluginCache.GetExtensionPaths: Added unfilterableExtensionPaths: 
TpTrace Verbose: 0 : 14752, 5, 2023/08/10, 22:57:24.423, 68461852233, vstest.console.dll, TestRequestSender.InitializeExecution: Sending initialize execution with message: {"Version":7,"MessageType":"TestExecution.Initialize","Payload":["C:\\Users\\Nik\\Documents\\PetFindMeShop\\PetFindMeShop.Tests\\bin\\Debug\\net6.0\\fine-code-coverage\\build-output\\NUnit3.TestAdapter.dll"]}
TpTrace Verbose: 0 : 14752, 5, 2023/08/10, 22:57:24.424, 68461855903, vstest.console.dll, ParallelProxyExecutionManager: Execution started. Started clients: 1
TpTrace Verbose: 0 : 14752, 5, 2023/08/10, 22:57:24.424, 68461862178, vstest.console.dll, TestRunRequest:SendTestRunMessage: Starting.
TpTrace Verbose: 0 : 14752, 5, 2023/08/10, 22:57:24.424, 68461865100, vstest.console.dll, MulticastDelegateUtilities.SafeInvoke: TestRun.LogMessages: Invoking callback 1/1 for Microsoft.VisualStudio.TestPlatform.CommandLine.TestRunResultAggregator., took 0 ms.
TpTrace Information: 0 : 14752, 5, 2023/08/10, 22:57:24.425, 68461865954, vstest.console.dll, TestRunRequest:SendTestRunMessage: Completed.
TpTrace Verbose: 0 : 14752, 4, 2023/08/10, 22:57:24.425, 68461867564, vstest.console.dll, MulticastDelegateUtilities.SafeInvoke: InternalTestLoggerEvents.SendTestRunMessage: Invoking callback 1/1 for Microsoft.VisualStudio.TestPlatform.CommandLine.Internal.ConsoleLogger., took 0 ms.
TpTrace Warning: 0 : 14752, 5, 2023/08/10, 22:57:24.425, 68461873840, vstest.console.dll, InferRunSettingsHelper.MakeRunsettingsCompatible: Removing the following settings: TargetPlatform from RunSettings file. To use those settings please move to latest version of Microsoft.NET.Test.Sdk
TpTrace Verbose: 0 : 14752, 11, 2023/08/10, 22:57:24.428, 68461899865, vstest.console.dll, TcpClientExtensions.MessageLoopAsync: NotifyDataAvailable remoteEndPoint: 127.0.0.1:57437 localEndPoint: 127.0.0.1:57436
TpTrace Verbose: 0 : 14752, 11, 2023/08/10, 22:57:24.429, 68461907581, vstest.console.dll, TestRequestSender.OnExecutionMessageReceived: Received message: {"Version":7,"MessageType":"TestSession.Message","Payload":{"MessageLevel":0,"Message":"Logging TestHost Diagnostics in file: C:\\Users\\Nik\\Documents\\PetFindMeShop\\PetFindMeShop.Tests\\bin\\Debug\\net6.0\\fine-code-coverage\\coverage-tool-output\\diagnostics.host.23-08-10_22-57-23_98315_5.log"}}
TpTrace Verbose: 0 : 14752, 11, 2023/08/10, 22:57:24.433, 68461951924, vstest.console.dll, TestRunRequest:SendTestRunMessage: Starting.
TpTrace Verbose: 0 : 14752, 11, 2023/08/10, 22:57:24.433, 68461954752, vstest.console.dll, MulticastDelegateUtilities.SafeInvoke: TestRun.LogMessages: Invoking callback 1/1 for Microsoft.VisualStudio.TestPlatform.CommandLine.TestRunResultAggregator., took 0 ms.
TpTrace Verbose: 0 : 14752, 4, 2023/08/10, 22:57:24.433, 68461954994, vstest.console.dll, MulticastDelegateUtilities.SafeInvoke: InternalTestLoggerEvents.SendTestRunMessage: Invoking callback 1/1 for Microsoft.VisualStudio.TestPlatform.CommandLine.Internal.ConsoleLogger., took 0 ms.
TpTrace Information: 0 : 14752, 11, 2023/08/10, 22:57:24.434, 68461955784, vstest.console.dll, TestRunRequest:SendTestRunMessage: Completed.
TpTrace Verbose: 0 : 14752, 11, 2023/08/10, 22:57:24.434, 68461957603, vstest.console.dll, MulticastDelegateUtilities.SafeInvoke: LengthPrefixCommunicationChannel: MessageReceived: Invoking callback 1/1 for Microsoft.VisualStudio.TestPlatform.CommunicationUtilities.TestRequestSender+<>c__DisplayClass34_0., took 5 ms.
TpTrace Verbose: 0 : 14752, 11, 2023/08/10, 22:57:24.434, 68461958523, vstest.console.dll, TcpClientExtensions.MessageLoopAsync: Polling on remoteEndPoint: 127.0.0.1:57437 localEndPoint: 127.0.0.1:57436
TpTrace Verbose: 0 : 14752, 5, 2023/08/10, 22:57:24.440, 68462023550, vstest.console.dll, TestRequestSender.StartTestRun: Sending test run with message: {"Version":7,"MessageType":"TestExecution.StartWithSources","Payload":{"AdapterSourceMap":{"_none_":["C:\\Users\\Nik\\Documents\\PetFindMeShop\\PetFindMeShop.Tests\\bin\\Debug\\net6.0\\fine-code-coverage\\build-output\\PetFindMeShop.Tests.dll"]},"RunSettings":"<RunSettings>\r\n  <RunConfiguration>\r\n    <ResultsDirectory>C:\\Users\\Nik\\Documents\\PetFindMeShop\\PetFindMeShop.Tests\\bin\\Debug\\net6.0\\fine-code-coverage\\coverage-tool-output</ResultsDirectory>\r\n    <TargetFrameworkVersion>.NETCoreApp,Version=v6.0</TargetFrameworkVersion>\r\n    <DesignMode>False</DesignMode>\r\n    <CollectSourceInformation>False</CollectSourceInformation>\r\n  </RunConfiguration>\r\n  <LoggerRunSettings>\r\n    <Loggers>\r\n      <Logger friendlyName=\"blame\" enabled=\"True\" />\r\n      <Logger friendlyName=\"Console\" uri=\"logger://microsoft/TestPlatform/ConsoleLogger/v1\" assemblyQualifiedName=\"Microsoft.VisualStudio.TestPlatform.CommandLine.Internal.ConsoleLogger, vstest.console, Version=15.0.0.0, Culture=neutral, PublicKeyToken=b03f5f7f11d50a3a\" codeBase=\"C:\\Program Files\\dotnet\\sdk\\7.0.302\\vstest.console.dll\" enabled=\"True\" />\r\n    </Loggers>\r\n  </LoggerRunSettings>\r\n  <DataCollectionRunSettings>\r\n    <DataCollectors>\r\n      <DataCollector friendlyName=\"blame\" enabled=\"True\">\r\n        <Configuration>\r\n          <ResultsDirectory>C:\\Users\\Nik\\Documents\\PetFindMeShop\\PetFindMeShop.Tests\\bin\\Debug\\net6.0\\fine-code-coverage\\coverage-tool-output</ResultsDirectory>\r\n        </Configuration>\r\n      </DataCollector>\r\n    </DataCollectors>\r\n  </DataCollectionRunSettings>\r\n</RunSettings>","TestExecutionContext":{"FrequencyOfRunStatsChangeEvent":10,"RunStatsChangeEventTimeout":"00:00:01.5000000","InIsolation":false,"KeepAlive":false,"AreTestCaseLevelEventsRequired":false,"IsDebug":false,"TestCaseFilter":null,"FilterOptions":null},"Package":null}}
TpTrace Verbose: 0 : 14752, 11, 2023/08/10, 22:57:24.690, 68464517320, vstest.console.dll, TcpClientExtensions.MessageLoopAsync: NotifyDataAvailable remoteEndPoint: 127.0.0.1:57437 localEndPoint: 127.0.0.1:57436
TpTrace Verbose: 0 : 14752, 11, 2023/08/10, 22:57:24.690, 68464519579, vstest.console.dll, TestRequestSender.OnExecutionMessageReceived: Received message: {"Version":7,"MessageType":"TestSession.Message","Payload":{"MessageLevel":0,"Message":"NUnit Adapter 4.4.0.0: Test execution started"}}
TpTrace Verbose: 0 : 14752, 11, 2023/08/10, 22:57:24.690, 68464525026, vstest.console.dll, TestRunRequest:SendTestRunMessage: Starting.
TpTrace Verbose: 0 : 14752, 11, 2023/08/10, 22:57:24.691, 68464526975, vstest.console.dll, MulticastDelegateUtilities.SafeInvoke: TestRun.LogMessages: Invoking callback 1/1 for Microsoft.VisualStudio.TestPlatform.CommandLine.TestRunResultAggregator., took 0 ms.
TpTrace Verbose: 0 : 14752, 4, 2023/08/10, 22:57:24.691, 68464527133, vstest.console.dll, MulticastDelegateUtilities.SafeInvoke: InternalTestLoggerEvents.SendTestRunMessage: Invoking callback 1/1 for Microsoft.VisualStudio.TestPlatform.CommandLine.Internal.ConsoleLogger., took 0 ms.
TpTrace Information: 0 : 14752, 11, 2023/08/10, 22:57:24.691, 68464527993, vstest.console.dll, TestRunRequest:SendTestRunMessage: Completed.
TpTrace Verbose: 0 : 14752, 11, 2023/08/10, 22:57:24.691, 68464529706, vstest.console.dll, MulticastDelegateUtilities.SafeInvoke: LengthPrefixCommunicationChannel: MessageReceived: Invoking callback 1/1 for Microsoft.VisualStudio.TestPlatform.CommunicationUtilities.TestRequestSender+<>c__DisplayClass34_0., took 1 ms.
TpTrace Verbose: 0 : 14752, 11, 2023/08/10, 22:57:24.691, 68464530811, vstest.console.dll, TcpClientExtensions.MessageLoopAsync: Polling on remoteEndPoint: 127.0.0.1:57437 localEndPoint: 127.0.0.1:57436
TpTrace Verbose: 0 : 14752, 11, 2023/08/10, 22:57:24.747, 68465094222, vstest.console.dll, TcpClientExtensions.MessageLoopAsync: NotifyDataAvailable remoteEndPoint: 127.0.0.1:57437 localEndPoint: 127.0.0.1:57436
TpTrace Verbose: 0 : 14752, 11, 2023/08/10, 22:57:24.748, 68465096414, vstest.console.dll, TestRequestSender.OnExecutionMessageReceived: Received message: {"Version":7,"MessageType":"TestSession.Message","Payload":{"MessageLevel":0,"Message":"Running all tests in C:\\Users\\Nik\\Documents\\PetFindMeShop\\PetFindMeShop.Tests\\bin\\Debug\\net6.0\\fine-code-coverage\\build-output\\PetFindMeShop.Tests.dll"}}
TpTrace Verbose: 0 : 14752, 11, 2023/08/10, 22:57:24.748, 68465098776, vstest.console.dll, TestRunRequest:SendTestRunMessage: Starting.
TpTrace Verbose: 0 : 14752, 11, 2023/08/10, 22:57:24.748, 68465100374, vstest.console.dll, MulticastDelegateUtilities.SafeInvoke: TestRun.LogMessages: Invoking callback 1/1 for Microsoft.VisualStudio.TestPlatform.CommandLine.TestRunResultAggregator., took 0 ms.
TpTrace Information: 0 : 14752, 11, 2023/08/10, 22:57:24.748, 68465101426, vstest.console.dll, TestRunRequest:SendTestRunMessage: Completed.
TpTrace Verbose: 0 : 14752, 4, 2023/08/10, 22:57:24.748, 68465100558, vstest.console.dll, MulticastDelegateUtilities.SafeInvoke: InternalTestLoggerEvents.SendTestRunMessage: Invoking callback 1/1 for Microsoft.VisualStudio.TestPlatform.CommandLine.Internal.ConsoleLogger., took 0 ms.
TpTrace Verbose: 0 : 14752, 11, 2023/08/10, 22:57:24.748, 68465102104, vstest.console.dll, MulticastDelegateUtilities.SafeInvoke: LengthPrefixCommunicationChannel: MessageReceived: Invoking callback 1/1 for Microsoft.VisualStudio.TestPlatform.CommunicationUtilities.TestRequestSender+<>c__DisplayClass34_0., took 0 ms.
TpTrace Verbose: 0 : 14752, 11, 2023/08/10, 22:57:24.748, 68465103833, vstest.console.dll, TcpClientExtensions.MessageLoopAsync: Polling on remoteEndPoint: 127.0.0.1:57437 localEndPoint: 127.0.0.1:57436
TpTrace Verbose: 0 : 14752, 11, 2023/08/10, 22:57:24.962, 68467241140, vstest.console.dll, TcpClientExtensions.MessageLoopAsync: NotifyDataAvailable remoteEndPoint: 127.0.0.1:57437 localEndPoint: 127.0.0.1:57436
TpTrace Verbose: 0 : 14752, 11, 2023/08/10, 22:57:24.962, 68467243105, vstest.console.dll, TestRequestSender.OnExecutionMessageReceived: Received message: {"Version":7,"MessageType":"TestSession.Message","Payload":{"MessageLevel":0,"Message":"   NUnit3TestExecutor discovered 28 of 28 NUnit test cases using Current Discovery mode, Non-Explicit run"}}
TpTrace Verbose: 0 : 14752, 11, 2023/08/10, 22:57:24.962, 68467245344, vstest.console.dll, TestRunRequest:SendTestRunMessage: Starting.
TpTrace Verbose: 0 : 14752, 11, 2023/08/10, 22:57:24.963, 68467246489, vstest.console.dll, MulticastDelegateUtilities.SafeInvoke: TestRun.LogMessages: Invoking callback 1/1 for Microsoft.VisualStudio.TestPlatform.CommandLine.TestRunResultAggregator., took 0 ms.
TpTrace Verbose: 0 : 14752, 4, 2023/08/10, 22:57:24.963, 68467246788, vstest.console.dll, MulticastDelegateUtilities.SafeInvoke: InternalTestLoggerEvents.SendTestRunMessage: Invoking callback 1/1 for Microsoft.VisualStudio.TestPlatform.CommandLine.Internal.ConsoleLogger., took 0 ms.
TpTrace Information: 0 : 14752, 11, 2023/08/10, 22:57:24.963, 68467247358, vstest.console.dll, TestRunRequest:SendTestRunMessage: Completed.
TpTrace Verbose: 0 : 14752, 11, 2023/08/10, 22:57:24.963, 68467248773, vstest.console.dll, MulticastDelegateUtilities.SafeInvoke: LengthPrefixCommunicationChannel: MessageReceived: Invoking callback 1/1 for Microsoft.VisualStudio.TestPlatform.CommunicationUtilities.TestRequestSender+<>c__DisplayClass34_0., took 0 ms.
TpTrace Verbose: 0 : 14752, 11, 2023/08/10, 22:57:24.963, 68467249432, vstest.console.dll, TcpClientExtensions.MessageLoopAsync: Polling on remoteEndPoint: 127.0.0.1:57437 localEndPoint: 127.0.0.1:57436
TpTrace Verbose: 0 : 14752, 11, 2023/08/10, 22:57:25.968, 68477300283, vstest.console.dll, TcpClientExtensions.MessageLoopAsync: Polling on remoteEndPoint: 127.0.0.1:57437 localEndPoint: 127.0.0.1:57436
TpTrace Verbose: 0 : 14752, 11, 2023/08/10, 22:57:26.355, 68481169501, vstest.console.dll, TcpClientExtensions.MessageLoopAsync: NotifyDataAvailable remoteEndPoint: 127.0.0.1:57437 localEndPoint: 127.0.0.1:57436
TpTrace Verbose: 0 : 14752, 11, 2023/08/10, 22:57:26.355, 68481171866, vstest.console.dll, TestRequestSender.OnExecutionMessageReceived: Received message: {"Version":7,"MessageType":"TestExecution.StatsChange","Payload":{"NewTestResults":[],"TestRunStatistics":{"ExecutedTests":0,"Stats":{}},"ActiveTests":[{"Id":"946b4fc2-2b1c-d364-839b-2ccd57eb222c","FullyQualifiedName":"PetFindMeShop.Tests.CategoryServiceTests.CategoryExistsByIdShouldReturnFalseWhenDoNotExist","DisplayName":"CategoryExistsByIdShouldReturnFalseWhenDoNotExist","ExecutorUri":"executor://NUnit3TestExecutor","Source":"C:\\Users\\Nik\\Documents\\PetFindMeShop\\PetFindMeShop.Tests\\bin\\Debug\\net6.0\\fine-code-coverage\\build-output\\PetFindMeShop.Tests.dll","CodeFilePath":null,"LineNumber":0,"Properties":[{"Key":{"Id":"NUnit.Seed","Label":"Seed","Category":"","Description":"","Attributes":0,"ValueType":"System.String"},"Value":"1897761923"}]}]}}
TpTrace Verbose: 0 : 14752, 11, 2023/08/10, 22:57:26.392, 68481541527, vstest.console.dll, TestRunRequest:SendTestRunStatsChange: Starting.
TpTrace Verbose: 0 : 14752, 11, 2023/08/10, 22:57:26.392, 68481544273, vstest.console.dll, InProgress is CategoryExistsByIdShouldReturnFalseWhenDoNotExist
TpTrace Verbose: 0 : 14752, 11, 2023/08/10, 22:57:26.393, 68481545584, vstest.console.dll, MulticastDelegateUtilities.SafeInvoke: TestRun.RunStatsChanged: Invoking callbacks was skipped because there are no subscribers.
TpTrace Information: 0 : 14752, 11, 2023/08/10, 22:57:26.393, 68481545976, vstest.console.dll, TestRunRequest:SendTestRunStatsChange: Completed.
TpTrace Verbose: 0 : 14752, 11, 2023/08/10, 22:57:26.393, 68481546368, vstest.console.dll, MulticastDelegateUtilities.SafeInvoke: LengthPrefixCommunicationChannel: MessageReceived: Invoking callback 1/1 for Microsoft.VisualStudio.TestPlatform.CommunicationUtilities.TestRequestSender+<>c__DisplayClass34_0., took 37 ms.
TpTrace Verbose: 0 : 14752, 11, 2023/08/10, 22:57:26.393, 68481546690, vstest.console.dll, TcpClientExtensions.MessageLoopAsync: Polling on remoteEndPoint: 127.0.0.1:57437 localEndPoint: 127.0.0.1:57436
TpTrace Verbose: 0 : 14752, 11, 2023/08/10, 22:57:26.644, 68484059201, vstest.console.dll, TcpClientExtensions.MessageLoopAsync: NotifyDataAvailable remoteEndPoint: 127.0.0.1:57437 localEndPoint: 127.0.0.1:57436
TpTrace Verbose: 0 : 14752, 11, 2023/08/10, 22:57:26.644, 68484062911, vstest.console.dll, TestRequestSender.OnExecutionMessageReceived: Received message: {"Version":7,"MessageType":"TestExecution.StatsChange","Payload":{"NewTestResults":[{"TestCase":{"Id":"946b4fc2-2b1c-d364-839b-2ccd57eb222c","FullyQualifiedName":"PetFindMeShop.Tests.CategoryServiceTests.CategoryExistsByIdShouldReturnFalseWhenDoNotExist","DisplayName":"CategoryExistsByIdShouldReturnFalseWhenDoNotExist","ExecutorUri":"executor://NUnit3TestExecutor","Source":"C:\\Users\\Nik\\Documents\\PetFindMeShop\\PetFindMeShop.Tests\\bin\\Debug\\net6.0\\fine-code-coverage\\build-output\\PetFindMeShop.Tests.dll","CodeFilePath":null,"LineNumber":0,"Properties":[{"Key":{"Id":"NUnit.Seed","Label":"Seed","Category":"","Description":"","Attributes":0,"ValueType":"System.String"},"Value":"1897761923"}]},"Attachments":[],"Outcome":1,"ErrorMessage":null,"ErrorStackTrace":null,"DisplayName":"CategoryExistsByIdShouldReturnFalseWhenDoNotExist","Messages":[],"ComputerName":"DESKTOP-P2GQVKQ","Duration":"00:00:00.2167390","StartTime":"2023-08-10T19:57:26.3072052+00:00","EndTime":"2023-08-10T19:57:26.5238418+00:00","Properties":[{"Key":{"Id":"NUnit.Seed","Label":"Seed","Category":"","Description":"","Attributes":0,"ValueType":"System.String"},"Value":"1897761923"}]},{"TestCase":{"Id":"466fa669-b1be-c6d4-a037-d1a656d22676","FullyQualifiedName":"PetFindMeShop.Tests.CategoryServiceTests.CategoryExistsByIdShouldReturnTrueWhenExists","DisplayName":"CategoryExistsByIdShouldReturnTrueWhenExists","ExecutorUri":"executor://NUnit3TestExecutor","Source":"C:\\Users\\Nik\\Documents\\PetFindMeShop\\PetFindMeShop.Tests\\bin\\Debug\\net6.0\\fine-code-coverage\\build-output\\PetFindMeShop.Tests.dll","CodeFilePath":null,"LineNumber":0,"Properties":[{"Key":{"Id":"NUnit.Seed","Label":"Seed","Category":"","Description":"","Attributes":0,"ValueType":"System.String"},"Value":"313372083"}]},"Attachments":[],"Outcome":1,"ErrorMessage":null,"ErrorStackTrace":null,"DisplayName":"CategoryExistsByIdShouldReturnTrueWhenExists","Messages":[],"ComputerName":"DESKTOP-P2GQVKQ","Duration":"00:00:00.0046590","StartTime":"2023-08-10T19:57:26.5258735+00:00","EndTime":"2023-08-10T19:57:26.5305316+00:00","Properties":[{"Key":{"Id":"NUnit.Seed","Label":"Seed","Category":"","Description":"","Attributes":0,"ValueType":"System.String"},"Value":"313372083"}]},{"TestCase":{"Id":"2ef3c7d6-e78e-882a-92a8-8b1251520acd","FullyQualifiedName":"PetFindMeShop.Tests.CategoryServiceTests.ReturnAllCategoryNames","DisplayName":"ReturnAllCategoryNames","ExecutorUri":"executor://NUnit3TestExecutor","Source":"C:\\Users\\Nik\\Documents\\PetFindMeShop\\PetFindMeShop.Tests\\bin\\Debug\\net6.0\\fine-code-coverage\\build-output\\PetFindMeShop.Tests.dll","CodeFilePath":null,"LineNumber":0,"Properties":[{"Key":{"Id":"NUnit.Seed","Label":"Seed","Category":"","Description":"","Attributes":0,"ValueType":"System.String"},"Value":"948176845"}]},"Attachments":[],"Outcome":1,"ErrorMessage":null,"ErrorStackTrace":null,"DisplayName":"ReturnAllCategoryNames","Messages":[],"ComputerName":"DESKTOP-P2GQVKQ","Duration":"00:00:00.0394450","StartTime":"2023-08-10T19:57:26.5305884+00:00","EndTime":"2023-08-10T19:57:26.5700332+00:00","Properties":[{"Key":{"Id":"NUnit.Seed","Label":"Seed","Category":"","Description":"","Attributes":0,"ValueType":"System.String"},"Value":"948176845"}]},{"TestCase":{"Id":"52eb3213-254d-b999-47e5-1256fb3921d0","FullyQualifiedName":"PetFindMeShop.Tests.ProductServiceTests.ActivateProduct","DisplayName":"ActivateProduct","ExecutorUri":"executor://NUnit3TestExecutor","Source":"C:\\Users\\Nik\\Documents\\PetFindMeShop\\PetFindMeShop.Tests\\bin\\Debug\\net6.0\\fine-code-coverage\\build-output\\PetFindMeShop.Tests.dll","CodeFilePath":null,"LineNumber":0,"Properties":[{"Key":{"Id":"NUnit.Seed","Label":"Seed","Category":"","Description":"","Attributes":0,"ValueType":"System.String"},"Value":"2704541"}]},"Attachments":[],"Outcome":2,"ErrorMessage":"OneTimeSetUp: System.ArgumentException : An item with the same key has already been added. Key: 98c666ac-9aee-80c3-5686-09db7fbb6556","ErrorStackTrace":"\n","DisplayName":"ActivateProduct","Messages":[],"ComputerName":"DESKTOP-P2GQVKQ","Duration":"00:00:00.0456680","StartTime":"2023-08-10T19:57:26.5736569+00:00","EndTime":"2023-08-10T19:57:26.6193254+00:00","Properties":[{"Key":{"Id":"NUnit.Seed","Label":"Seed","Category":"","Description":"","Attributes":0,"ValueType":"System.String"},"Value":"2704541"}]},{"TestCase":{"Id":"5d5a0e7a-834a-a260-c78d-829377647064","FullyQualifiedName":"PetFindMeShop.Tests.ProductServiceTests.AddProductToLikedCollection","DisplayName":"AddProductToLikedCollection","ExecutorUri":"executor://NUnit3TestExecutor","Source":"C:\\Users\\Nik\\Documents\\PetFindMeShop\\PetFindMeShop.Tests\\bin\\Debug\\net6.0\\fine-code-coverage\\build-output\\PetFindMeShop.Tests.dll","CodeFilePath":null,"LineNumber":0,"Properties":[{"Key":{"Id":"NUnit.Seed","Label":"Seed","Category":"","Description":"","Attributes":0,"ValueType":"System.String"},"Value":"1199108032"}]},"Attachments":[],"Outcome":2,"ErrorMessage":"OneTimeSetUp: System.ArgumentException : An item with the same key has already been added. Key: 98c666ac-9aee-80c3-5686-09db7fbb6556","ErrorStackTrace":"\n","DisplayName":"AddProductToLikedCollection","Messages":[],"ComputerName":"DESKTOP-P2GQVKQ","Duration":"00:00:00.0456960","StartTime":"2023-08-10T19:57:26.5736569+00:00","EndTime":"2023-08-10T19:57:26.6193528+00:00","Properties":[{"Key":{"Id":"NUnit.Seed","Label":"Seed","Category":"","Description":"","Attributes":0,"ValueType":"System.String"},"Value":"1199108032"}]},{"TestCase":{"Id":"5ef98d1b-39d7-ce9c-3a9a-123718b9d285","FullyQualifiedName":"PetFindMeShop.Tests.ProductServiceTests.ArhiveProduct","DisplayName":"ArhiveProduct","ExecutorUri":"executor://NUnit3TestExecutor","Source":"C:\\Users\\Nik\\Documents\\PetFindMeShop\\PetFindMeShop.Tests\\bin\\Debug\\net6.0\\fine-code-coverage\\build-output\\PetFindMeShop.Tests.dll","CodeFilePath":null,"LineNumber":0,"Properties":[{"Key":{"Id":"NUnit.Seed","Label":"Seed","Category":"","Description":"","Attributes":0,"ValueType":"System.String"},"Value":"1391676001"}]},"Attachments":[],"Outcome":2,"ErrorMessage":"OneTimeSetUp: System.ArgumentException : An item with the same key has already been added. Key: 98c666ac-9aee-80c3-5686-09db7fbb6556","ErrorStackTrace":"\n","DisplayName":"ArhiveProduct","Messages":[],"ComputerName":"DESKTOP-P2GQVKQ","Duration":"00:00:00.0457000","StartTime":"2023-08-10T19:57:26.5736569+00:00","EndTime":"2023-08-10T19:57:26.6193569+00:00","Properties":[{"Key":{"Id":"NUnit.Seed","Label":"Seed","Category":"","Description":"","Attributes":0,"ValueType":"System.String"},"Value":"1391676001"}]},{"TestCase":{"Id":"b8a71c6e-b778-8886-89df-f4a937e562df","FullyQualifiedName":"PetFindMeShop.Tests.ProductServiceTests.GetProducDetailsByIShouldReturnProductViewModel","DisplayName":"GetProducDetailsByIShouldReturnProductViewModel","ExecutorUri":"executor://NUnit3TestExecutor","Source":"C:\\Users\\Nik\\Documents\\PetFindMeShop\\PetFindMeShop.Tests\\bin\\Debug\\net6.0\\fine-code-coverage\\build-output\\PetFindMeShop.Tests.dll","CodeFilePath":null,"LineNumber":0,"Properties":[{"Key":{"Id":"NUnit.Seed","Label":"Seed","Category":"","Description":"","Attributes":0,"ValueType":"System.String"},"Value":"447427328"}]},"Attachments":[],"Outcome":2,"ErrorMessage":"OneTimeSetUp: System.ArgumentException : An item with the same key has already been added. Key: 98c666ac-9aee-80c3-5686-09db7fbb6556","ErrorStackTrace":"\n","DisplayName":"GetProducDetailsByIShouldReturnProductViewModel","Messages":[],"ComputerName":"DESKTOP-P2GQVKQ","Duration":"00:00:00.0457030","StartTime":"2023-08-10T19:57:26.5736569+00:00","EndTime":"2023-08-10T19:57:26.6193606+00:00","Properties":[{"Key":{"Id":"NUnit.Seed","Label":"Seed","Category":"","Description":"","Attributes":0,"ValueType":"System.String"},"Value":"447427328"}]},{"TestCase":{"Id":"a195c41a-3397-24d4-0f61-9eb8c232dc71","FullyQualifiedName":"PetFindMeShop.Tests.ProductServiceTests.GetProductForEditByIShouldReturnProductViewModel","DisplayName":"GetProductForEditByIShouldReturnProductViewModel","ExecutorUri":"executor://NUnit3TestExecutor","Source":"C:\\Users\\Nik\\Documents\\PetFindMeShop\\PetFindMeShop.Tests\\bin\\Debug\\net6.0\\fine-code-coverage\\build-output\\PetFindMeShop.Tests.dll","CodeFilePath":null,"LineNumber":0,"Properties":[{"Key":{"Id":"NUnit.Seed","Label":"Seed","Category":"","Description":"","Attributes":0,"ValueType":"System.String"},"Value":"1356661877"}]},"Attachments":[],"Outcome":2,"ErrorMessage":"OneTimeSetUp: System.ArgumentException : An item with the same key has already been added. Key: 98c666ac-9aee-80c3-5686-09db7fbb6556","ErrorStackTrace":"\n","DisplayName":"GetProductForEditByIShouldReturnProductViewModel","Messages":[],"ComputerName":"DESKTOP-P2GQVKQ","Duration":"00:00:00.0457059","StartTime":"2023-08-10T19:57:26.5736569+00:00","EndTime":"2023-08-10T19:57:26.6193637+00:00","Properties":[{"Key":{"Id":"NUnit.Seed","Label":"Seed","Category":"","Description":"","Attributes":0,"ValueType":"System.String"},"Value":"1356661877"}]},{"TestCase":{"Id":"358a1368-ff6c-6d58-dfcf-7fe61364ce83","FullyQualifiedName":"PetFindMeShop.Tests.ProductServiceTests.GetProductShopIdShouldReturnTheShopId","DisplayName":"GetProductShopIdShouldReturnTheShopId","ExecutorUri":"executor://NUnit3TestExecutor","Source":"C:\\Users\\Nik\\Documents\\PetFindMeShop\\PetFindMeShop.Tests\\bin\\Debug\\net6.0\\fine-code-coverage\\build-output\\PetFindMeShop.Tests.dll","CodeFilePath":null,"LineNumber":0,"Properties":[{"Key":{"Id":"NUnit.Seed","Label":"Seed","Category":"","Description":"","Attributes":0,"ValueType":"System.String"},"Value":"1976530078"}]},"Attachments":[],"Outcome":2,"ErrorMessage":"OneTimeSetUp: System.ArgumentException : An item with the same key has already been added. Key: 98c666ac-9aee-80c3-5686-09db7fbb6556","ErrorStackTrace":"\n","DisplayName":"GetProductShopIdShouldReturnTheShopId","Messages":[],"ComputerName":"DESKTOP-P2GQVKQ","Duration":"00:00:00.0457120","StartTime":"2023-08-10T19:57:26.5736569+00:00","EndTime":"2023-08-10T19:57:26.6193697+00:00","Properties":[{"Key":{"Id":"NUnit.Seed","Label":"Seed","Category":"","Description":"","Attributes":0,"ValueType":"System.String"},"Value":"1976530078"}]},{"TestCase":{"Id":"fe93f672-5dc7-1425-fc84-b9891fd7c5c0","FullyQualifiedName":"PetFindMeShop.Tests.ProductServiceTests.ProductAlreadyArchivedShouldReturnFalse","DisplayName":"ProductAlreadyArchivedShouldReturnFalse","ExecutorUri":"executor://NUnit3TestExecutor","Source":"C:\\Users\\Nik\\Documents\\PetFindMeShop\\PetFindMeShop.Tests\\bin\\Debug\\net6.0\\fine-code-coverage\\build-output\\PetFindMeShop.Tests.dll","CodeFilePath":null,"LineNumber":0,"Properties":[{"Key":{"Id":"NUnit.Seed","Label":"Seed","Category":"","Description":"","Attributes":0,"ValueType":"System.String"},"Value":"1812677709"}]},"Attachments":[],"Outcome":2,"ErrorMessage":"OneTimeSetUp: System.ArgumentException : An item with the same key has already been added. Key: 98c666ac-9aee-80c3-5686-09db7fbb6556","ErrorStackTrace":"\n","DisplayName":"ProductAlreadyArchivedShouldReturnFalse","Messages":[],"ComputerName":"DESKTOP-P2GQVKQ","Duration":"00:00:00.0457180","StartTime":"2023-08-10T19:57:26.5736569+00:00","EndTime":"2023-08-10T19:57:26.6193757+00:00","Properties":[{"Key":{"Id":"NUnit.Seed","Label":"Seed","Category":"","Description":"","Attributes":0,"ValueType":"System.String"},"Value":"1812677709"}]}],"TestRunStatistics":{"ExecutedTests":10,"Stats":{"Passed":3,"Failed":7}},"ActiveTests":[]}}
TpTrace Verbose: 0 : 14752, 11, 2023/08/10, 22:57:26.658, 68484204587, vstest.console.dll, TestRunRequest:SendTestRunStatsChange: Starting.
TpTrace Verbose: 0 : 14752, 11, 2023/08/10, 22:57:26.659, 68484209670, vstest.console.dll, MulticastDelegateUtilities.SafeInvoke: TestRun.RunStatsChanged: Invoking callbacks was skipped because there are no subscribers.
TpTrace Information: 0 : 14752, 11, 2023/08/10, 22:57:26.659, 68484210465, vstest.console.dll, TestRunRequest:SendTestRunStatsChange: Completed.
TpTrace Verbose: 0 : 14752, 11, 2023/08/10, 22:57:26.659, 68484210990, vstest.console.dll, MulticastDelegateUtilities.SafeInvoke: LengthPrefixCommunicationChannel: MessageReceived: Invoking callback 1/1 for Microsoft.VisualStudio.TestPlatform.CommunicationUtilities.TestRequestSender+<>c__DisplayClass34_0., took 14 ms.
TpTrace Verbose: 0 : 14752, 11, 2023/08/10, 22:57:26.659, 68484211470, vstest.console.dll, TcpClientExtensions.MessageLoopAsync: Polling on remoteEndPoint: 127.0.0.1:57437 localEndPoint: 127.0.0.1:57436
TpTrace Verbose: 0 : 14752, 11, 2023/08/10, 22:57:26.659, 68484212152, vstest.console.dll, TcpClientExtensions.MessageLoopAsync: NotifyDataAvailable remoteEndPoint: 127.0.0.1:57437 localEndPoint: 127.0.0.1:57436
TpTrace Verbose: 0 : 14752, 11, 2023/08/10, 22:57:26.659, 68484213113, vstest.console.dll, TestRequestSender.OnExecutionMessageReceived: Received message: {"Version":7,"MessageType":"TestSession.Message","Payload":{"MessageLevel":1,"Message":"Setup failed for test fixture PetFindMeShop.Tests.ProductServiceTests"}}
TpTrace Verbose: 0 : 14752, 11, 2023/08/10, 22:57:26.659, 68484214148, vstest.console.dll, TestRunRequest:SendTestRunMessage: Starting.
TpTrace Verbose: 0 : 14752, 11, 2023/08/10, 22:57:26.659, 68484214827, vstest.console.dll, MulticastDelegateUtilities.SafeInvoke: TestRun.LogMessages: Invoking callback 1/1 for Microsoft.VisualStudio.TestPlatform.CommandLine.TestRunResultAggregator., took 0 ms.
TpTrace Information: 0 : 14752, 11, 2023/08/10, 22:57:26.659, 68484215227, vstest.console.dll, TestRunRequest:SendTestRunMessage: Completed.
TpTrace Verbose: 0 : 14752, 11, 2023/08/10, 22:57:26.659, 68484215558, vstest.console.dll, MulticastDelegateUtilities.SafeInvoke: LengthPrefixCommunicationChannel: MessageReceived: Invoking callback 1/1 for Microsoft.VisualStudio.TestPlatform.CommunicationUtilities.TestRequestSender+<>c__DisplayClass34_0., took 0 ms.
TpTrace Verbose: 0 : 14752, 11, 2023/08/10, 22:57:26.660, 68484215844, vstest.console.dll, TcpClientExtensions.MessageLoopAsync: Polling on remoteEndPoint: 127.0.0.1:57437 localEndPoint: 127.0.0.1:57436
TpTrace Verbose: 0 : 14752, 11, 2023/08/10, 22:57:26.660, 68484216223, vstest.console.dll, TcpClientExtensions.MessageLoopAsync: NotifyDataAvailable remoteEndPoint: 127.0.0.1:57437 localEndPoint: 127.0.0.1:57436
TpTrace Verbose: 0 : 14752, 11, 2023/08/10, 22:57:26.660, 68484216964, vstest.console.dll, TestRequestSender.OnExecutionMessageReceived: Received message: {"Version":7,"MessageType":"TestSession.Message","Payload":{"MessageLevel":1,"Message":"System.ArgumentException : An item with the same key has already been added. Key: 98c666ac-9aee-80c3-5686-09db7fbb6556\nStackTrace:    at System.Collections.Generic.Dictionary`2.TryInsert(TKey key, TValue value, InsertionBehavior behavior)\r\n   at Microsoft.EntityFrameworkCore.InMemory.Storage.Internal.InMemoryTable`1.Create(IUpdateEntry entry)\r\n   at Microsoft.EntityFrameworkCore.InMemory.Storage.Internal.InMemoryStore.ExecuteTransaction(IList`1 entries, IDiagnosticsLogger`1 updateLogger)\r\n   at Microsoft.EntityFrameworkCore.InMemory.Storage.Internal.InMemoryDatabase.SaveChanges(IList`1 entries)\r\n   at Microsoft.EntityFrameworkCore.ChangeTracking.Internal.StateManager.SaveChanges(IList`1 entriesToSave)\r\n   at Microsoft.EntityFrameworkCore.ChangeTracking.Internal.StateManager.SaveChanges(StateManager stateManager, Boolean acceptAllChangesOnSuccess)\r\n   at Microsoft.EntityFrameworkCore.ChangeTracking.Internal.StateManager.<>c.<SaveChanges>b__104_0(DbContext _, ValueTuple`2 t)\r\n   at Microsoft.EntityFrameworkCore.Storage.NonRetryingExecutionStrategy.Execute[TState,TResult](TState state, Func`3 operation, Func`3 verifySucceeded)\r\n   at Microsoft.EntityFrameworkCore.ChangeTracking.Internal.StateManager.SaveChanges(Boolean acceptAllChangesOnSuccess)\r\n   at Microsoft.EntityFrameworkCore.DbContext.SaveChanges(Boolean acceptAllChangesOnSuccess)\r\n   at Microsoft.EntityFrameworkCore.DbContext.SaveChanges()\r\n   at PetFindMeShop.Tests.DatabaseSeeder.SeedDatabase(PetFindMeShopDbContext dbContext) in C:\\Users\\Nik\\Documents\\PetFindMeShop\\PetFindMeShop.Tests\\DatabaseSeeder.cs:line 234\r\n   at PetFindMeShop.Tests.ProductServiceTests.OneTimeSetUp() in C:\\Users\\Nik\\Documents\\PetFindMeShop\\PetFindMeShop.Tests\\ProductServiceTests.cs:line 28"}}
TpTrace Verbose: 0 : 14752, 11, 2023/08/10, 22:57:26.660, 68484217877, vstest.console.dll, TestRunRequest:SendTestRunMessage: Starting.
TpTrace Verbose: 0 : 14752, 11, 2023/08/10, 22:57:26.660, 68484218387, vstest.console.dll, MulticastDelegateUtilities.SafeInvoke: TestRun.LogMessages: Invoking callback 1/1 for Microsoft.VisualStudio.TestPlatform.CommandLine.TestRunResultAggregator., took 0 ms.
TpTrace Information: 0 : 14752, 11, 2023/08/10, 22:57:26.660, 68484218676, vstest.console.dll, TestRunRequest:SendTestRunMessage: Completed.
TpTrace Verbose: 0 : 14752, 11, 2023/08/10, 22:57:26.660, 68484218938, vstest.console.dll, MulticastDelegateUtilities.SafeInvoke: LengthPrefixCommunicationChannel: MessageReceived: Invoking callback 1/1 for Microsoft.VisualStudio.TestPlatform.CommunicationUtilities.TestRequestSender+<>c__DisplayClass34_0., took 0 ms.
TpTrace Verbose: 0 : 14752, 11, 2023/08/10, 22:57:26.660, 68484219246, vstest.console.dll, TcpClientExtensions.MessageLoopAsync: Polling on remoteEndPoint: 127.0.0.1:57437 localEndPoint: 127.0.0.1:57436
TpTrace Verbose: 0 : 14752, 4, 2023/08/10, 22:57:26.663, 68484251666, vstest.console.dll, MulticastDelegateUtilities.SafeInvoke: InternalTestLoggerEvents.SendTestResult: Invoking callback 1/1 for Microsoft.VisualStudio.TestPlatform.CommandLine.Internal.ConsoleLogger., took 4 ms.
TpTrace Verbose: 0 : 14752, 4, 2023/08/10, 22:57:26.663, 68484255498, vstest.console.dll, MulticastDelegateUtilities.SafeInvoke: InternalTestLoggerEvents.SendTestResult: Invoking callback 1/1 for Microsoft.VisualStudio.TestPlatform.CommandLine.Internal.ConsoleLogger., took 0 ms.
TpTrace Verbose: 0 : 14752, 4, 2023/08/10, 22:57:26.664, 68484256487, vstest.console.dll, MulticastDelegateUtilities.SafeInvoke: InternalTestLoggerEvents.SendTestResult: Invoking callback 1/1 for Microsoft.VisualStudio.TestPlatform.CommandLine.Internal.ConsoleLogger., took 0 ms.
TpTrace Error: 0 : 14752, 4, 2023/08/10, 22:57:26.665, 68484274543, vstest.console.dll, MulticastDelegateUtilities.SafeInvoke: 1: Invoking callback 1/Microsoft.VisualStudio.TestPlatform.CommandLine.Internal.ConsoleLogger for .InternalTestLoggerEvents.SendTestResult, failed after 0 ms with: System.Reflection.TargetInvocationException: Exception has been thrown by the target of an invocation.
 ---> System.ArgumentException: The parameter cannot be null or empty. (Parameter 'format')
   at Microsoft.VisualStudio.TestPlatform.Utilities.OutputExtensions.Format(String messageTypeFormat, String format, Object[] args)
   at Microsoft.VisualStudio.TestPlatform.Utilities.OutputExtensions.<>c__DisplayClass4_0.<Information>b__0()
   at Microsoft.VisualStudio.TestPlatform.Utilities.OutputExtensions.SetColorForAction(ConsoleColor foregroundColor, Action action)
   at Microsoft.VisualStudio.TestPlatform.CommandLine.Internal.ConsoleLogger.DisplayFullInformation(TestResult result)
   at Microsoft.VisualStudio.TestPlatform.CommandLine.Internal.ConsoleLogger.TestResultHandler(Object sender, TestResultEventArgs e)
   at InvokeStub_EventHandler`1.Invoke(Object, Object, IntPtr*)
   at System.Reflection.MethodInvoker.Invoke(Object obj, IntPtr* args, BindingFlags invokeAttr)
   --- End of inner exception stack trace ---
   at System.Reflection.MethodInvoker.Invoke(Object obj, IntPtr* args, BindingFlags invokeAttr)
   at System.Reflection.RuntimeMethodInfo.Invoke(Object obj, BindingFlags invokeAttr, Binder binder, Object[] parameters, CultureInfo culture)
   at System.Delegate.DynamicInvokeImpl(Object[] args)
   at Microsoft.VisualStudio.TestPlatform.Utilities.MulticastDelegateUtilities.SafeInvoke(Delegate delegates, Object sender, Object args, String traceDisplayName).
TpTrace Error: 0 : 14752, 4, 2023/08/10, 22:57:26.666, 68484281688, vstest.console.dll, MulticastDelegateUtilities.SafeInvoke: 1: Invoking callback 1/Microsoft.VisualStudio.TestPlatform.CommandLine.Internal.ConsoleLogger for .InternalTestLoggerEvents.SendTestResult, failed after 0 ms with: System.Reflection.TargetInvocationException: Exception has been thrown by the target of an invocation.
 ---> System.ArgumentException: The parameter cannot be null or empty. (Parameter 'format')
   at Microsoft.VisualStudio.TestPlatform.Utilities.OutputExtensions.Format(String messageTypeFormat, String format, Object[] args)
   at Microsoft.VisualStudio.TestPlatform.Utilities.OutputExtensions.<>c__DisplayClass4_0.<Information>b__0()
   at Microsoft.VisualStudio.TestPlatform.Utilities.OutputExtensions.SetColorForAction(ConsoleColor foregroundColor, Action action)
   at Microsoft.VisualStudio.TestPlatform.CommandLine.Internal.ConsoleLogger.DisplayFullInformation(TestResult result)
   at Microsoft.VisualStudio.TestPlatform.CommandLine.Internal.ConsoleLogger.TestResultHandler(Object sender, TestResultEventArgs e)
   at InvokeStub_EventHandler`1.Invoke(Object, Object, IntPtr*)
   at System.Reflection.MethodInvoker.Invoke(Object obj, IntPtr* args, BindingFlags invokeAttr)
   --- End of inner exception stack trace ---
   at System.Reflection.MethodInvoker.Invoke(Object obj, IntPtr* args, BindingFlags invokeAttr)
   at System.Reflection.RuntimeMethodInfo.Invoke(Object obj, BindingFlags invokeAttr, Binder binder, Object[] parameters, CultureInfo culture)
   at System.Delegate.DynamicInvokeImpl(Object[] args)
   at Microsoft.VisualStudio.TestPlatform.Utilities.MulticastDelegateUtilities.SafeInvoke(Delegate delegates, Object sender, Object args, String traceDisplayName).
TpTrace Error: 0 : 14752, 4, 2023/08/10, 22:57:26.667, 68484288156, vstest.console.dll, MulticastDelegateUtilities.SafeInvoke: 1: Invoking callback 1/Microsoft.VisualStudio.TestPlatform.CommandLine.Internal.ConsoleLogger for .InternalTestLoggerEvents.SendTestResult, failed after 0 ms with: System.Reflection.TargetInvocationException: Exception has been thrown by the target of an invocation.
 ---> System.ArgumentException: The parameter cannot be null or empty. (Parameter 'format')
   at Microsoft.VisualStudio.TestPlatform.Utilities.OutputExtensions.Format(String messageTypeFormat, String format, Object[] args)
   at Microsoft.VisualStudio.TestPlatform.Utilities.OutputExtensions.<>c__DisplayClass4_0.<Information>b__0()
   at Microsoft.VisualStudio.TestPlatform.Utilities.OutputExtensions.SetColorForAction(ConsoleColor foregroundColor, Action action)
   at Microsoft.VisualStudio.TestPlatform.CommandLine.Internal.ConsoleLogger.DisplayFullInformation(TestResult result)
   at Microsoft.VisualStudio.TestPlatform.CommandLine.Internal.ConsoleLogger.TestResultHandler(Object sender, TestResultEventArgs e)
   at InvokeStub_EventHandler`1.Invoke(Object, Object, IntPtr*)
   at System.Reflection.MethodInvoker.Invoke(Object obj, IntPtr* args, BindingFlags invokeAttr)
   --- End of inner exception stack trace ---
   at System.Reflection.MethodInvoker.Invoke(Object obj, IntPtr* args, BindingFlags invokeAttr)
   at System.Reflection.RuntimeMethodInfo.Invoke(Object obj, BindingFlags invokeAttr, Binder binder, Object[] parameters, CultureInfo culture)
   at System.Delegate.DynamicInvokeImpl(Object[] args)
   at Microsoft.VisualStudio.TestPlatform.Utilities.MulticastDelegateUtilities.SafeInvoke(Delegate delegates, Object sender, Object args, String traceDisplayName).
TpTrace Error: 0 : 14752, 4, 2023/08/10, 22:57:26.667, 68484293933, vstest.console.dll, MulticastDelegateUtilities.SafeInvoke: 1: Invoking callback 1/Microsoft.VisualStudio.TestPlatform.CommandLine.Internal.ConsoleLogger for .InternalTestLoggerEvents.SendTestResult, failed after 0 ms with: System.Reflection.TargetInvocationException: Exception has been thrown by the target of an invocation.
 ---> System.ArgumentException: The parameter cannot be null or empty. (Parameter 'format')
   at Microsoft.VisualStudio.TestPlatform.Utilities.OutputExtensions.Format(String messageTypeFormat, String format, Object[] args)
   at Microsoft.VisualStudio.TestPlatform.Utilities.OutputExtensions.<>c__DisplayClass4_0.<Information>b__0()
   at Microsoft.VisualStudio.TestPlatform.Utilities.OutputExtensions.SetColorForAction(ConsoleColor foregroundColor, Action action)
   at Microsoft.VisualStudio.TestPlatform.CommandLine.Internal.ConsoleLogger.DisplayFullInformation(TestResult result)
   at Microsoft.VisualStudio.TestPlatform.CommandLine.Internal.ConsoleLogger.TestResultHandler(Object sender, TestResultEventArgs e)
   at InvokeStub_EventHandler`1.Invoke(Object, Object, IntPtr*)
   at System.Reflection.MethodInvoker.Invoke(Object obj, IntPtr* args, BindingFlags invokeAttr)
   --- End of inner exception stack trace ---
   at System.Reflection.MethodInvoker.Invoke(Object obj, IntPtr* args, BindingFlags invokeAttr)
   at System.Reflection.RuntimeMethodInfo.Invoke(Object obj, BindingFlags invokeAttr, Binder binder, Object[] parameters, CultureInfo culture)
   at System.Delegate.DynamicInvokeImpl(Object[] args)
   at Microsoft.VisualStudio.TestPlatform.Utilities.MulticastDelegateUtilities.SafeInvoke(Delegate delegates, Object sender, Object args, String traceDisplayName).
TpTrace Error: 0 : 14752, 4, 2023/08/10, 22:57:26.668, 68484300358, vstest.console.dll, MulticastDelegateUtilities.SafeInvoke: 1: Invoking callback 1/Microsoft.VisualStudio.TestPlatform.CommandLine.Internal.ConsoleLogger for .InternalTestLoggerEvents.SendTestResult, failed after 0 ms with: System.Reflection.TargetInvocationException: Exception has been thrown by the target of an invocation.
 ---> System.ArgumentException: The parameter cannot be null or empty. (Parameter 'format')
   at Microsoft.VisualStudio.TestPlatform.Utilities.OutputExtensions.Format(String messageTypeFormat, String format, Object[] args)
   at Microsoft.VisualStudio.TestPlatform.Utilities.OutputExtensions.<>c__DisplayClass4_0.<Information>b__0()
   at Microsoft.VisualStudio.TestPlatform.Utilities.OutputExtensions.SetColorForAction(ConsoleColor foregroundColor, Action action)
   at Microsoft.VisualStudio.TestPlatform.CommandLine.Internal.ConsoleLogger.DisplayFullInformation(TestResult result)
   at Microsoft.VisualStudio.TestPlatform.CommandLine.Internal.ConsoleLogger.TestResultHandler(Object sender, TestResultEventArgs e)
   at InvokeStub_EventHandler`1.Invoke(Object, Object, IntPtr*)
   at System.Reflection.MethodInvoker.Invoke(Object obj, IntPtr* args, BindingFlags invokeAttr)
   --- End of inner exception stack trace ---
   at System.Reflection.MethodInvoker.Invoke(Object obj, IntPtr* args, BindingFlags invokeAttr)
   at System.Reflection.RuntimeMethodInfo.Invoke(Object obj, BindingFlags invokeAttr, Binder binder, Object[] parameters, CultureInfo culture)
   at System.Delegate.DynamicInvokeImpl(Object[] args)
   at Microsoft.VisualStudio.TestPlatform.Utilities.MulticastDelegateUtilities.SafeInvoke(Delegate delegates, Object sender, Object args, String traceDisplayName).
TpTrace Error: 0 : 14752, 4, 2023/08/10, 22:57:26.669, 68484306831, vstest.console.dll, MulticastDelegateUtilities.SafeInvoke: 1: Invoking callback 1/Microsoft.VisualStudio.TestPlatform.CommandLine.Internal.ConsoleLogger for .InternalTestLoggerEvents.SendTestResult, failed after 0 ms with: System.Reflection.TargetInvocationException: Exception has been thrown by the target of an invocation.
 ---> System.ArgumentException: The parameter cannot be null or empty. (Parameter 'format')
   at Microsoft.VisualStudio.TestPlatform.Utilities.OutputExtensions.Format(String messageTypeFormat, String format, Object[] args)
   at Microsoft.VisualStudio.TestPlatform.Utilities.OutputExtensions.<>c__DisplayClass4_0.<Information>b__0()
   at Microsoft.VisualStudio.TestPlatform.Utilities.OutputExtensions.SetColorForAction(ConsoleColor foregroundColor, Action action)
   at Microsoft.VisualStudio.TestPlatform.CommandLine.Internal.ConsoleLogger.DisplayFullInformation(TestResult result)
   at Microsoft.VisualStudio.TestPlatform.CommandLine.Internal.ConsoleLogger.TestResultHandler(Object sender, TestResultEventArgs e)
   at InvokeStub_EventHandler`1.Invoke(Object, Object, IntPtr*)
   at System.Reflection.MethodInvoker.Invoke(Object obj, IntPtr* args, BindingFlags invokeAttr)
   --- End of inner exception stack trace ---
   at System.Reflection.MethodInvoker.Invoke(Object obj, IntPtr* args, BindingFlags invokeAttr)
   at System.Reflection.RuntimeMethodInfo.Invoke(Object obj, BindingFlags invokeAttr, Binder binder, Object[] parameters, CultureInfo culture)
   at System.Delegate.DynamicInvokeImpl(Object[] args)
   at Microsoft.VisualStudio.TestPlatform.Utilities.MulticastDelegateUtilities.SafeInvoke(Delegate delegates, Object sender, Object args, String traceDisplayName).
TpTrace Error: 0 : 14752, 4, 2023/08/10, 22:57:26.669, 68484313811, vstest.console.dll, MulticastDelegateUtilities.SafeInvoke: 1: Invoking callback 1/Microsoft.VisualStudio.TestPlatform.CommandLine.Internal.ConsoleLogger for .InternalTestLoggerEvents.SendTestResult, failed after 0 ms with: System.Reflection.TargetInvocationException: Exception has been thrown by the target of an invocation.
 ---> System.ArgumentException: The parameter cannot be null or empty. (Parameter 'format')
   at Microsoft.VisualStudio.TestPlatform.Utilities.OutputExtensions.Format(String messageTypeFormat, String format, Object[] args)
   at Microsoft.VisualStudio.TestPlatform.Utilities.OutputExtensions.<>c__DisplayClass4_0.<Information>b__0()
   at Microsoft.VisualStudio.TestPlatform.Utilities.OutputExtensions.SetColorForAction(ConsoleColor foregroundColor, Action action)
   at Microsoft.VisualStudio.TestPlatform.CommandLine.Internal.ConsoleLogger.DisplayFullInformation(TestResult result)
   at Microsoft.VisualStudio.TestPlatform.CommandLine.Internal.ConsoleLogger.TestResultHandler(Object sender, TestResultEventArgs e)
   at InvokeStub_EventHandler`1.Invoke(Object, Object, IntPtr*)
   at System.Reflection.MethodInvoker.Invoke(Object obj, IntPtr* args, BindingFlags invokeAttr)
   --- End of inner exception stack trace ---
   at System.Reflection.MethodInvoker.Invoke(Object obj, IntPtr* args, BindingFlags invokeAttr)
   at System.Reflection.RuntimeMethodInfo.Invoke(Object obj, BindingFlags invokeAttr, Binder binder, Object[] parameters, CultureInfo culture)
   at System.Delegate.DynamicInvokeImpl(Object[] args)
   at Microsoft.VisualStudio.TestPlatform.Utilities.MulticastDelegateUtilities.SafeInvoke(Delegate delegates, Object sender, Object args, String traceDisplayName).
TpTrace Verbose: 0 : 14752, 4, 2023/08/10, 22:57:26.670, 68484318122, vstest.console.dll, MulticastDelegateUtilities.SafeInvoke: InternalTestLoggerEvents.SendTestRunMessage: Invoking callback 1/1 for Microsoft.VisualStudio.TestPlatform.CommandLine.Internal.ConsoleLogger., took 0 ms.
TpTrace Verbose: 0 : 14752, 4, 2023/08/10, 22:57:26.670, 68484320206, vstest.console.dll, MulticastDelegateUtilities.SafeInvoke: InternalTestLoggerEvents.SendTestRunMessage: Invoking callback 1/1 for Microsoft.VisualStudio.TestPlatform.CommandLine.Internal.ConsoleLogger., took 0 ms.
TpTrace Verbose: 0 : 14752, 11, 2023/08/10, 22:57:26.672, 68484336671, vstest.console.dll, TcpClientExtensions.MessageLoopAsync: NotifyDataAvailable remoteEndPoint: 127.0.0.1:57437 localEndPoint: 127.0.0.1:57436
TpTrace Verbose: 0 : 14752, 11, 2023/08/10, 22:57:26.672, 68484340784, vstest.console.dll, TestRequestSender.OnExecutionMessageReceived: Received message: {"Version":7,"MessageType":"TestExecution.StatsChange","Payload":{"NewTestResults":[{"TestCase":{"Id":"681d4721-a271-2e1d-21a2-11a3558c4b43","FullyQualifiedName":"PetFindMeShop.Tests.ProductServiceTests.ProductAlreadyArchivedShouldReturnTrue","DisplayName":"ProductAlreadyArchivedShouldReturnTrue","ExecutorUri":"executor://NUnit3TestExecutor","Source":"C:\\Users\\Nik\\Documents\\PetFindMeShop\\PetFindMeShop.Tests\\bin\\Debug\\net6.0\\fine-code-coverage\\build-output\\PetFindMeShop.Tests.dll","CodeFilePath":null,"LineNumber":0,"Properties":[{"Key":{"Id":"NUnit.Seed","Label":"Seed","Category":"","Description":"","Attributes":0,"ValueType":"System.String"},"Value":"157808644"}]},"Attachments":[],"Outcome":2,"ErrorMessage":"OneTimeSetUp: System.ArgumentException : An item with the same key has already been added. Key: 98c666ac-9aee-80c3-5686-09db7fbb6556","ErrorStackTrace":"\n","DisplayName":"ProductAlreadyArchivedShouldReturnTrue","Messages":[],"ComputerName":"DESKTOP-P2GQVKQ","Duration":"00:00:00.0457220","StartTime":"2023-08-10T19:57:26.5736569+00:00","EndTime":"2023-08-10T19:57:26.6193792+00:00","Properties":[{"Key":{"Id":"NUnit.Seed","Label":"Seed","Category":"","Description":"","Attributes":0,"ValueType":"System.String"},"Value":"157808644"}]},{"TestCase":{"Id":"e9e9cf27-e428-431b-aef9-d81acecad825","FullyQualifiedName":"PetFindMeShop.Tests.ProductServiceTests.ProductAlreadyLikedShouldReturnFalse","DisplayName":"ProductAlreadyLikedShouldReturnFalse","ExecutorUri":"executor://NUnit3TestExecutor","Source":"C:\\Users\\Nik\\Documents\\PetFindMeShop\\PetFindMeShop.Tests\\bin\\Debug\\net6.0\\fine-code-coverage\\build-output\\PetFindMeShop.Tests.dll","CodeFilePath":null,"LineNumber":0,"Properties":[{"Key":{"Id":"NUnit.Seed","Label":"Seed","Category":"","Description":"","Attributes":0,"ValueType":"System.String"},"Value":"1728890116"}]},"Attachments":[],"Outcome":2,"ErrorMessage":"OneTimeSetUp: System.ArgumentException : An item with the same key has already been added. Key: 98c666ac-9aee-80c3-5686-09db7fbb6556","ErrorStackTrace":"\n","DisplayName":"ProductAlreadyLikedShouldReturnFalse","Messages":[],"ComputerName":"DESKTOP-P2GQVKQ","Duration":"00:00:00.0457300","StartTime":"2023-08-10T19:57:26.5736569+00:00","EndTime":"2023-08-10T19:57:26.6193873+00:00","Properties":[{"Key":{"Id":"NUnit.Seed","Label":"Seed","Category":"","Description":"","Attributes":0,"ValueType":"System.String"},"Value":"1728890116"}]},{"TestCase":{"Id":"3e82e68f-b0f7-77c7-925b-39e6a7f3b885","FullyQualifiedName":"PetFindMeShop.Tests.ProductServiceTests.ProductAlreadyLikedShouldReturnTrue","DisplayName":"ProductAlreadyLikedShouldReturnTrue","ExecutorUri":"executor://NUnit3TestExecutor","Source":"C:\\Users\\Nik\\Documents\\PetFindMeShop\\PetFindMeShop.Tests\\bin\\Debug\\net6.0\\fine-code-coverage\\build-output\\PetFindMeShop.Tests.dll","CodeFilePath":null,"LineNumber":0,"Properties":[{"Key":{"Id":"NUnit.Seed","Label":"Seed","Category":"","Description":"","Attributes":0,"ValueType":"System.String"},"Value":"2039628027"}]},"Attachments":[],"Outcome":2,"ErrorMessage":"OneTimeSetUp: System.ArgumentException : An item with the same key has already been added. Key: 98c666ac-9aee-80c3-5686-09db7fbb6556","ErrorStackTrace":"\n","DisplayName":"ProductAlreadyLikedShouldReturnTrue","Messages":[],"ComputerName":"DESKTOP-P2GQVKQ","Duration":"00:00:00.0457330","StartTime":"2023-08-10T19:57:26.5736569+00:00","EndTime":"2023-08-10T19:57:26.6193908+00:00","Properties":[{"Key":{"Id":"NUnit.Seed","Label":"Seed","Category":"","Description":"","Attributes":0,"ValueType":"System.String"},"Value":"2039628027"}]},{"TestCase":{"Id":"117cbd6b-2003-b407-a58e-9130ee8cd866","FullyQualifiedName":"PetFindMeShop.Tests.ProductServiceTests.ProductExistsByIdShouldReturnFalseWhenDoNotExist","DisplayName":"ProductExistsByIdShouldReturnFalseWhenDoNotExist","ExecutorUri":"executor://NUnit3TestExecutor","Source":"C:\\Users\\Nik\\Documents\\PetFindMeShop\\PetFindMeShop.Tests\\bin\\Debug\\net6.0\\fine-code-coverage\\build-output\\PetFindMeShop.Tests.dll","CodeFilePath":null,"LineNumber":0,"Properties":[{"Key":{"Id":"NUnit.Seed","Label":"Seed","Category":"","Description":"","Attributes":0,"ValueType":"System.String"},"Value":"1079792325"}]},"Attachments":[],"Outcome":2,"ErrorMessage":"OneTimeSetUp: System.ArgumentException : An item with the same key has already been added. Key: 98c666ac-9aee-80c3-5686-09db7fbb6556","ErrorStackTrace":"\n","DisplayName":"ProductExistsByIdShouldReturnFalseWhenDoNotExist","Messages":[],"ComputerName":"DESKTOP-P2GQVKQ","Duration":"00:00:00.0457360","StartTime":"2023-08-10T19:57:26.5736569+00:00","EndTime":"2023-08-10T19:57:26.6193936+00:00","Properties":[{"Key":{"Id":"NUnit.Seed","Label":"Seed","Category":"","Description":"","Attributes":0,"ValueType":"System.String"},"Value":"1079792325"}]},{"TestCase":{"Id":"5ac8b68a-478a-82b6-478f-10b0cc9504ee","FullyQualifiedName":"PetFindMeShop.Tests.ProductServiceTests.ProductExistsByIdShouldReturnTrueWhenExists","DisplayName":"ProductExistsByIdShouldReturnTrueWhenExists","ExecutorUri":"executor://NUnit3TestExecutor","Source":"C:\\Users\\Nik\\Documents\\PetFindMeShop\\PetFindMeShop.Tests\\bin\\Debug\\net6.0\\fine-code-coverage\\build-output\\PetFindMeShop.Tests.dll","CodeFilePath":null,"LineNumber":0,"Properties":[{"Key":{"Id":"NUnit.Seed","Label":"Seed","Category":"","Description":"","Attributes":0,"ValueType":"System.String"},"Value":"624007679"}]},"Attachments":[],"Outcome":2,"ErrorMessage":"OneTimeSetUp: System.ArgumentException : An item with the same key has already been added. Key: 98c666ac-9aee-80c3-5686-09db7fbb6556","ErrorStackTrace":"\n","DisplayName":"ProductExistsByIdShouldReturnTrueWhenExists","Messages":[],"ComputerName":"DESKTOP-P2GQVKQ","Duration":"00:00:00.0457390","StartTime":"2023-08-10T19:57:26.5736569+00:00","EndTime":"2023-08-10T19:57:26.6193963+00:00","Properties":[{"Key":{"Id":"NUnit.Seed","Label":"Seed","Category":"","Description":"","Attributes":0,"ValueType":"System.String"},"Value":"624007679"}]},{"TestCase":{"Id":"9dc9e61a-f445-b953-e25a-91942257ffb2","FullyQualifiedName":"PetFindMeShop.Tests.ProductServiceTests.RemoveProductFromLikedCollectionAsync","DisplayName":"RemoveProductFromLikedCollectionAsync","ExecutorUri":"executor://NUnit3TestExecutor","Source":"C:\\Users\\Nik\\Documents\\PetFindMeShop\\PetFindMeShop.Tests\\bin\\Debug\\net6.0\\fine-code-coverage\\build-output\\PetFindMeShop.Tests.dll","CodeFilePath":null,"LineNumber":0,"Properties":[{"Key":{"Id":"NUnit.Seed","Label":"Seed","Category":"","Description":"","Attributes":0,"ValueType":"System.String"},"Value":"177846033"}]},"Attachments":[],"Outcome":2,"ErrorMessage":"OneTimeSetUp: System.ArgumentException : An item with the same key has already been added. Key: 98c666ac-9aee-80c3-5686-09db7fbb6556","ErrorStackTrace":"\n","DisplayName":"RemoveProductFromLikedCollectionAsync","Messages":[],"ComputerName":"DESKTOP-P2GQVKQ","Duration":"00:00:00.0457420","StartTime":"2023-08-10T19:57:26.5736569+00:00","EndTime":"2023-08-10T19:57:26.619399+00:00","Properties":[{"Key":{"Id":"NUnit.Seed","Label":"Seed","Category":"","Description":"","Attributes":0,"ValueType":"System.String"},"Value":"177846033"}]},{"TestCase":{"Id":"a3d70052-1e9a-d6c8-b8e9-6320e7590d9f","FullyQualifiedName":"PetFindMeShop.Tests.ShopManagerServiceTests.GetManagerForEditByIdAShouldReturnManager","DisplayName":"GetManagerForEditByIdAShouldReturnManager","ExecutorUri":"executor://NUnit3TestExecutor","Source":"C:\\Users\\Nik\\Documents\\PetFindMeShop\\PetFindMeShop.Tests\\bin\\Debug\\net6.0\\fine-code-coverage\\build-output\\PetFindMeShop.Tests.dll","CodeFilePath":null,"LineNumber":0,"Properties":[{"Key":{"Id":"NUnit.Seed","Label":"Seed","Category":"","Description":"","Attributes":0,"ValueType":"System.String"},"Value":"414107560"}]},"Attachments":[],"Outcome":2,"ErrorMessage":"OneTimeSetUp: System.ArgumentException : An item with the same key has already been added. Key: 98c666ac-9aee-80c3-5686-09db7fbb6556","ErrorStackTrace":"\n","DisplayName":"GetManagerForEditByIdAShouldReturnManager","Messages":[],"ComputerName":"DESKTOP-P2GQVKQ","Duration":"00:00:00.0484610","StartTime":"2023-08-10T19:57:26.619557+00:00","EndTime":"2023-08-10T19:57:26.6680177+00:00","Properties":[{"Key":{"Id":"NUnit.Seed","Label":"Seed","Category":"","Description":"","Attributes":0,"ValueType":"System.String"},"Value":"414107560"}]},{"TestCase":{"Id":"db2e9dd2-db84-c4eb-0112-38d11a4eb35d","FullyQualifiedName":"PetFindMeShop.Tests.ShopManagerServiceTests.GetManagerIdByUserIdAShouldReturnTrue","DisplayName":"GetManagerIdByUserIdAShouldReturnTrue","ExecutorUri":"executor://NUnit3TestExecutor","Source":"C:\\Users\\Nik\\Documents\\PetFindMeShop\\PetFindMeShop.Tests\\bin\\Debug\\net6.0\\fine-code-coverage\\build-output\\PetFindMeShop.Tests.dll","CodeFilePath":null,"LineNumber":0,"Properties":[{"Key":{"Id":"NUnit.Seed","Label":"Seed","Category":"","Description":"","Attributes":0,"ValueType":"System.String"},"Value":"2143835002"}]},"Attachments":[],"Outcome":2,"ErrorMessage":"OneTimeSetUp: System.ArgumentException : An item with the same key has already been added. Key: 98c666ac-9aee-80c3-5686-09db7fbb6556","ErrorStackTrace":"\n","DisplayName":"GetManagerIdByUserIdAShouldReturnTrue","Messages":[],"ComputerName":"DESKTOP-P2GQVKQ","Duration":"00:00:00.0484940","StartTime":"2023-08-10T19:57:26.619557+00:00","EndTime":"2023-08-10T19:57:26.6680508+00:00","Properties":[{"Key":{"Id":"NUnit.Seed","Label":"Seed","Category":"","Description":"","Attributes":0,"ValueType":"System.String"},"Value":"2143835002"}]},{"TestCase":{"Id":"9f4707f8-ebfe-6de4-98ce-e36582f8a49e","FullyQualifiedName":"PetFindMeShop.Tests.ShopManagerServiceTests.ManagerExistsByOtherPhoneNumberhouldReturnTrueWhenExists","DisplayName":"ManagerExistsByOtherPhoneNumberhouldReturnTrueWhenExists","ExecutorUri":"executor://NUnit3TestExecutor","Source":"C:\\Users\\Nik\\Documents\\PetFindMeShop\\PetFindMeShop.Tests\\bin\\Debug\\net6.0\\fine-code-coverage\\build-output\\PetFindMeShop.Tests.dll","CodeFilePath":null,"LineNumber":0,"Properties":[{"Key":{"Id":"NUnit.Seed","Label":"Seed","Category":"","Description":"","Attributes":0,"ValueType":"System.String"},"Value":"446612757"}]},"Attachments":[],"Outcome":2,"ErrorMessage":"OneTimeSetUp: System.ArgumentException : An item with the same key has already been added. Key: 98c666ac-9aee-80c3-5686-09db7fbb6556","ErrorStackTrace":"\n","DisplayName":"ManagerExistsByOtherPhoneNumberhouldReturnTrueWhenExists","Messages":[],"ComputerName":"DESKTOP-P2GQVKQ","Duration":"00:00:00.0485150","StartTime":"2023-08-10T19:57:26.619557+00:00","EndTime":"2023-08-10T19:57:26.6680722+00:00","Properties":[{"Key":{"Id":"NUnit.Seed","Label":"Seed","Category":"","Description":"","Attributes":0,"ValueType":"System.String"},"Value":"446612757"}]},{"TestCase":{"Id":"93a9ecf8-39e5-bccb-e6de-234279fc4cd4","FullyQualifiedName":"PetFindMeShop.Tests.ShopManagerServiceTests.ManagerExistsByPhoneNumberShouldReturnTrueWhenExists","DisplayName":"ManagerExistsByPhoneNumberShouldReturnTrueWhenExists","ExecutorUri":"executor://NUnit3TestExecutor","Source":"C:\\Users\\Nik\\Documents\\PetFindMeShop\\PetFindMeShop.Tests\\bin\\Debug\\net6.0\\fine-code-coverage\\build-output\\PetFindMeShop.Tests.dll","CodeFilePath":null,"LineNumber":0,"Properties":[{"Key":{"Id":"NUnit.Seed","Label":"Seed","Category":"","Description":"","Attributes":0,"ValueType":"System.String"},"Value":"28262866"}]},"Attachments":[],"Outcome":2,"ErrorMessage":"OneTimeSetUp: System.ArgumentException : An item with the same key has already been added. Key: 98c666ac-9aee-80c3-5686-09db7fbb6556","ErrorStackTrace":"\n","DisplayName":"ManagerExistsByPhoneNumberShouldReturnTrueWhenExists","Messages":[],"ComputerName":"DESKTOP-P2GQVKQ","Duration":"00:00:00.0485270","StartTime":"2023-08-10T19:57:26.619557+00:00","EndTime":"2023-08-10T19:57:26.6680836+00:00","Properties":[{"Key":{"Id":"NUnit.Seed","Label":"Seed","Category":"","Description":"","Attributes":0,"ValueType":"System.String"},"Value":"28262866"}]}],"TestRunStatistics":{"ExecutedTests":20,"Stats":{"Passed":3,"Failed":17}},"ActiveTests":[]}}
TpTrace Verbose: 0 : 14752, 11, 2023/08/10, 22:57:26.674, 68484358919, vstest.console.dll, TestRunRequest:SendTestRunStatsChange: Starting.
TpTrace Verbose: 0 : 14752, 11, 2023/08/10, 22:57:26.674, 68484360265, vstest.console.dll, MulticastDelegateUtilities.SafeInvoke: TestRun.RunStatsChanged: Invoking callbacks was skipped because there are no subscribers.
TpTrace Information: 0 : 14752, 11, 2023/08/10, 22:57:26.674, 68484360685, vstest.console.dll, TestRunRequest:SendTestRunStatsChange: Completed.
TpTrace Verbose: 0 : 14752, 11, 2023/08/10, 22:57:26.674, 68484361006, vstest.console.dll, MulticastDelegateUtilities.SafeInvoke: LengthPrefixCommunicationChannel: MessageReceived: Invoking callback 1/1 for Microsoft.VisualStudio.TestPlatform.CommunicationUtilities.TestRequestSender+<>c__DisplayClass34_0., took 2 ms.
TpTrace Verbose: 0 : 14752, 11, 2023/08/10, 22:57:26.674, 68484361315, vstest.console.dll, TcpClientExtensions.MessageLoopAsync: Polling on remoteEndPoint: 127.0.0.1:57437 localEndPoint: 127.0.0.1:57436
TpTrace Error: 0 : 14752, 4, 2023/08/10, 22:57:26.675, 68484366600, vstest.console.dll, MulticastDelegateUtilities.SafeInvoke: 1: Invoking callback 1/Microsoft.VisualStudio.TestPlatform.CommandLine.Internal.ConsoleLogger for .InternalTestLoggerEvents.SendTestResult, failed after 0 ms with: System.Reflection.TargetInvocationException: Exception has been thrown by the target of an invocation.
 ---> System.ArgumentException: The parameter cannot be null or empty. (Parameter 'format')
   at Microsoft.VisualStudio.TestPlatform.Utilities.OutputExtensions.Format(String messageTypeFormat, String format, Object[] args)
   at Microsoft.VisualStudio.TestPlatform.Utilities.OutputExtensions.<>c__DisplayClass4_0.<Information>b__0()
   at Microsoft.VisualStudio.TestPlatform.Utilities.OutputExtensions.SetColorForAction(ConsoleColor foregroundColor, Action action)
   at Microsoft.VisualStudio.TestPlatform.CommandLine.Internal.ConsoleLogger.DisplayFullInformation(TestResult result)
   at Microsoft.VisualStudio.TestPlatform.CommandLine.Internal.ConsoleLogger.TestResultHandler(Object sender, TestResultEventArgs e)
   at InvokeStub_EventHandler`1.Invoke(Object, Object, IntPtr*)
   at System.Reflection.MethodInvoker.Invoke(Object obj, IntPtr* args, BindingFlags invokeAttr)
   --- End of inner exception stack trace ---
   at System.Reflection.MethodInvoker.Invoke(Object obj, IntPtr* args, BindingFlags invokeAttr)
   at System.Reflection.RuntimeMethodInfo.Invoke(Object obj, BindingFlags invokeAttr, Binder binder, Object[] parameters, CultureInfo culture)
   at System.Delegate.DynamicInvokeImpl(Object[] args)
   at Microsoft.VisualStudio.TestPlatform.Utilities.MulticastDelegateUtilities.SafeInvoke(Delegate delegates, Object sender, Object args, String traceDisplayName).
TpTrace Verbose: 0 : 14752, 11, 2023/08/10, 22:57:26.675, 68484373471, vstest.console.dll, TcpClientExtensions.MessageLoopAsync: NotifyDataAvailable remoteEndPoint: 127.0.0.1:57437 localEndPoint: 127.0.0.1:57436
TpTrace Error: 0 : 14752, 4, 2023/08/10, 22:57:26.675, 68484373433, vstest.console.dll, MulticastDelegateUtilities.SafeInvoke: 1: Invoking callback 1/Microsoft.VisualStudio.TestPlatform.CommandLine.Internal.ConsoleLogger for .InternalTestLoggerEvents.SendTestResult, failed after 0 ms with: System.Reflection.TargetInvocationException: Exception has been thrown by the target of an invocation.
 ---> System.ArgumentException: The parameter cannot be null or empty. (Parameter 'format')
   at Microsoft.VisualStudio.TestPlatform.Utilities.OutputExtensions.Format(String messageTypeFormat, String format, Object[] args)
   at Microsoft.VisualStudio.TestPlatform.Utilities.OutputExtensions.<>c__DisplayClass4_0.<Information>b__0()
   at Microsoft.VisualStudio.TestPlatform.Utilities.OutputExtensions.SetColorForAction(ConsoleColor foregroundColor, Action action)
   at Microsoft.VisualStudio.TestPlatform.CommandLine.Internal.ConsoleLogger.DisplayFullInformation(TestResult result)
   at Microsoft.VisualStudio.TestPlatform.CommandLine.Internal.ConsoleLogger.TestResultHandler(Object sender, TestResultEventArgs e)
   at InvokeStub_EventHandler`1.Invoke(Object, Object, IntPtr*)
   at System.Reflection.MethodInvoker.Invoke(Object obj, IntPtr* args, BindingFlags invokeAttr)
   --- End of inner exception stack trace ---
   at System.Reflection.MethodInvoker.Invoke(Object obj, IntPtr* args, BindingFlags invokeAttr)
   at System.Reflection.RuntimeMethodInfo.Invoke(Object obj, BindingFlags invokeAttr, Binder binder, Object[] parameters, CultureInfo culture)
   at System.Delegate.DynamicInvokeImpl(Object[] args)
   at Microsoft.VisualStudio.TestPlatform.Utilities.MulticastDelegateUtilities.SafeInvoke(Delegate delegates, Object sender, Object args, String traceDisplayName).
TpTrace Verbose: 0 : 14752, 11, 2023/08/10, 22:57:26.675, 68484374487, vstest.console.dll, TestRequestSender.OnExecutionMessageReceived: Received message: {"Version":7,"MessageType":"TestSession.Message","Payload":{"MessageLevel":1,"Message":"Setup failed for test fixture PetFindMeShop.Tests.ShopManagerServiceTests"}}
TpTrace Verbose: 0 : 14752, 11, 2023/08/10, 22:57:26.676, 68484376431, vstest.console.dll, TestRunRequest:SendTestRunMessage: Starting.
TpTrace Verbose: 0 : 14752, 11, 2023/08/10, 22:57:26.676, 68484377271, vstest.console.dll, MulticastDelegateUtilities.SafeInvoke: TestRun.LogMessages: Invoking callback 1/1 for Microsoft.VisualStudio.TestPlatform.CommandLine.TestRunResultAggregator., took 0 ms.
TpTrace Information: 0 : 14752, 11, 2023/08/10, 22:57:26.676, 68484377794, vstest.console.dll, TestRunRequest:SendTestRunMessage: Completed.
TpTrace Verbose: 0 : 14752, 11, 2023/08/10, 22:57:26.676, 68484378753, vstest.console.dll, MulticastDelegateUtilities.SafeInvoke: LengthPrefixCommunicationChannel: MessageReceived: Invoking callback 1/1 for Microsoft.VisualStudio.TestPlatform.CommunicationUtilities.TestRequestSender+<>c__DisplayClass34_0., took 0 ms.
TpTrace Verbose: 0 : 14752, 11, 2023/08/10, 22:57:26.676, 68484379443, vstest.console.dll, TcpClientExtensions.MessageLoopAsync: Polling on remoteEndPoint: 127.0.0.1:57437 localEndPoint: 127.0.0.1:57436
TpTrace Verbose: 0 : 14752, 11, 2023/08/10, 22:57:26.676, 68484380696, vstest.console.dll, TcpClientExtensions.MessageLoopAsync: NotifyDataAvailable remoteEndPoint: 127.0.0.1:57437 localEndPoint: 127.0.0.1:57436
TpTrace Verbose: 0 : 14752, 11, 2023/08/10, 22:57:26.676, 68484381999, vstest.console.dll, TestRequestSender.OnExecutionMessageReceived: Received message: {"Version":7,"MessageType":"TestSession.Message","Payload":{"MessageLevel":1,"Message":"System.ArgumentException : An item with the same key has already been added. Key: 98c666ac-9aee-80c3-5686-09db7fbb6556\nStackTrace:    at System.Collections.Generic.Dictionary`2.TryInsert(TKey key, TValue value, InsertionBehavior behavior)\r\n   at Microsoft.EntityFrameworkCore.InMemory.Storage.Internal.InMemoryTable`1.Create(IUpdateEntry entry)\r\n   at Microsoft.EntityFrameworkCore.InMemory.Storage.Internal.InMemoryStore.ExecuteTransaction(IList`1 entries, IDiagnosticsLogger`1 updateLogger)\r\n   at Microsoft.EntityFrameworkCore.InMemory.Storage.Internal.InMemoryDatabase.SaveChanges(IList`1 entries)\r\n   at Microsoft.EntityFrameworkCore.ChangeTracking.Internal.StateManager.SaveChanges(IList`1 entriesToSave)\r\n   at Microsoft.EntityFrameworkCore.ChangeTracking.Internal.StateManager.SaveChanges(StateManager stateManager, Boolean acceptAllChangesOnSuccess)\r\n   at Microsoft.EntityFrameworkCore.ChangeTracking.Internal.StateManager.<>c.<SaveChanges>b__104_0(DbContext _, ValueTuple`2 t)\r\n   at Microsoft.EntityFrameworkCore.Storage.NonRetryingExecutionStrategy.Execute[TState,TResult](TState state, Func`3 operation, Func`3 verifySucceeded)\r\n   at Microsoft.EntityFrameworkCore.ChangeTracking.Internal.StateManager.SaveChanges(Boolean acceptAllChangesOnSuccess)\r\n   at Microsoft.EntityFrameworkCore.DbContext.SaveChanges(Boolean acceptAllChangesOnSuccess)\r\n   at Microsoft.EntityFrameworkCore.DbContext.SaveChanges()\r\n   at PetFindMeShop.Tests.DatabaseSeeder.SeedDatabase(PetFindMeShopDbContext dbContext) in C:\\Users\\Nik\\Documents\\PetFindMeShop\\PetFindMeShop.Tests\\DatabaseSeeder.cs:line 234\r\n   at PetFindMeShop.Tests.ShopManagerServiceTests.OneTimeSetUp() in C:\\Users\\Nik\\Documents\\PetFindMeShop\\PetFindMeShop.Tests\\ShopManagerServiceTests.cs:line 28"}}
TpTrace Error: 0 : 14752, 4, 2023/08/10, 22:57:26.676, 68484382805, vstest.console.dll, MulticastDelegateUtilities.SafeInvoke: 1: Invoking callback 1/Microsoft.VisualStudio.TestPlatform.CommandLine.Internal.ConsoleLogger for .InternalTestLoggerEvents.SendTestResult, failed after 0 ms with: System.Reflection.TargetInvocationException: Exception has been thrown by the target of an invocation.
 ---> System.ArgumentException: The parameter cannot be null or empty. (Parameter 'format')
   at Microsoft.VisualStudio.TestPlatform.Utilities.OutputExtensions.Format(String messageTypeFormat, String format, Object[] args)
   at Microsoft.VisualStudio.TestPlatform.Utilities.OutputExtensions.<>c__DisplayClass4_0.<Information>b__0()
   at Microsoft.VisualStudio.TestPlatform.Utilities.OutputExtensions.SetColorForAction(ConsoleColor foregroundColor, Action action)
   at Microsoft.VisualStudio.TestPlatform.CommandLine.Internal.ConsoleLogger.DisplayFullInformation(TestResult result)
   at Microsoft.VisualStudio.TestPlatform.CommandLine.Internal.ConsoleLogger.TestResultHandler(Object sender, TestResultEventArgs e)
   at InvokeStub_EventHandler`1.Invoke(Object, Object, IntPtr*)
   at System.Reflection.MethodInvoker.Invoke(Object obj, IntPtr* args, BindingFlags invokeAttr)
   --- End of inner exception stack trace ---
   at System.Reflection.MethodInvoker.Invoke(Object obj, IntPtr* args, BindingFlags invokeAttr)
   at System.Reflection.RuntimeMethodInfo.Invoke(Object obj, BindingFlags invokeAttr, Binder binder, Object[] parameters, CultureInfo culture)
   at System.Delegate.DynamicInvokeImpl(Object[] args)
   at Microsoft.VisualStudio.TestPlatform.Utilities.MulticastDelegateUtilities.SafeInvoke(Delegate delegates, Object sender, Object args, String traceDisplayName).
TpTrace Verbose: 0 : 14752, 11, 2023/08/10, 22:57:26.676, 68484383539, vstest.console.dll, TestRunRequest:SendTestRunMessage: Starting.
TpTrace Verbose: 0 : 14752, 11, 2023/08/10, 22:57:26.676, 68484384348, vstest.console.dll, MulticastDelegateUtilities.SafeInvoke: TestRun.LogMessages: Invoking callback 1/1 for Microsoft.VisualStudio.TestPlatform.CommandLine.TestRunResultAggregator., took 0 ms.
TpTrace Information: 0 : 14752, 11, 2023/08/10, 22:57:26.677, 68484386052, vstest.console.dll, TestRunRequest:SendTestRunMessage: Completed.
TpTrace Verbose: 0 : 14752, 11, 2023/08/10, 22:57:26.677, 68484391177, vstest.console.dll, MulticastDelegateUtilities.SafeInvoke: LengthPrefixCommunicationChannel: MessageReceived: Invoking callback 1/1 for Microsoft.VisualStudio.TestPlatform.CommunicationUtilities.TestRequestSender+<>c__DisplayClass34_0., took 0 ms.
TpTrace Verbose: 0 : 14752, 11, 2023/08/10, 22:57:26.677, 68484391776, vstest.console.dll, TcpClientExtensions.MessageLoopAsync: Polling on remoteEndPoint: 127.0.0.1:57437 localEndPoint: 127.0.0.1:57436
TpTrace Verbose: 0 : 14752, 11, 2023/08/10, 22:57:26.681, 68484434672, vstest.console.dll, TcpClientExtensions.MessageLoopAsync: NotifyDataAvailable remoteEndPoint: 127.0.0.1:57437 localEndPoint: 127.0.0.1:57436
TpTrace Error: 0 : 14752, 4, 2023/08/10, 22:57:26.682, 68484435970, vstest.console.dll, MulticastDelegateUtilities.SafeInvoke: 1: Invoking callback 1/Microsoft.VisualStudio.TestPlatform.CommandLine.Internal.ConsoleLogger for .InternalTestLoggerEvents.SendTestResult, failed after 1 ms with: System.Reflection.TargetInvocationException: Exception has been thrown by the target of an invocation.
 ---> System.ArgumentException: The parameter cannot be null or empty. (Parameter 'format')
   at Microsoft.VisualStudio.TestPlatform.Utilities.OutputExtensions.Format(String messageTypeFormat, String format, Object[] args)
   at Microsoft.VisualStudio.TestPlatform.Utilities.OutputExtensions.<>c__DisplayClass4_0.<Information>b__0()
   at Microsoft.VisualStudio.TestPlatform.Utilities.OutputExtensions.SetColorForAction(ConsoleColor foregroundColor, Action action)
   at Microsoft.VisualStudio.TestPlatform.CommandLine.Internal.ConsoleLogger.DisplayFullInformation(TestResult result)
   at Microsoft.VisualStudio.TestPlatform.CommandLine.Internal.ConsoleLogger.TestResultHandler(Object sender, TestResultEventArgs e)
   at InvokeStub_EventHandler`1.Invoke(Object, Object, IntPtr*)
   at System.Reflection.MethodInvoker.Invoke(Object obj, IntPtr* args, BindingFlags invokeAttr)
   --- End of inner exception stack trace ---
   at System.Reflection.MethodInvoker.Invoke(Object obj, IntPtr* args, BindingFlags invokeAttr)
   at System.Reflection.RuntimeMethodInfo.Invoke(Object obj, BindingFlags invokeAttr, Binder binder, Object[] parameters, CultureInfo culture)
   at System.Delegate.DynamicInvokeImpl(Object[] args)
   at Microsoft.VisualStudio.TestPlatform.Utilities.MulticastDelegateUtilities.SafeInvoke(Delegate delegates, Object sender, Object args, String traceDisplayName).
TpTrace Verbose: 0 : 14752, 11, 2023/08/10, 22:57:26.682, 68484436821, vstest.console.dll, TestRequestSender.OnExecutionMessageReceived: Received message: {"Version":7,"MessageType":"TestSession.Message","Payload":{"MessageLevel":1,"Message":"Setup failed for test fixture PetFindMeShop.Tests.ShopServiceTests"}}
TpTrace Verbose: 0 : 14752, 11, 2023/08/10, 22:57:26.682, 68484438237, vstest.console.dll, TestRunRequest:SendTestRunMessage: Starting.
TpTrace Verbose: 0 : 14752, 11, 2023/08/10, 22:57:26.682, 68484439201, vstest.console.dll, MulticastDelegateUtilities.SafeInvoke: TestRun.LogMessages: Invoking callback 1/1 for Microsoft.VisualStudio.TestPlatform.CommandLine.TestRunResultAggregator., took 0 ms.
TpTrace Information: 0 : 14752, 11, 2023/08/10, 22:57:26.682, 68484439806, vstest.console.dll, TestRunRequest:SendTestRunMessage: Completed.
TpTrace Verbose: 0 : 14752, 11, 2023/08/10, 22:57:26.682, 68484440477, vstest.console.dll, MulticastDelegateUtilities.SafeInvoke: LengthPrefixCommunicationChannel: MessageReceived: Invoking callback 1/1 for Microsoft.VisualStudio.TestPlatform.CommunicationUtilities.TestRequestSender+<>c__DisplayClass34_0., took 0 ms.
TpTrace Verbose: 0 : 14752, 11, 2023/08/10, 22:57:26.682, 68484440968, vstest.console.dll, TcpClientExtensions.MessageLoopAsync: Polling on remoteEndPoint: 127.0.0.1:57437 localEndPoint: 127.0.0.1:57436
TpTrace Verbose: 0 : 14752, 11, 2023/08/10, 22:57:26.682, 68484442660, vstest.console.dll, TcpClientExtensions.MessageLoopAsync: NotifyDataAvailable remoteEndPoint: 127.0.0.1:57437 localEndPoint: 127.0.0.1:57436
TpTrace Verbose: 0 : 14752, 11, 2023/08/10, 22:57:26.682, 68484444007, vstest.console.dll, TestRequestSender.OnExecutionMessageReceived: Received message: {"Version":7,"MessageType":"TestSession.Message","Payload":{"MessageLevel":1,"Message":"System.ArgumentException : An item with the same key has already been added. Key: 98c666ac-9aee-80c3-5686-09db7fbb6556\nStackTrace:    at System.Collections.Generic.Dictionary`2.TryInsert(TKey key, TValue value, InsertionBehavior behavior)\r\n   at Microsoft.EntityFrameworkCore.InMemory.Storage.Internal.InMemoryTable`1.Create(IUpdateEntry entry)\r\n   at Microsoft.EntityFrameworkCore.InMemory.Storage.Internal.InMemoryStore.ExecuteTransaction(IList`1 entries, IDiagnosticsLogger`1 updateLogger)\r\n   at Microsoft.EntityFrameworkCore.InMemory.Storage.Internal.InMemoryDatabase.SaveChanges(IList`1 entries)\r\n   at Microsoft.EntityFrameworkCore.ChangeTracking.Internal.StateManager.SaveChanges(IList`1 entriesToSave)\r\n   at Microsoft.EntityFrameworkCore.ChangeTracking.Internal.StateManager.SaveChanges(StateManager stateManager, Boolean acceptAllChangesOnSuccess)\r\n   at Microsoft.EntityFrameworkCore.ChangeTracking.Internal.StateManager.<>c.<SaveChanges>b__104_0(DbContext _, ValueTuple`2 t)\r\n   at Microsoft.EntityFrameworkCore.Storage.NonRetryingExecutionStrategy.Execute[TState,TResult](TState state, Func`3 operation, Func`3 verifySucceeded)\r\n   at Microsoft.EntityFrameworkCore.ChangeTracking.Internal.StateManager.SaveChanges(Boolean acceptAllChangesOnSuccess)\r\n   at Microsoft.EntityFrameworkCore.DbContext.SaveChanges(Boolean acceptAllChangesOnSuccess)\r\n   at Microsoft.EntityFrameworkCore.DbContext.SaveChanges()\r\n   at PetFindMeShop.Tests.DatabaseSeeder.SeedDatabase(PetFindMeShopDbContext dbContext) in C:\\Users\\Nik\\Documents\\PetFindMeShop\\PetFindMeShop.Tests\\DatabaseSeeder.cs:line 234\r\n   at PetFindMeShop.Tests.ShopServiceTests.OneTimeSetUp() in C:\\Users\\Nik\\Documents\\PetFindMeShop\\PetFindMeShop.Tests\\ShopServiceTests.cs:line 25"}}
TpTrace Error: 0 : 14752, 4, 2023/08/10, 22:57:26.682, 68484445504, vstest.console.dll, MulticastDelegateUtilities.SafeInvoke: 1: Invoking callback 1/Microsoft.VisualStudio.TestPlatform.CommandLine.Internal.ConsoleLogger for .InternalTestLoggerEvents.SendTestResult, failed after 0 ms with: System.Reflection.TargetInvocationException: Exception has been thrown by the target of an invocation.
 ---> System.ArgumentException: The parameter cannot be null or empty. (Parameter 'format')
   at Microsoft.VisualStudio.TestPlatform.Utilities.OutputExtensions.Format(String messageTypeFormat, String format, Object[] args)
   at Microsoft.VisualStudio.TestPlatform.Utilities.OutputExtensions.<>c__DisplayClass4_0.<Information>b__0()
   at Microsoft.VisualStudio.TestPlatform.Utilities.OutputExtensions.SetColorForAction(ConsoleColor foregroundColor, Action action)
   at Microsoft.VisualStudio.TestPlatform.CommandLine.Internal.ConsoleLogger.DisplayFullInformation(TestResult result)
   at Microsoft.VisualStudio.TestPlatform.CommandLine.Internal.ConsoleLogger.TestResultHandler(Object sender, TestResultEventArgs e)
   at InvokeStub_EventHandler`1.Invoke(Object, Object, IntPtr*)
   at System.Reflection.MethodInvoker.Invoke(Object obj, IntPtr* args, BindingFlags invokeAttr)
   --- End of inner exception stack trace ---
   at System.Reflection.MethodInvoker.Invoke(Object obj, IntPtr* args, BindingFlags invokeAttr)
   at System.Reflection.RuntimeMethodInfo.Invoke(Object obj, BindingFlags invokeAttr, Binder binder, Object[] parameters, CultureInfo culture)
   at System.Delegate.DynamicInvokeImpl(Object[] args)
   at Microsoft.VisualStudio.TestPlatform.Utilities.MulticastDelegateUtilities.SafeInvoke(Delegate delegates, Object sender, Object args, String traceDisplayName).
TpTrace Verbose: 0 : 14752, 11, 2023/08/10, 22:57:26.682, 68484445556, vstest.console.dll, TestRunRequest:SendTestRunMessage: Starting.
TpTrace Verbose: 0 : 14752, 11, 2023/08/10, 22:57:26.683, 68484448000, vstest.console.dll, MulticastDelegateUtilities.SafeInvoke: TestRun.LogMessages: Invoking callback 1/1 for Microsoft.VisualStudio.TestPlatform.CommandLine.TestRunResultAggregator., took 0 ms.
TpTrace Information: 0 : 14752, 11, 2023/08/10, 22:57:26.683, 68484448597, vstest.console.dll, TestRunRequest:SendTestRunMessage: Completed.
TpTrace Verbose: 0 : 14752, 11, 2023/08/10, 22:57:26.683, 68484449086, vstest.console.dll, MulticastDelegateUtilities.SafeInvoke: LengthPrefixCommunicationChannel: MessageReceived: Invoking callback 1/1 for Microsoft.VisualStudio.TestPlatform.CommunicationUtilities.TestRequestSender+<>c__DisplayClass34_0., took 0 ms.
TpTrace Verbose: 0 : 14752, 11, 2023/08/10, 22:57:26.683, 68484449580, vstest.console.dll, TcpClientExtensions.MessageLoopAsync: Polling on remoteEndPoint: 127.0.0.1:57437 localEndPoint: 127.0.0.1:57436
TpTrace Error: 0 : 14752, 4, 2023/08/10, 22:57:26.683, 68484454246, vstest.console.dll, MulticastDelegateUtilities.SafeInvoke: 1: Invoking callback 1/Microsoft.VisualStudio.TestPlatform.CommandLine.Internal.ConsoleLogger for .InternalTestLoggerEvents.SendTestResult, failed after 0 ms with: System.Reflection.TargetInvocationException: Exception has been thrown by the target of an invocation.
 ---> System.ArgumentException: The parameter cannot be null or empty. (Parameter 'format')
   at Microsoft.VisualStudio.TestPlatform.Utilities.OutputExtensions.Format(String messageTypeFormat, String format, Object[] args)
   at Microsoft.VisualStudio.TestPlatform.Utilities.OutputExtensions.<>c__DisplayClass4_0.<Information>b__0()
   at Microsoft.VisualStudio.TestPlatform.Utilities.OutputExtensions.SetColorForAction(ConsoleColor foregroundColor, Action action)
   at Microsoft.VisualStudio.TestPlatform.CommandLine.Internal.ConsoleLogger.DisplayFullInformation(TestResult result)
   at Microsoft.VisualStudio.TestPlatform.CommandLine.Internal.ConsoleLogger.TestResultHandler(Object sender, TestResultEventArgs e)
   at InvokeStub_EventHandler`1.Invoke(Object, Object, IntPtr*)
   at System.Reflection.MethodInvoker.Invoke(Object obj, IntPtr* args, BindingFlags invokeAttr)
   --- End of inner exception stack trace ---
   at System.Reflection.MethodInvoker.Invoke(Object obj, IntPtr* args, BindingFlags invokeAttr)
   at System.Reflection.RuntimeMethodInfo.Invoke(Object obj, BindingFlags invokeAttr, Binder binder, Object[] parameters, CultureInfo culture)
   at System.Delegate.DynamicInvokeImpl(Object[] args)
   at Microsoft.VisualStudio.TestPlatform.Utilities.MulticastDelegateUtilities.SafeInvoke(Delegate delegates, Object sender, Object args, String traceDisplayName).
TpTrace Error: 0 : 14752, 4, 2023/08/10, 22:57:26.684, 68484460226, vstest.console.dll, MulticastDelegateUtilities.SafeInvoke: 1: Invoking callback 1/Microsoft.VisualStudio.TestPlatform.CommandLine.Internal.ConsoleLogger for .InternalTestLoggerEvents.SendTestResult, failed after 0 ms with: System.Reflection.TargetInvocationException: Exception has been thrown by the target of an invocation.
 ---> System.ArgumentException: The parameter cannot be null or empty. (Parameter 'format')
   at Microsoft.VisualStudio.TestPlatform.Utilities.OutputExtensions.Format(String messageTypeFormat, String format, Object[] args)
   at Microsoft.VisualStudio.TestPlatform.Utilities.OutputExtensions.<>c__DisplayClass4_0.<Information>b__0()
   at Microsoft.VisualStudio.TestPlatform.Utilities.OutputExtensions.SetColorForAction(ConsoleColor foregroundColor, Action action)
   at Microsoft.VisualStudio.TestPlatform.CommandLine.Internal.ConsoleLogger.DisplayFullInformation(TestResult result)
   at Microsoft.VisualStudio.TestPlatform.CommandLine.Internal.ConsoleLogger.TestResultHandler(Object sender, TestResultEventArgs e)
   at InvokeStub_EventHandler`1.Invoke(Object, Object, IntPtr*)
   at System.Reflection.MethodInvoker.Invoke(Object obj, IntPtr* args, BindingFlags invokeAttr)
   --- End of inner exception stack trace ---
   at System.Reflection.MethodInvoker.Invoke(Object obj, IntPtr* args, BindingFlags invokeAttr)
   at System.Reflection.RuntimeMethodInfo.Invoke(Object obj, BindingFlags invokeAttr, Binder binder, Object[] parameters, CultureInfo culture)
   at System.Delegate.DynamicInvokeImpl(Object[] args)
   at Microsoft.VisualStudio.TestPlatform.Utilities.MulticastDelegateUtilities.SafeInvoke(Delegate delegates, Object sender, Object args, String traceDisplayName).
TpTrace Error: 0 : 14752, 4, 2023/08/10, 22:57:26.686, 68484478243, vstest.console.dll, MulticastDelegateUtilities.SafeInvoke: 1: Invoking callback 1/Microsoft.VisualStudio.TestPlatform.CommandLine.Internal.ConsoleLogger for .InternalTestLoggerEvents.SendTestResult, failed after 1 ms with: System.Reflection.TargetInvocationException: Exception has been thrown by the target of an invocation.
 ---> System.ArgumentException: The parameter cannot be null or empty. (Parameter 'format')
   at Microsoft.VisualStudio.TestPlatform.Utilities.OutputExtensions.Format(String messageTypeFormat, String format, Object[] args)
   at Microsoft.VisualStudio.TestPlatform.Utilities.OutputExtensions.<>c__DisplayClass4_0.<Information>b__0()
   at Microsoft.VisualStudio.TestPlatform.Utilities.OutputExtensions.SetColorForAction(ConsoleColor foregroundColor, Action action)
   at Microsoft.VisualStudio.TestPlatform.CommandLine.Internal.ConsoleLogger.DisplayFullInformation(TestResult result)
   at Microsoft.VisualStudio.TestPlatform.CommandLine.Internal.ConsoleLogger.TestResultHandler(Object sender, TestResultEventArgs e)
   at InvokeStub_EventHandler`1.Invoke(Object, Object, IntPtr*)
   at System.Reflection.MethodInvoker.Invoke(Object obj, IntPtr* args, BindingFlags invokeAttr)
   --- End of inner exception stack trace ---
   at System.Reflection.MethodInvoker.Invoke(Object obj, IntPtr* args, BindingFlags invokeAttr)
   at System.Reflection.RuntimeMethodInfo.Invoke(Object obj, BindingFlags invokeAttr, Binder binder, Object[] parameters, CultureInfo culture)
   at System.Delegate.DynamicInvokeImpl(Object[] args)
   at Microsoft.VisualStudio.TestPlatform.Utilities.MulticastDelegateUtilities.SafeInvoke(Delegate delegates, Object sender, Object args, String traceDisplayName).
TpTrace Error: 0 : 14752, 4, 2023/08/10, 22:57:26.686, 68484484418, vstest.console.dll, MulticastDelegateUtilities.SafeInvoke: 1: Invoking callback 1/Microsoft.VisualStudio.TestPlatform.CommandLine.Internal.ConsoleLogger for .InternalTestLoggerEvents.SendTestResult, failed after 0 ms with: System.Reflection.TargetInvocationException: Exception has been thrown by the target of an invocation.
 ---> System.ArgumentException: The parameter cannot be null or empty. (Parameter 'format')
   at Microsoft.VisualStudio.TestPlatform.Utilities.OutputExtensions.Format(String messageTypeFormat, String format, Object[] args)
   at Microsoft.VisualStudio.TestPlatform.Utilities.OutputExtensions.<>c__DisplayClass4_0.<Information>b__0()
   at Microsoft.VisualStudio.TestPlatform.Utilities.OutputExtensions.SetColorForAction(ConsoleColor foregroundColor, Action action)
   at Microsoft.VisualStudio.TestPlatform.CommandLine.Internal.ConsoleLogger.DisplayFullInformation(TestResult result)
   at Microsoft.VisualStudio.TestPlatform.CommandLine.Internal.ConsoleLogger.TestResultHandler(Object sender, TestResultEventArgs e)
   at InvokeStub_EventHandler`1.Invoke(Object, Object, IntPtr*)
   at System.Reflection.MethodInvoker.Invoke(Object obj, IntPtr* args, BindingFlags invokeAttr)
   --- End of inner exception stack trace ---
   at System.Reflection.MethodInvoker.Invoke(Object obj, IntPtr* args, BindingFlags invokeAttr)
   at System.Reflection.RuntimeMethodInfo.Invoke(Object obj, BindingFlags invokeAttr, Binder binder, Object[] parameters, CultureInfo culture)
   at System.Delegate.DynamicInvokeImpl(Object[] args)
   at Microsoft.VisualStudio.TestPlatform.Utilities.MulticastDelegateUtilities.SafeInvoke(Delegate delegates, Object sender, Object args, String traceDisplayName).
TpTrace Error: 0 : 14752, 4, 2023/08/10, 22:57:26.687, 68484491216, vstest.console.dll, MulticastDelegateUtilities.SafeInvoke: 1: Invoking callback 1/Microsoft.VisualStudio.TestPlatform.CommandLine.Internal.ConsoleLogger for .InternalTestLoggerEvents.SendTestResult, failed after 0 ms with: System.Reflection.TargetInvocationException: Exception has been thrown by the target of an invocation.
 ---> System.ArgumentException: The parameter cannot be null or empty. (Parameter 'format')
   at Microsoft.VisualStudio.TestPlatform.Utilities.OutputExtensions.Format(String messageTypeFormat, String format, Object[] args)
   at Microsoft.VisualStudio.TestPlatform.Utilities.OutputExtensions.<>c__DisplayClass4_0.<Information>b__0()
   at Microsoft.VisualStudio.TestPlatform.Utilities.OutputExtensions.SetColorForAction(ConsoleColor foregroundColor, Action action)
   at Microsoft.VisualStudio.TestPlatform.CommandLine.Internal.ConsoleLogger.DisplayFullInformation(TestResult result)
   at Microsoft.VisualStudio.TestPlatform.CommandLine.Internal.ConsoleLogger.TestResultHandler(Object sender, TestResultEventArgs e)
   at InvokeStub_EventHandler`1.Invoke(Object, Object, IntPtr*)
   at System.Reflection.MethodInvoker.Invoke(Object obj, IntPtr* args, BindingFlags invokeAttr)
   --- End of inner exception stack trace ---
   at System.Reflection.MethodInvoker.Invoke(Object obj, IntPtr* args, BindingFlags invokeAttr)
   at System.Reflection.RuntimeMethodInfo.Invoke(Object obj, BindingFlags invokeAttr, Binder binder, Object[] parameters, CultureInfo culture)
   at System.Delegate.DynamicInvokeImpl(Object[] args)
   at Microsoft.VisualStudio.TestPlatform.Utilities.MulticastDelegateUtilities.SafeInvoke(Delegate delegates, Object sender, Object args, String traceDisplayName).
TpTrace Verbose: 0 : 14752, 4, 2023/08/10, 22:57:26.687, 68484493039, vstest.console.dll, MulticastDelegateUtilities.SafeInvoke: InternalTestLoggerEvents.SendTestRunMessage: Invoking callback 1/1 for Microsoft.VisualStudio.TestPlatform.CommandLine.Internal.ConsoleLogger., took 0 ms.
TpTrace Verbose: 0 : 14752, 4, 2023/08/10, 22:57:26.687, 68484494391, vstest.console.dll, MulticastDelegateUtilities.SafeInvoke: InternalTestLoggerEvents.SendTestRunMessage: Invoking callback 1/1 for Microsoft.VisualStudio.TestPlatform.CommandLine.Internal.ConsoleLogger., took 0 ms.
TpTrace Verbose: 0 : 14752, 4, 2023/08/10, 22:57:26.688, 68484495601, vstest.console.dll, MulticastDelegateUtilities.SafeInvoke: InternalTestLoggerEvents.SendTestRunMessage: Invoking callback 1/1 for Microsoft.VisualStudio.TestPlatform.CommandLine.Internal.ConsoleLogger., took 0 ms.
TpTrace Verbose: 0 : 14752, 4, 2023/08/10, 22:57:26.688, 68484497372, vstest.console.dll, MulticastDelegateUtilities.SafeInvoke: InternalTestLoggerEvents.SendTestRunMessage: Invoking callback 1/1 for Microsoft.VisualStudio.TestPlatform.CommandLine.Internal.ConsoleLogger., took 0 ms.
TpTrace Verbose: 0 : 14752, 11, 2023/08/10, 22:57:26.695, 68484571642, vstest.console.dll, TcpClientExtensions.MessageLoopAsync: NotifyDataAvailable remoteEndPoint: 127.0.0.1:57437 localEndPoint: 127.0.0.1:57436
TpTrace Verbose: 0 : 14752, 11, 2023/08/10, 22:57:26.695, 68484572973, vstest.console.dll, TestRequestSender.OnExecutionMessageReceived: Received message: {"Version":7,"MessageType":"TestSession.Message","Payload":{"MessageLevel":0,"Message":"NUnit Adapter 4.4.0.0: Test execution complete"}}
TpTrace Verbose: 0 : 14752, 11, 2023/08/10, 22:57:26.695, 68484574026, vstest.console.dll, TestRunRequest:SendTestRunMessage: Starting.
TpTrace Verbose: 0 : 14752, 11, 2023/08/10, 22:57:26.695, 68484574650, vstest.console.dll, MulticastDelegateUtilities.SafeInvoke: TestRun.LogMessages: Invoking callback 1/1 for Microsoft.VisualStudio.TestPlatform.CommandLine.TestRunResultAggregator., took 0 ms.
TpTrace Information: 0 : 14752, 11, 2023/08/10, 22:57:26.695, 68484574961, vstest.console.dll, TestRunRequest:SendTestRunMessage: Completed.
TpTrace Verbose: 0 : 14752, 11, 2023/08/10, 22:57:26.696, 68484575988, vstest.console.dll, MulticastDelegateUtilities.SafeInvoke: LengthPrefixCommunicationChannel: MessageReceived: Invoking callback 1/1 for Microsoft.VisualStudio.TestPlatform.CommunicationUtilities.TestRequestSender+<>c__DisplayClass34_0., took 0 ms.
TpTrace Verbose: 0 : 14752, 4, 2023/08/10, 22:57:26.695, 68484575056, vstest.console.dll, MulticastDelegateUtilities.SafeInvoke: InternalTestLoggerEvents.SendTestRunMessage: Invoking callback 1/1 for Microsoft.VisualStudio.TestPlatform.CommandLine.Internal.ConsoleLogger., took 0 ms.
TpTrace Verbose: 0 : 14752, 11, 2023/08/10, 22:57:26.696, 68484576431, vstest.console.dll, TcpClientExtensions.MessageLoopAsync: Polling on remoteEndPoint: 127.0.0.1:57437 localEndPoint: 127.0.0.1:57436
TpTrace Verbose: 0 : 14752, 11, 2023/08/10, 22:57:26.720, 68484816988, vstest.console.dll, TcpClientExtensions.MessageLoopAsync: NotifyDataAvailable remoteEndPoint: 127.0.0.1:57437 localEndPoint: 127.0.0.1:57436
TpTrace Verbose: 0 : 14752, 11, 2023/08/10, 22:57:26.720, 68484820031, vstest.console.dll, TestRequestSender.OnExecutionMessageReceived: Received message: {"Version":7,"MessageType":"TestExecution.Completed","Payload":{"TestRunCompleteArgs":{"TestRunStatistics":{"ExecutedTests":28,"Stats":{"Passed":3,"Failed":25}},"IsCanceled":false,"IsAborted":false,"Error":null,"AttachmentSets":[],"InvokedDataCollectors":[],"ElapsedTimeInRunningTests":"00:00:02.0492753","Metrics":{},"DiscoveredExtensions":{"TestDiscoverers":["NUnit.VisualStudio.TestAdapter.NUnit3TestDiscoverer, NUnit3.TestAdapter, Version=4.4.0.0, Culture=neutral, PublicKeyToken=4cb40d35494691ac"],"TestExecutors":["executor://NUnit3TestExecutor"],"TestExecutors2":[],"TestSettingsProviders":[]}},"LastRunTests":{"NewTestResults":[{"TestCase":{"Id":"c7bd14b4-344e-d711-7a3d-fc788451e4e0","FullyQualifiedName":"PetFindMeShop.Tests.ShopManagerServiceTests.ManagerExistsByUserIdShouldReturnFalseWhenDoNotExist","DisplayName":"ManagerExistsByUserIdShouldReturnFalseWhenDoNotExist","ExecutorUri":"executor://NUnit3TestExecutor","Source":"C:\\Users\\Nik\\Documents\\PetFindMeShop\\PetFindMeShop.Tests\\bin\\Debug\\net6.0\\fine-code-coverage\\build-output\\PetFindMeShop.Tests.dll","CodeFilePath":null,"LineNumber":0,"Properties":[{"Key":{"Id":"NUnit.Seed","Label":"Seed","Category":"","Description":"","Attributes":0,"ValueType":"System.String"},"Value":"570777992"}]},"Attachments":[],"Outcome":2,"ErrorMessage":"OneTimeSetUp: System.ArgumentException : An item with the same key has already been added. Key: 98c666ac-9aee-80c3-5686-09db7fbb6556","ErrorStackTrace":"\n","DisplayName":"ManagerExistsByUserIdShouldReturnFalseWhenDoNotExist","Messages":[],"ComputerName":"DESKTOP-P2GQVKQ","Duration":"00:00:00.0486460","StartTime":"2023-08-10T19:57:26.619557+00:00","EndTime":"2023-08-10T19:57:26.6682024+00:00","Properties":[{"Key":{"Id":"NUnit.Seed","Label":"Seed","Category":"","Description":"","Attributes":0,"ValueType":"System.String"},"Value":"570777992"}]},{"TestCase":{"Id":"91394955-56de-9f30-6536-52c701096ed8","FullyQualifiedName":"PetFindMeShop.Tests.ShopManagerServiceTests.ManagerExistsByUserIdShouldReturnTrueWhenExists","DisplayName":"ManagerExistsByUserIdShouldReturnTrueWhenExists","ExecutorUri":"executor://NUnit3TestExecutor","Source":"C:\\Users\\Nik\\Documents\\PetFindMeShop\\PetFindMeShop.Tests\\bin\\Debug\\net6.0\\fine-code-coverage\\build-output\\PetFindMeShop.Tests.dll","CodeFilePath":null,"LineNumber":0,"Properties":[{"Key":{"Id":"NUnit.Seed","Label":"Seed","Category":"","Description":"","Attributes":0,"ValueType":"System.String"},"Value":"1046980257"}]},"Attachments":[],"Outcome":2,"ErrorMessage":"OneTimeSetUp: System.ArgumentException : An item with the same key has already been added. Key: 98c666ac-9aee-80c3-5686-09db7fbb6556","ErrorStackTrace":"\n","DisplayName":"ManagerExistsByUserIdShouldReturnTrueWhenExists","Messages":[],"ComputerName":"DESKTOP-P2GQVKQ","Duration":"00:00:00.0486970","StartTime":"2023-08-10T19:57:26.619557+00:00","EndTime":"2023-08-10T19:57:26.6682538+00:00","Properties":[{"Key":{"Id":"NUnit.Seed","Label":"Seed","Category":"","Description":"","Attributes":0,"ValueType":"System.String"},"Value":"1046980257"}]},{"TestCase":{"Id":"83f533aa-c77d-11ea-57d4-1ecad412e65b","FullyQualifiedName":"PetFindMeShop.Tests.ShopManagerServiceTests.ManagerHasAccesShouldReturnFalse","DisplayName":"ManagerHasAccesShouldReturnFalse","ExecutorUri":"executor://NUnit3TestExecutor","Source":"C:\\Users\\Nik\\Documents\\PetFindMeShop\\PetFindMeShop.Tests\\bin\\Debug\\net6.0\\fine-code-coverage\\build-output\\PetFindMeShop.Tests.dll","CodeFilePath":null,"LineNumber":0,"Properties":[{"Key":{"Id":"NUnit.Seed","Label":"Seed","Category":"","Description":"","Attributes":0,"ValueType":"System.String"},"Value":"684228095"}]},"Attachments":[],"Outcome":2,"ErrorMessage":"OneTimeSetUp: System.ArgumentException : An item with the same key has already been added. Key: 98c666ac-9aee-80c3-5686-09db7fbb6556","ErrorStackTrace":"\n","DisplayName":"ManagerHasAccesShouldReturnFalse","Messages":[],"ComputerName":"DESKTOP-P2GQVKQ","Duration":"00:00:00.0487100","StartTime":"2023-08-10T19:57:26.619557+00:00","EndTime":"2023-08-10T19:57:26.6682663+00:00","Properties":[{"Key":{"Id":"NUnit.Seed","Label":"Seed","Category":"","Description":"","Attributes":0,"ValueType":"System.String"},"Value":"684228095"}]},{"TestCase":{"Id":"17958cde-e1b5-c0b8-2b60-46ac06837047","FullyQualifiedName":"PetFindMeShop.Tests.ShopManagerServiceTests.ManagerHasAccesShouldReturnTrue","DisplayName":"ManagerHasAccesShouldReturnTrue","ExecutorUri":"executor://NUnit3TestExecutor","Source":"C:\\Users\\Nik\\Documents\\PetFindMeShop\\PetFindMeShop.Tests\\bin\\Debug\\net6.0\\fine-code-coverage\\build-output\\PetFindMeShop.Tests.dll","CodeFilePath":null,"LineNumber":0,"Properties":[{"Key":{"Id":"NUnit.Seed","Label":"Seed","Category":"","Description":"","Attributes":0,"ValueType":"System.String"},"Value":"529109011"}]},"Attachments":[],"Outcome":2,"ErrorMessage":"OneTimeSetUp: System.ArgumentException : An item with the same key has already been added. Key: 98c666ac-9aee-80c3-5686-09db7fbb6556","ErrorStackTrace":"\n","DisplayName":"ManagerHasAccesShouldReturnTrue","Messages":[],"ComputerName":"DESKTOP-P2GQVKQ","Duration":"00:00:00.0487210","StartTime":"2023-08-10T19:57:26.619557+00:00","EndTime":"2023-08-10T19:57:26.6682783+00:00","Properties":[{"Key":{"Id":"NUnit.Seed","Label":"Seed","Category":"","Description":"","Attributes":0,"ValueType":"System.String"},"Value":"529109011"}]},{"TestCase":{"Id":"64d3d5e2-63ac-da02-d1f9-235b378e598e","FullyQualifiedName":"PetFindMeShop.Tests.ShopServiceTests.ShopExistsByIdReturnFalseWhenDoNotExist","DisplayName":"ShopExistsByIdReturnFalseWhenDoNotExist","ExecutorUri":"executor://NUnit3TestExecutor","Source":"C:\\Users\\Nik\\Documents\\PetFindMeShop\\PetFindMeShop.Tests\\bin\\Debug\\net6.0\\fine-code-coverage\\build-output\\PetFindMeShop.Tests.dll","CodeFilePath":null,"LineNumber":0,"Properties":[{"Key":{"Id":"NUnit.Seed","Label":"Seed","Category":"","Description":"","Attributes":0,"ValueType":"System.String"},"Value":"1955608276"}]},"Attachments":[],"Outcome":2,"ErrorMessage":"OneTimeSetUp: System.ArgumentException : An item with the same key has already been added. Key: 98c666ac-9aee-80c3-5686-09db7fbb6556","ErrorStackTrace":"\n","DisplayName":"ShopExistsByIdReturnFalseWhenDoNotExist","Messages":[],"ComputerName":"DESKTOP-P2GQVKQ","Duration":"00:00:00.0048090","StartTime":"2023-08-10T19:57:26.6683405+00:00","EndTime":"2023-08-10T19:57:26.6731494+00:00","Properties":[{"Key":{"Id":"NUnit.Seed","Label":"Seed","Category":"","Description":"","Attributes":0,"ValueType":"System.String"},"Value":"1955608276"}]},{"TestCase":{"Id":"ea682fc1-133b-b8b3-10b8-f605f5b0b3c2","FullyQualifiedName":"PetFindMeShop.Tests.ShopServiceTests.ShopExistsByIdReturnTrueWhenExists","DisplayName":"ShopExistsByIdReturnTrueWhenExists","ExecutorUri":"executor://NUnit3TestExecutor","Source":"C:\\Users\\Nik\\Documents\\PetFindMeShop\\PetFindMeShop.Tests\\bin\\Debug\\net6.0\\fine-code-coverage\\build-output\\PetFindMeShop.Tests.dll","CodeFilePath":null,"LineNumber":0,"Properties":[{"Key":{"Id":"NUnit.Seed","Label":"Seed","Category":"","Description":"","Attributes":0,"ValueType":"System.String"},"Value":"587487268"}]},"Attachments":[],"Outcome":2,"ErrorMessage":"OneTimeSetUp: System.ArgumentException : An item with the same key has already been added. Key: 98c666ac-9aee-80c3-5686-09db7fbb6556","ErrorStackTrace":"\n","DisplayName":"ShopExistsByIdReturnTrueWhenExists","Messages":[],"ComputerName":"DESKTOP-P2GQVKQ","Duration":"00:00:00.0048440","StartTime":"2023-08-10T19:57:26.6683405+00:00","EndTime":"2023-08-10T19:57:26.6731844+00:00","Properties":[{"Key":{"Id":"NUnit.Seed","Label":"Seed","Category":"","Description":"","Attributes":0,"ValueType":"System.String"},"Value":"587487268"}]},{"TestCase":{"Id":"3cd05eef-e2c8-9ab8-3fe1-fdeaab940b55","FullyQualifiedName":"PetFindMeShop.Tests.ShopServiceTests.ShopExistsByNameReturnFalseWhenDoNotExist","DisplayName":"ShopExistsByNameReturnFalseWhenDoNotExist","ExecutorUri":"executor://NUnit3TestExecutor","Source":"C:\\Users\\Nik\\Documents\\PetFindMeShop\\PetFindMeShop.Tests\\bin\\Debug\\net6.0\\fine-code-coverage\\build-output\\PetFindMeShop.Tests.dll","CodeFilePath":null,"LineNumber":0,"Properties":[{"Key":{"Id":"NUnit.Seed","Label":"Seed","Category":"","Description":"","Attributes":0,"ValueType":"System.String"},"Value":"169638976"}]},"Attachments":[],"Outcome":2,"ErrorMessage":"OneTimeSetUp: System.ArgumentException : An item with the same key has already been added. Key: 98c666ac-9aee-80c3-5686-09db7fbb6556","ErrorStackTrace":"\n","DisplayName":"ShopExistsByNameReturnFalseWhenDoNotExist","Messages":[],"ComputerName":"DESKTOP-P2GQVKQ","Duration":"00:00:00.0048490","StartTime":"2023-08-10T19:57:26.6683405+00:00","EndTime":"2023-08-10T19:57:26.6731895+00:00","Properties":[{"Key":{"Id":"NUnit.Seed","Label":"Seed","Category":"","Description":"","Attributes":0,"ValueType":"System.String"},"Value":"169638976"}]},{"TestCase":{"Id":"81718dee-64ec-89f4-9390-c2bdba4e555d","FullyQualifiedName":"PetFindMeShop.Tests.ShopServiceTests.ShopExistsByNameReturnTrueWhenExists","DisplayName":"ShopExistsByNameReturnTrueWhenExists","ExecutorUri":"executor://NUnit3TestExecutor","Source":"C:\\Users\\Nik\\Documents\\PetFindMeShop\\PetFindMeShop.Tests\\bin\\Debug\\net6.0\\fine-code-coverage\\build-output\\PetFindMeShop.Tests.dll","CodeFilePath":null,"LineNumber":0,"Properties":[{"Key":{"Id":"NUnit.Seed","Label":"Seed","Category":"","Description":"","Attributes":0,"ValueType":"System.String"},"Value":"2075861445"}]},"Attachments":[],"Outcome":2,"ErrorMessage":"OneTimeSetUp: System.ArgumentException : An item with the same key has already been added. Key: 98c666ac-9aee-80c3-5686-09db7fbb6556","ErrorStackTrace":"\n","DisplayName":"ShopExistsByNameReturnTrueWhenExists","Messages":[],"ComputerName":"DESKTOP-P2GQVKQ","Duration":"00:00:00.0048520","StartTime":"2023-08-10T19:57:26.6683405+00:00","EndTime":"2023-08-10T19:57:26.6731924+00:00","Properties":[{"Key":{"Id":"NUnit.Seed","Label":"Seed","Category":"","Description":"","Attributes":0,"ValueType":"System.String"},"Value":"2075861445"}]}],"TestRunStatistics":{"ExecutedTests":28,"Stats":{"Passed":3,"Failed":25}},"ActiveTests":[]},"RunAttachments":[],"ExecutorUris":["executor://nunit3testexecutor/"]}}
TpTrace Verbose: 0 : 14752, 11, 2023/08/10, 22:57:26.720, 68484823082, vstest.console.dll, TestRequestSender.EndSession: Sending end session.
TpTrace Verbose: 0 : 14752, 11, 2023/08/10, 22:57:26.720, 68484825346, vstest.console.dll, ProxyOperationManager.Close: waiting for test host to exit for 100 ms
TpTrace Warning: 0 : 14752, 7, 2023/08/10, 22:57:26.758, 68485204263, vstest.console.dll, TestHostManagerCallbacks.ErrorReceivedCallback Test host standard error line: 
TpTrace Verbose: 0 : 14752, 7, 2023/08/10, 22:57:26.782, 68485438205, vstest.console.dll, TestHostProvider.ExitCallBack: Host exited starting callback.
TpTrace Information: 0 : 14752, 7, 2023/08/10, 22:57:26.782, 68485440812, vstest.console.dll, TestHostManagerCallbacks.ExitCallBack: Testhost processId: 8988 exited with exitcode: 0 error: ''
TpTrace Verbose: 0 : 14752, 7, 2023/08/10, 22:57:26.782, 68485441374, vstest.console.dll, DotnetTestHostManager.OnHostExited: invoking OnHostExited callback
TpTrace Verbose: 0 : 14752, 7, 2023/08/10, 22:57:26.782, 68485441967, vstest.console.dll, CrossPlatEngine.TestHostManagerHostExited: calling on client process exit callback.
TpTrace Information: 0 : 14752, 7, 2023/08/10, 22:57:26.782, 68485442539, vstest.console.dll, TestRequestSender.OnClientProcessExit: Test host process exited. Standard error: 
TpTrace Information: 0 : 14752, 7, 2023/08/10, 22:57:26.782, 68485442969, vstest.console.dll, SocketServer.Stop: Stop server endPoint: 127.0.0.1:57436
TpTrace Information: 0 : 14752, 7, 2023/08/10, 22:57:26.782, 68485443292, vstest.console.dll, SocketServer.Stop: Cancellation requested. Stopping message loop.
TpTrace Information: 0 : 14752, 11, 2023/08/10, 22:57:26.782, 68485443596, vstest.console.dll, SocketServer.Stop: Stop server endPoint: 127.0.0.1:57436
TpTrace Information: 0 : 14752, 11, 2023/08/10, 22:57:26.782, 68485444147, vstest.console.dll, SocketServer.Stop: Cancellation requested. Stopping message loop.
TpTrace Verbose: 0 : 14752, 7, 2023/08/10, 22:57:26.782, 68485444184, vstest.console.dll, MulticastDelegateUtilities.SafeInvoke: HostProviderEvents.OnHostExited: Invoking callback 1/1 for Microsoft.VisualStudio.TestPlatform.CrossPlatEngine.Client.ProxyOperationManager., took 0 ms.
TpTrace Information: 0 : 14752, 11, 2023/08/10, 22:57:26.782, 68485444985, vstest.console.dll, Closing the connection
TpTrace Verbose: 0 : 14752, 11, 2023/08/10, 22:57:26.783, 68485447411, vstest.console.dll, ProxyDataCollectionManager.InvokeDataCollectionServiceAction: Starting.
TpTrace Information: 0 : 14752, 11, 2023/08/10, 22:57:26.783, 68485447921, vstest.console.dll, ProxyDataCollectionManager.AfterTestRunEnd: Get attachment set and invoked data collectors processId: 9208 port: 57433
TpTrace Verbose: 0 : 14752, 11, 2023/08/10, 22:57:26.783, 68485448397, vstest.console.dll, DataCollectionRequestSender.SendAfterTestRunStartAndGetResult: Send AfterTestRunEnd message with isCancelled: False
TpTrace Verbose: 0 : 14752, 11, 2023/08/10, 22:57:26.796, 68485581993, vstest.console.dll, DataCollectionRequestSender.SendAfterTestRunStartAndGetResult: Received message: (DataCollection.AfterTestRunEndResult) -> {"MessageType":"DataCollection.AfterTestRunEndResult","Payload":{"AttachmentSets":[],"InvokedDataCollectors":[{"Uri":"datacollector://Microsoft/TestPlatform/Extensions/Blame/v1","FriendlyName":"Blame","AssemblyQualifiedName":"Microsoft.TestPlatform.Extensions.BlameDataCollector.BlameCollector, Microsoft.TestPlatform.Extensions.BlameDataCollector, Version=15.0.0.0, Culture=neutral, PublicKeyToken=b03f5f7f11d50a3a","FilePath":"C:\\Program Files\\dotnet\\sdk\\7.0.302\\Extensions\\Microsoft.TestPlatform.Extensions.BlameDataCollector.dll","HasAttachmentProcessor":false}],"Metrics":{}}}
TpTrace Warning: 0 : 14752, 10, 2023/08/10, 22:57:26.802, 68485644161, vstest.console.dll, DataCollectionLauncher.ErrorReceivedCallback datacollector standard error line: 
TpTrace Information: 0 : 14752, 11, 2023/08/10, 22:57:26.804, 68485665606, vstest.console.dll, ProxyDataCollectionManager.InvokeDataCollectionServiceAction: Completed.
TpTrace Information: 0 : 14752, 10, 2023/08/10, 22:57:26.815, 68485768961, vstest.console.dll, DataCollectionLauncher.ExitCallBack: Data collector exited with exitcode: 0 error: ''
TpTrace Verbose: 0 : 14752, 11, 2023/08/10, 22:57:26.862, 68486237768, vstest.console.dll, TestRunRequest:SendTestRunStatsChange: Starting.
TpTrace Verbose: 0 : 14752, 11, 2023/08/10, 22:57:26.862, 68486239388, vstest.console.dll, MulticastDelegateUtilities.SafeInvoke: TestRun.RunStatsChanged: Invoking callbacks was skipped because there are no subscribers.
TpTrace Information: 0 : 14752, 11, 2023/08/10, 22:57:26.862, 68486240474, vstest.console.dll, TestRunRequest:SendTestRunStatsChange: Completed.
TpTrace Error: 0 : 14752, 4, 2023/08/10, 22:57:26.863, 68486246506, vstest.console.dll, MulticastDelegateUtilities.SafeInvoke: 1: Invoking callback 1/Microsoft.VisualStudio.TestPlatform.CommandLine.Internal.ConsoleLogger for .InternalTestLoggerEvents.SendTestResult, failed after 0 ms with: System.Reflection.TargetInvocationException: Exception has been thrown by the target of an invocation.
 ---> System.ArgumentException: The parameter cannot be null or empty. (Parameter 'format')
   at Microsoft.VisualStudio.TestPlatform.Utilities.OutputExtensions.Format(String messageTypeFormat, String format, Object[] args)
   at Microsoft.VisualStudio.TestPlatform.Utilities.OutputExtensions.<>c__DisplayClass4_0.<Information>b__0()
   at Microsoft.VisualStudio.TestPlatform.Utilities.OutputExtensions.SetColorForAction(ConsoleColor foregroundColor, Action action)
   at Microsoft.VisualStudio.TestPlatform.CommandLine.Internal.ConsoleLogger.DisplayFullInformation(TestResult result)
   at Microsoft.VisualStudio.TestPlatform.CommandLine.Internal.ConsoleLogger.TestResultHandler(Object sender, TestResultEventArgs e)
   at InvokeStub_EventHandler`1.Invoke(Object, Object, IntPtr*)
   at System.Reflection.MethodInvoker.Invoke(Object obj, IntPtr* args, BindingFlags invokeAttr)
   --- End of inner exception stack trace ---
   at System.Reflection.MethodInvoker.Invoke(Object obj, IntPtr* args, BindingFlags invokeAttr)
   at System.Reflection.RuntimeMethodInfo.Invoke(Object obj, BindingFlags invokeAttr, Binder binder, Object[] parameters, CultureInfo culture)
   at System.Delegate.DynamicInvokeImpl(Object[] args)
   at Microsoft.VisualStudio.TestPlatform.Utilities.MulticastDelegateUtilities.SafeInvoke(Delegate delegates, Object sender, Object args, String traceDisplayName).
TpTrace Verbose: 0 : 14752, 11, 2023/08/10, 22:57:26.863, 68486253515, vstest.console.dll, ParallelProxyExecutionManager: HandlePartialRunComplete: Total completed clients = 1, Run complete = True, Run canceled: False.
TpTrace Error: 0 : 14752, 4, 2023/08/10, 22:57:26.863, 68486255177, vstest.console.dll, MulticastDelegateUtilities.SafeInvoke: 1: Invoking callback 1/Microsoft.VisualStudio.TestPlatform.CommandLine.Internal.ConsoleLogger for .InternalTestLoggerEvents.SendTestResult, failed after 0 ms with: System.Reflection.TargetInvocationException: Exception has been thrown by the target of an invocation.
 ---> System.ArgumentException: The parameter cannot be null or empty. (Parameter 'format')
   at Microsoft.VisualStudio.TestPlatform.Utilities.OutputExtensions.Format(String messageTypeFormat, String format, Object[] args)
   at Microsoft.VisualStudio.TestPlatform.Utilities.OutputExtensions.<>c__DisplayClass4_0.<Information>b__0()
   at Microsoft.VisualStudio.TestPlatform.Utilities.OutputExtensions.SetColorForAction(ConsoleColor foregroundColor, Action action)
   at Microsoft.VisualStudio.TestPlatform.CommandLine.Internal.ConsoleLogger.DisplayFullInformation(TestResult result)
   at Microsoft.VisualStudio.TestPlatform.CommandLine.Internal.ConsoleLogger.TestResultHandler(Object sender, TestResultEventArgs e)
   at InvokeStub_EventHandler`1.Invoke(Object, Object, IntPtr*)
   at System.Reflection.MethodInvoker.Invoke(Object obj, IntPtr* args, BindingFlags invokeAttr)
   --- End of inner exception stack trace ---
   at System.Reflection.MethodInvoker.Invoke(Object obj, IntPtr* args, BindingFlags invokeAttr)
   at System.Reflection.RuntimeMethodInfo.Invoke(Object obj, BindingFlags invokeAttr, Binder binder, Object[] parameters, CultureInfo culture)
   at System.Delegate.DynamicInvokeImpl(Object[] args)
   at Microsoft.VisualStudio.TestPlatform.Utilities.MulticastDelegateUtilities.SafeInvoke(Delegate delegates, Object sender, Object args, String traceDisplayName).
TpTrace Error: 0 : 14752, 4, 2023/08/10, 22:57:26.864, 68486262887, vstest.console.dll, MulticastDelegateUtilities.SafeInvoke: 1: Invoking callback 1/Microsoft.VisualStudio.TestPlatform.CommandLine.Internal.ConsoleLogger for .InternalTestLoggerEvents.SendTestResult, failed after 0 ms with: System.Reflection.TargetInvocationException: Exception has been thrown by the target of an invocation.
 ---> System.ArgumentException: The parameter cannot be null or empty. (Parameter 'format')
   at Microsoft.VisualStudio.TestPlatform.Utilities.OutputExtensions.Format(String messageTypeFormat, String format, Object[] args)
   at Microsoft.VisualStudio.TestPlatform.Utilities.OutputExtensions.<>c__DisplayClass4_0.<Information>b__0()
   at Microsoft.VisualStudio.TestPlatform.Utilities.OutputExtensions.SetColorForAction(ConsoleColor foregroundColor, Action action)
   at Microsoft.VisualStudio.TestPlatform.CommandLine.Internal.ConsoleLogger.DisplayFullInformation(TestResult result)
   at Microsoft.VisualStudio.TestPlatform.CommandLine.Internal.ConsoleLogger.TestResultHandler(Object sender, TestResultEventArgs e)
   at InvokeStub_EventHandler`1.Invoke(Object, Object, IntPtr*)
   at System.Reflection.MethodInvoker.Invoke(Object obj, IntPtr* args, BindingFlags invokeAttr)
   --- End of inner exception stack trace ---
   at System.Reflection.MethodInvoker.Invoke(Object obj, IntPtr* args, BindingFlags invokeAttr)
   at System.Reflection.RuntimeMethodInfo.Invoke(Object obj, BindingFlags invokeAttr, Binder binder, Object[] parameters, CultureInfo culture)
   at System.Delegate.DynamicInvokeImpl(Object[] args)
   at Microsoft.VisualStudio.TestPlatform.Utilities.MulticastDelegateUtilities.SafeInvoke(Delegate delegates, Object sender, Object args, String traceDisplayName).
TpTrace Error: 0 : 14752, 4, 2023/08/10, 22:57:26.865, 68486271299, vstest.console.dll, MulticastDelegateUtilities.SafeInvoke: 1: Invoking callback 1/Microsoft.VisualStudio.TestPlatform.CommandLine.Internal.ConsoleLogger for .InternalTestLoggerEvents.SendTestResult, failed after 0 ms with: System.Reflection.TargetInvocationException: Exception has been thrown by the target of an invocation.
 ---> System.ArgumentException: The parameter cannot be null or empty. (Parameter 'format')
   at Microsoft.VisualStudio.TestPlatform.Utilities.OutputExtensions.Format(String messageTypeFormat, String format, Object[] args)
   at Microsoft.VisualStudio.TestPlatform.Utilities.OutputExtensions.<>c__DisplayClass4_0.<Information>b__0()
   at Microsoft.VisualStudio.TestPlatform.Utilities.OutputExtensions.SetColorForAction(ConsoleColor foregroundColor, Action action)
   at Microsoft.VisualStudio.TestPlatform.CommandLine.Internal.ConsoleLogger.DisplayFullInformation(TestResult result)
   at Microsoft.VisualStudio.TestPlatform.CommandLine.Internal.ConsoleLogger.TestResultHandler(Object sender, TestResultEventArgs e)
   at InvokeStub_EventHandler`1.Invoke(Object, Object, IntPtr*)
   at System.Reflection.MethodInvoker.Invoke(Object obj, IntPtr* args, BindingFlags invokeAttr)
   --- End of inner exception stack trace ---
   at System.Reflection.MethodInvoker.Invoke(Object obj, IntPtr* args, BindingFlags invokeAttr)
   at System.Reflection.RuntimeMethodInfo.Invoke(Object obj, BindingFlags invokeAttr, Binder binder, Object[] parameters, CultureInfo culture)
   at System.Delegate.DynamicInvokeImpl(Object[] args)
   at Microsoft.VisualStudio.TestPlatform.Utilities.MulticastDelegateUtilities.SafeInvoke(Delegate delegates, Object sender, Object args, String traceDisplayName).
TpTrace Error: 0 : 14752, 4, 2023/08/10, 22:57:26.866, 68486278600, vstest.console.dll, MulticastDelegateUtilities.SafeInvoke: 1: Invoking callback 1/Microsoft.VisualStudio.TestPlatform.CommandLine.Internal.ConsoleLogger for .InternalTestLoggerEvents.SendTestResult, failed after 0 ms with: System.Reflection.TargetInvocationException: Exception has been thrown by the target of an invocation.
 ---> System.ArgumentException: The parameter cannot be null or empty. (Parameter 'format')
   at Microsoft.VisualStudio.TestPlatform.Utilities.OutputExtensions.Format(String messageTypeFormat, String format, Object[] args)
   at Microsoft.VisualStudio.TestPlatform.Utilities.OutputExtensions.<>c__DisplayClass4_0.<Information>b__0()
   at Microsoft.VisualStudio.TestPlatform.Utilities.OutputExtensions.SetColorForAction(ConsoleColor foregroundColor, Action action)
   at Microsoft.VisualStudio.TestPlatform.CommandLine.Internal.ConsoleLogger.DisplayFullInformation(TestResult result)
   at Microsoft.VisualStudio.TestPlatform.CommandLine.Internal.ConsoleLogger.TestResultHandler(Object sender, TestResultEventArgs e)
   at InvokeStub_EventHandler`1.Invoke(Object, Object, IntPtr*)
   at System.Reflection.MethodInvoker.Invoke(Object obj, IntPtr* args, BindingFlags invokeAttr)
   --- End of inner exception stack trace ---
   at System.Reflection.MethodInvoker.Invoke(Object obj, IntPtr* args, BindingFlags invokeAttr)
   at System.Reflection.RuntimeMethodInfo.Invoke(Object obj, BindingFlags invokeAttr, Binder binder, Object[] parameters, CultureInfo culture)
   at System.Delegate.DynamicInvokeImpl(Object[] args)
   at Microsoft.VisualStudio.TestPlatform.Utilities.MulticastDelegateUtilities.SafeInvoke(Delegate delegates, Object sender, Object args, String traceDisplayName).
TpTrace Error: 0 : 14752, 4, 2023/08/10, 22:57:26.867, 68486285796, vstest.console.dll, MulticastDelegateUtilities.SafeInvoke: 1: Invoking callback 1/Microsoft.VisualStudio.TestPlatform.CommandLine.Internal.ConsoleLogger for .InternalTestLoggerEvents.SendTestResult, failed after 0 ms with: System.Reflection.TargetInvocationException: Exception has been thrown by the target of an invocation.
 ---> System.ArgumentException: The parameter cannot be null or empty. (Parameter 'format')
   at Microsoft.VisualStudio.TestPlatform.Utilities.OutputExtensions.Format(String messageTypeFormat, String format, Object[] args)
   at Microsoft.VisualStudio.TestPlatform.Utilities.OutputExtensions.<>c__DisplayClass4_0.<Information>b__0()
   at Microsoft.VisualStudio.TestPlatform.Utilities.OutputExtensions.SetColorForAction(ConsoleColor foregroundColor, Action action)
   at Microsoft.VisualStudio.TestPlatform.CommandLine.Internal.ConsoleLogger.DisplayFullInformation(TestResult result)
   at Microsoft.VisualStudio.TestPlatform.CommandLine.Internal.ConsoleLogger.TestResultHandler(Object sender, TestResultEventArgs e)
   at InvokeStub_EventHandler`1.Invoke(Object, Object, IntPtr*)
   at System.Reflection.MethodInvoker.Invoke(Object obj, IntPtr* args, BindingFlags invokeAttr)
   --- End of inner exception stack trace ---
   at System.Reflection.MethodInvoker.Invoke(Object obj, IntPtr* args, BindingFlags invokeAttr)
   at System.Reflection.RuntimeMethodInfo.Invoke(Object obj, BindingFlags invokeAttr, Binder binder, Object[] parameters, CultureInfo culture)
   at System.Delegate.DynamicInvokeImpl(Object[] args)
   at Microsoft.VisualStudio.TestPlatform.Utilities.MulticastDelegateUtilities.SafeInvoke(Delegate delegates, Object sender, Object args, String traceDisplayName).
TpTrace Error: 0 : 14752, 4, 2023/08/10, 22:57:26.867, 68486293237, vstest.console.dll, MulticastDelegateUtilities.SafeInvoke: 1: Invoking callback 1/Microsoft.VisualStudio.TestPlatform.CommandLine.Internal.ConsoleLogger for .InternalTestLoggerEvents.SendTestResult, failed after 0 ms with: System.Reflection.TargetInvocationException: Exception has been thrown by the target of an invocation.
 ---> System.ArgumentException: The parameter cannot be null or empty. (Parameter 'format')
   at Microsoft.VisualStudio.TestPlatform.Utilities.OutputExtensions.Format(String messageTypeFormat, String format, Object[] args)
   at Microsoft.VisualStudio.TestPlatform.Utilities.OutputExtensions.<>c__DisplayClass4_0.<Information>b__0()
   at Microsoft.VisualStudio.TestPlatform.Utilities.OutputExtensions.SetColorForAction(ConsoleColor foregroundColor, Action action)
   at Microsoft.VisualStudio.TestPlatform.CommandLine.Internal.ConsoleLogger.DisplayFullInformation(TestResult result)
   at Microsoft.VisualStudio.TestPlatform.CommandLine.Internal.ConsoleLogger.TestResultHandler(Object sender, TestResultEventArgs e)
   at InvokeStub_EventHandler`1.Invoke(Object, Object, IntPtr*)
   at System.Reflection.MethodInvoker.Invoke(Object obj, IntPtr* args, BindingFlags invokeAttr)
   --- End of inner exception stack trace ---
   at System.Reflection.MethodInvoker.Invoke(Object obj, IntPtr* args, BindingFlags invokeAttr)
   at System.Reflection.RuntimeMethodInfo.Invoke(Object obj, BindingFlags invokeAttr, Binder binder, Object[] parameters, CultureInfo culture)
   at System.Delegate.DynamicInvokeImpl(Object[] args)
   at Microsoft.VisualStudio.TestPlatform.Utilities.MulticastDelegateUtilities.SafeInvoke(Delegate delegates, Object sender, Object args, String traceDisplayName).
TpTrace Error: 0 : 14752, 4, 2023/08/10, 22:57:26.868, 68486301571, vstest.console.dll, MulticastDelegateUtilities.SafeInvoke: 1: Invoking callback 1/Microsoft.VisualStudio.TestPlatform.CommandLine.Internal.ConsoleLogger for .InternalTestLoggerEvents.SendTestResult, failed after 0 ms with: System.Reflection.TargetInvocationException: Exception has been thrown by the target of an invocation.
 ---> System.ArgumentException: The parameter cannot be null or empty. (Parameter 'format')
   at Microsoft.VisualStudio.TestPlatform.Utilities.OutputExtensions.Format(String messageTypeFormat, String format, Object[] args)
   at Microsoft.VisualStudio.TestPlatform.Utilities.OutputExtensions.<>c__DisplayClass4_0.<Information>b__0()
   at Microsoft.VisualStudio.TestPlatform.Utilities.OutputExtensions.SetColorForAction(ConsoleColor foregroundColor, Action action)
   at Microsoft.VisualStudio.TestPlatform.CommandLine.Internal.ConsoleLogger.DisplayFullInformation(TestResult result)
   at Microsoft.VisualStudio.TestPlatform.CommandLine.Internal.ConsoleLogger.TestResultHandler(Object sender, TestResultEventArgs e)
   at InvokeStub_EventHandler`1.Invoke(Object, Object, IntPtr*)
   at System.Reflection.MethodInvoker.Invoke(Object obj, IntPtr* args, BindingFlags invokeAttr)
   --- End of inner exception stack trace ---
   at System.Reflection.MethodInvoker.Invoke(Object obj, IntPtr* args, BindingFlags invokeAttr)
   at System.Reflection.RuntimeMethodInfo.Invoke(Object obj, BindingFlags invokeAttr, Binder binder, Object[] parameters, CultureInfo culture)
   at System.Delegate.DynamicInvokeImpl(Object[] args)
   at Microsoft.VisualStudio.TestPlatform.Utilities.MulticastDelegateUtilities.SafeInvoke(Delegate delegates, Object sender, Object args, String traceDisplayName).
TpTrace Verbose: 0 : 14752, 4, 2023/08/10, 22:57:26.883, 68486448919, vstest.console.dll, MulticastDelegateUtilities.SafeInvoke: InternalTestLoggerEvents.SendTestRunComplete: Invoking callback 1/2 for Microsoft.TestPlatform.Extensions.BlameDataCollector.BlameLogger., took 0 ms.
TpTrace Verbose: 0 : 14752, 4, 2023/08/10, 22:57:26.896, 68486577945, vstest.console.dll, MulticastDelegateUtilities.SafeInvoke: InternalTestLoggerEvents.SendTestRunComplete: Invoking callback 2/2 for Microsoft.VisualStudio.TestPlatform.CommandLine.Internal.ConsoleLogger., took 12 ms.
TpTrace Verbose: 0 : 14752, 11, 2023/08/10, 22:57:26.896, 68486583481, vstest.console.dll, TestRunRequest:TestRunComplete: Starting. IsAborted:False IsCanceled:False.
TpTrace Verbose: 0 : 14752, 11, 2023/08/10, 22:57:26.898, 68486603889, vstest.console.dll, TestLoggerManager.HandleTestRunComplete: Ignoring as the object is disposed.
TpTrace Verbose: 0 : 14752, 11, 2023/08/10, 22:57:26.899, 68486607208, vstest.console.dll, MulticastDelegateUtilities.SafeInvoke: TestRun.TestRunComplete: Invoking callback 1/2 for Microsoft.VisualStudio.TestPlatform.CommandLine.TestRunResultAggregator., took 0 ms.
TpTrace Verbose: 0 : 14752, 11, 2023/08/10, 22:57:26.899, 68486608953, vstest.console.dll, MulticastDelegateUtilities.SafeInvoke: TestRun.TestRunComplete: Invoking callback 2/2 for Microsoft.VisualStudio.TestPlatform.CommandLine.Processors.RunTestsArgumentExecutor+TestRunRequestEventsRegistrar., took 0 ms.
TpTrace Information: 0 : 14752, 11, 2023/08/10, 22:57:26.899, 68486610519, vstest.console.dll, TestRunRequest:TestRunComplete: Completed.
TpTrace Verbose: 0 : 14752, 11, 2023/08/10, 22:57:26.899, 68486611295, vstest.console.dll, TestRequestSender.SetOperationComplete: Setting operation complete.
TpTrace Verbose: 0 : 14752, 1, 2023/08/10, 22:57:26.899, 68486611384, vstest.console.dll, TestRunRequest.Dispose: Starting.
TpTrace Information: 0 : 14752, 11, 2023/08/10, 22:57:26.899, 68486611832, vstest.console.dll, SocketServer.Stop: Stop server endPoint: 127.0.0.1:57436
TpTrace Information: 0 : 14752, 1, 2023/08/10, 22:57:26.899, 68486612878, vstest.console.dll, TestRunRequest.Dispose: Completed.
TpTrace Information: 0 : 14752, 11, 2023/08/10, 22:57:26.899, 68486613299, vstest.console.dll, SocketServer.Stop: Cancellation requested. Stopping message loop.
TpTrace Information: 0 : 14752, 1, 2023/08/10, 22:57:26.899, 68486614219, vstest.console.dll, TestRequestManager.RunTests: run tests completed.
TpTrace Verbose: 0 : 14752, 11, 2023/08/10, 22:57:26.899, 68486614778, vstest.console.dll, MulticastDelegateUtilities.SafeInvoke: LengthPrefixCommunicationChannel: MessageReceived: Invoking callback 1/1 for Microsoft.VisualStudio.TestPlatform.CommunicationUtilities.TestRequestSender+<>c__DisplayClass34_0., took 179 ms.
TpTrace Information: 0 : 14752, 11, 2023/08/10, 22:57:26.900, 68486615872, vstest.console.dll, SocketServer.PrivateStop: Stopping server endPoint: 127.0.0.1:57436 error: 
TpTrace Information: 0 : 14752, 1, 2023/08/10, 22:57:26.900, 68486616688, vstest.console.dll, RunTestsArgumentProcessor:Execute: Test run is completed.
TpTrace Verbose: 0 : 14752, 1, 2023/08/10, 22:57:26.900, 68486620126, vstest.console.dll, Executor.Execute: Exiting with exit code of 1
TpTrace Verbose: 0 : 14752, 11, 2023/08/10, 22:57:26.900, 68486622844, vstest.console.dll, LengthPrefixCommunicationChannel.Dispose: Dispose reader and writer.
TpTrace Information: 0 : 14752, 11, 2023/08/10, 22:57:26.900, 68486624130, vstest.console.dll, SocketServer.Stop: Raise disconnected event endPoint: 127.0.0.1:57436 error: 
TpTrace Verbose: 0 : 14752, 11, 2023/08/10, 22:57:26.901, 68486625972, vstest.console.dll, TestRequestSender: OnTestRunAbort: Operation is already complete. Skip error message.
TpTrace Verbose: 0 : 14752, 11, 2023/08/10, 22:57:26.901, 68486626868, vstest.console.dll, MulticastDelegateUtilities.SafeInvoke: SocketServer: ClientDisconnected: Invoking callback 1/1 for Microsoft.VisualStudio.TestPlatform.CommunicationUtilities.TestRequestSender., took 0 ms.
TpTrace Verbose: 0 : 14752, 11, 2023/08/10, 22:57:26.901, 68486627512, vstest.console.dll, TcpClientExtensions.MessageLoopAsync: exiting MessageLoopAsync remoteEndPoint: 127.0.0.1:57437 localEndPoint: 127.0.0.1:57436
